{"numTotalTestSuites":77,"numPassedTestSuites":77,"numFailedTestSuites":0,"numPendingTestSuites":0,"numTotalTests":118,"numPassedTests":118,"numFailedTests":0,"numPendingTests":0,"numTodoTests":0,"snapshot":{"added":0,"failure":false,"filesAdded":0,"filesRemoved":0,"filesRemovedList":[],"filesUnmatched":0,"filesUpdated":0,"matched":0,"total":0,"unchecked":0,"uncheckedKeysByFile":[],"unmatched":0,"updated":0,"didUpdate":false},"startTime":1777440000406,"success":true,"testResults":[{"assertionResults":[{"ancestorTitles":["App"],"fullName":"App when rendered, then shows the app list page with Create App button","status":"passed","title":"when rendered, then shows the app list page with Create App button","duration":142.0854999999999,"failureMessages":[],"meta":{},"tags":[]}],"startTime":1777440002307,"endTime":1777440002449.0854,"status":"passed","message":"","name":"C:/Users/Kazum/Desktop/programming/AI/website/tddTodoApp/frontend/src/App.test.tsx"},{"assertionResults":[{"ancestorTitles":["AppForm","Happy Path - Rendering"],"fullName":"AppForm Happy Path - Rendering when rendered, then shows App Name input field","status":"passed","title":"when rendered, then shows App Name input field","duration":35.39730000000009,"failureMessages":[],"meta":{},"tags":[]},{"ancestorTitles":["AppForm","Happy Path - Rendering"],"fullName":"AppForm Happy Path - Rendering when rendered, then shows Cancel button","status":"passed","title":"when rendered, then shows Cancel button","duration":101.4898999999998,"failureMessages":[],"meta":{},"tags":[]},{"ancestorTitles":["AppForm","Happy Path - Rendering"],"fullName":"AppForm Happy Path - Rendering when rendered, then shows submit button (Create or Update)","status":"passed","title":"when rendered, then shows submit button (Create or Update)","duration":14.66229999999996,"failureMessages":[],"meta":{},"tags":[]},{"ancestorTitles":["AppForm","Validation Errors - Empty Name"],"fullName":"AppForm Validation Errors - Empty Name when submitted with empty name, then shows required validation error","status":"passed","title":"when submitted with empty name, then shows required validation error","duration":74.22219999999993,"failureMessages":[],"meta":{},"tags":[]},{"ancestorTitles":["AppForm","Validation Errors - Empty Name"],"fullName":"AppForm Validation Errors - Empty Name when submitted with empty name, then onSubmit is NOT called","status":"passed","title":"when submitted with empty name, then onSubmit is NOT called","duration":31.79599999999982,"failureMessages":[],"meta":{},"tags":[]},{"ancestorTitles":["AppForm","Validation Errors - Name Too Long"],"fullName":"AppForm Validation Errors - Name Too Long when submitted with name over 100 characters, then shows max length error","status":"passed","title":"when submitted with name over 100 characters, then shows max length error","duration":1663.5378,"failureMessages":[],"meta":{},"tags":[]},{"ancestorTitles":["AppForm","Validation Errors - Name Too Long"],"fullName":"AppForm Validation Errors - Name Too Long when submitted with name over 100 characters, then onSubmit is NOT called","status":"passed","title":"when submitted with name over 100 characters, then onSubmit is NOT called","duration":1494.8352000000004,"failureMessages":[],"meta":{},"tags":[]},{"ancestorTitles":["AppForm","Interaction - Cancel"],"fullName":"AppForm Interaction - Cancel when Cancel button clicked, then calls onCancel once","status":"passed","title":"when Cancel button clicked, then calls onCancel once","duration":20.841599999999744,"failureMessages":[],"meta":{},"tags":[]},{"ancestorTitles":["AppForm","Loading State"],"fullName":"AppForm Loading State when isLoading is true, then submit button is disabled","status":"passed","title":"when isLoading is true, then submit button is disabled","duration":13.348899999999958,"failureMessages":[],"meta":{},"tags":[]},{"ancestorTitles":["AppForm","Loading State"],"fullName":"AppForm Loading State when isLoading is false, then submit button is enabled","status":"passed","title":"when isLoading is false, then submit button is enabled","duration":5.566200000000208,"failureMessages":[],"meta":{},"tags":[]},{"ancestorTitles":["AppForm","Boundary Cases - Name Length"],"fullName":"AppForm Boundary Cases - Name Length when name has exactly 1 character (minimum), then onSubmit is called on submit","status":"passed","title":"when name has exactly 1 character (minimum), then onSubmit is called on submit","duration":92.65549999999985,"failureMessages":[],"meta":{},"tags":[]},{"ancestorTitles":["AppForm","Boundary Cases - Name Length"],"fullName":"AppForm Boundary Cases - Name Length when name has exactly 100 characters (maximum), then onSubmit is called on submit","status":"passed","title":"when name has exactly 100 characters (maximum), then onSubmit is called on submit","duration":1056.9097999999994,"failureMessages":[],"meta":{},"tags":[]},{"ancestorTitles":["AppForm","Pre-filled Form (Edit Mode)"],"fullName":"AppForm Pre-filled Form (Edit Mode) when defaultValue provided, then input is pre-filled","status":"passed","title":"when defaultValue provided, then input is pre-filled","duration":4.702900000000227,"failureMessages":[],"meta":{},"tags":[]}],"startTime":1777440002250,"endTime":1777440006861.703,"status":"passed","message":"","name":"C:/Users/Kazum/Desktop/programming/AI/website/tddTodoApp/frontend/src/features/app-create/components/AppForm.test.tsx"},{"assertionResults":[{"ancestorTitles":["AppCreatePage","Happy Path - Rendering"],"fullName":"AppCreatePage Happy Path - Rendering when rendered, then shows page title \"Create New App\"","status":"passed","title":"when rendered, then shows page title \"Create New App\"","duration":37.9864,"failureMessages":[],"meta":{},"tags":[]},{"ancestorTitles":["AppCreatePage","Happy Path - Rendering"],"fullName":"AppCreatePage Happy Path - Rendering when rendered, then shows App Name input","status":"passed","title":"when rendered, then shows App Name input","duration":12.25649999999996,"failureMessages":[],"meta":{},"tags":[]},{"ancestorTitles":["AppCreatePage","Happy Path - Rendering"],"fullName":"AppCreatePage Happy Path - Rendering when rendered, then shows Create submit button","status":"passed","title":"when rendered, then shows Create submit button","duration":118.02660000000014,"failureMessages":[],"meta":{},"tags":[]},{"ancestorTitles":["AppCreatePage","Happy Path - Rendering"],"fullName":"AppCreatePage Happy Path - Rendering when rendered, then shows Cancel button","status":"passed","title":"when rendered, then shows Cancel button","duration":17.142100000000028,"failureMessages":[],"meta":{},"tags":[]},{"ancestorTitles":["AppCreatePage","Happy Path - Successful Submission"],"fullName":"AppCreatePage Happy Path - Successful Submission when form submitted with valid name, then calls POST /api/v1/apps","status":"passed","title":"when form submitted with valid name, then calls POST /api/v1/apps","duration":243.74049999999988,"failureMessages":[],"meta":{},"tags":[]},{"ancestorTitles":["AppCreatePage","Happy Path - Successful Submission"],"fullName":"AppCreatePage Happy Path - Successful Submission when POST succeeds, then navigates away from create page","status":"passed","title":"when POST succeeds, then navigates away from create page","duration":200.54820000000018,"failureMessages":[],"meta":{},"tags":[]},{"ancestorTitles":["AppCreatePage","Error Cases - Duplicate Name (409)"],"fullName":"AppCreatePage Error Cases - Duplicate Name (409) when POST returns 409, then shows conflict error alert","status":"passed","title":"when POST returns 409, then shows conflict error alert","duration":281.14620000000014,"failureMessages":[],"meta":{},"tags":[]},{"ancestorTitles":["AppCreatePage","Error Cases - Duplicate Name (409)"],"fullName":"AppCreatePage Error Cases - Duplicate Name (409) when POST returns 409, then stays on create page","status":"passed","title":"when POST returns 409, then stays on create page","duration":328.6316999999999,"failureMessages":[],"meta":{},"tags":[]},{"ancestorTitles":["AppCreatePage","Error Cases - Validation (422)"],"fullName":"AppCreatePage Error Cases - Validation (422) when POST returns 422, then shows validation error alert","status":"passed","title":"when POST returns 422, then shows validation error alert","duration":125.90700000000015,"failureMessages":[],"meta":{},"tags":[]},{"ancestorTitles":["AppCreatePage","Loading State"],"fullName":"AppCreatePage Loading State when form is submitting, then Create button is disabled","status":"passed","title":"when form is submitting, then Create button is disabled","duration":217.86889999999994,"failureMessages":[],"meta":{},"tags":[]},{"ancestorTitles":["AppCreatePage","Interaction - Cancel Navigation"],"fullName":"AppCreatePage Interaction - Cancel Navigation when Cancel button clicked, then navigates away from create page","status":"passed","title":"when Cancel button clicked, then navigates away from create page","duration":71.53650000000016,"failureMessages":[],"meta":{},"tags":[]},{"ancestorTitles":["AppCreatePage","Boundary Cases - App Name Length"],"fullName":"AppCreatePage Boundary Cases - App Name Length when name has exactly 1 character (minimum), then POST is called on submit","status":"passed","title":"when name has exactly 1 character (minimum), then POST is called on submit","duration":139.89170000000013,"failureMessages":[],"meta":{},"tags":[]},{"ancestorTitles":["AppCreatePage","Boundary Cases - App Name Length"],"fullName":"AppCreatePage Boundary Cases - App Name Length when name has exactly 100 characters (maximum), then POST is called on submit","status":"passed","title":"when name has exactly 100 characters (maximum), then POST is called on submit","duration":1485.8257999999996,"failureMessages":[],"meta":{},"tags":[]},{"ancestorTitles":["AppCreatePage","Boundary Cases - App Name Length"],"fullName":"AppCreatePage Boundary Cases - App Name Length when name has 101 characters (over maximum), then POST is NOT called","status":"passed","title":"when name has 101 characters (over maximum), then POST is NOT called","duration":1086.4700000000003,"failureMessages":[],"meta":{},"tags":[]}],"startTime":1777440002299,"endTime":1777440006667.47,"status":"passed","message":"","name":"C:/Users/Kazum/Desktop/programming/AI/website/tddTodoApp/frontend/src/features/app-create/pages/AppCreatePage.test.tsx"},{"assertionResults":[{"ancestorTitles":["AppHeader","Happy Path - Rendering"],"fullName":"AppHeader Happy Path - Rendering when rendered, then shows app name","status":"passed","title":"when rendered, then shows app name","duration":28.11760000000004,"failureMessages":[],"meta":{},"tags":[]},{"ancestorTitles":["AppHeader","Happy Path - Rendering"],"fullName":"AppHeader Happy Path - Rendering when rendered, then shows createdAt timestamp","status":"passed","title":"when rendered, then shows createdAt timestamp","duration":5.958399999999983,"failureMessages":[],"meta":{},"tags":[]},{"ancestorTitles":["AppHeader","Happy Path - Rendering"],"fullName":"AppHeader Happy Path - Rendering when rendered, then shows Edit button","status":"passed","title":"when rendered, then shows Edit button","duration":110.2165,"failureMessages":[],"meta":{},"tags":[]},{"ancestorTitles":["AppHeader","Happy Path - Rendering"],"fullName":"AppHeader Happy Path - Rendering when rendered, then shows Delete button","status":"passed","title":"when rendered, then shows Delete button","duration":12.876400000000103,"failureMessages":[],"meta":{},"tags":[]},{"ancestorTitles":["AppHeader","Happy Path - Rendering"],"fullName":"AppHeader Happy Path - Rendering when rendered, then shows Back button","status":"passed","title":"when rendered, then shows Back button","duration":13.25909999999999,"failureMessages":[],"meta":{},"tags":[]},{"ancestorTitles":["AppHeader","Interaction - Back callback"],"fullName":"AppHeader Interaction - Back callback when Back button clicked, then calls onBack once","status":"passed","title":"when Back button clicked, then calls onBack once","duration":55.8125,"failureMessages":[],"meta":{},"tags":[]},{"ancestorTitles":["AppHeader","Interaction - Edit callback"],"fullName":"AppHeader Interaction - Edit callback when Edit button clicked, then calls onEdit once","status":"passed","title":"when Edit button clicked, then calls onEdit once","duration":31.193699999999808,"failureMessages":[],"meta":{},"tags":[]},{"ancestorTitles":["AppHeader","Interaction - Edit callback"],"fullName":"AppHeader Interaction - Edit callback when Edit button clicked, then does NOT call onDelete","status":"passed","title":"when Edit button clicked, then does NOT call onDelete","duration":62.571899999999914,"failureMessages":[],"meta":{},"tags":[]},{"ancestorTitles":["AppHeader","Interaction - Delete callback"],"fullName":"AppHeader Interaction - Delete callback when Delete button clicked, then calls onDelete once","status":"passed","title":"when Delete button clicked, then calls onDelete once","duration":47.92630000000008,"failureMessages":[],"meta":{},"tags":[]},{"ancestorTitles":["AppHeader","Interaction - Delete callback"],"fullName":"AppHeader Interaction - Delete callback when Delete button clicked, then does NOT call onEdit","status":"passed","title":"when Delete button clicked, then does NOT call onEdit","duration":60.64930000000004,"failureMessages":[],"meta":{},"tags":[]}],"startTime":1777440002236,"endTime":1777440002665.6494,"status":"passed","message":"","name":"C:/Users/Kazum/Desktop/programming/AI/website/tddTodoApp/frontend/src/features/app-detail/components/AppHeader.test.tsx"},{"assertionResults":[{"ancestorTitles":["TodoForm - edit mode","Happy Path - Pre-filled Form"],"fullName":"TodoForm - edit mode Happy Path - Pre-filled Form when in edit mode, then title field is pre-filled with existing title","status":"passed","title":"when in edit mode, then title field is pre-filled with existing title","duration":125.3397,"failureMessages":[],"meta":{},"tags":[]},{"ancestorTitles":["TodoForm - edit mode","Happy Path - Pre-filled Form"],"fullName":"TodoForm - edit mode Happy Path - Pre-filled Form when in edit mode, then status field is read-only (disabled)","status":"passed","title":"when in edit mode, then status field is read-only (disabled)","duration":9.561099999999897,"failureMessages":[],"meta":{},"tags":[]},{"ancestorTitles":["TodoForm - edit mode","Happy Path - Pre-filled Form"],"fullName":"TodoForm - edit mode Happy Path - Pre-filled Form when in edit mode, then Save button is visible","status":"passed","title":"when in edit mode, then Save button is visible","duration":14.928300000000036,"failureMessages":[],"meta":{},"tags":[]},{"ancestorTitles":["TodoForm - edit mode","Happy Path - Pre-filled Form"],"fullName":"TodoForm - edit mode Happy Path - Pre-filled Form when in edit mode, then Cancel button is visible","status":"passed","title":"when in edit mode, then Cancel button is visible","duration":14.003900000000158,"failureMessages":[],"meta":{},"tags":[]},{"ancestorTitles":["TodoForm - edit mode","Interaction - Cancel"],"fullName":"TodoForm - edit mode Interaction - Cancel when Cancel clicked, then calls onCancel without saving","status":"passed","title":"when Cancel clicked, then calls onCancel without saving","duration":37.61929999999984,"failureMessages":[],"meta":{},"tags":[]},{"ancestorTitles":["TodoForm - edit mode","Validation Errors - Empty Title"],"fullName":"TodoForm - edit mode Validation Errors - Empty Title when title is cleared and Save clicked, then shows validation error alert","status":"passed","title":"when title is cleared and Save clicked, then shows validation error alert","duration":78.6518000000001,"failureMessages":[],"meta":{},"tags":[]},{"ancestorTitles":["TodoForm - edit mode","Validation Errors - Empty Title"],"fullName":"TodoForm - edit mode Validation Errors - Empty Title when title is cleared and Save clicked, then onSuccess is NOT called","status":"passed","title":"when title is cleared and Save clicked, then onSuccess is NOT called","duration":62.91379999999981,"failureMessages":[],"meta":{},"tags":[]},{"ancestorTitles":["TodoForm - edit mode","Interaction - Save calls PUT API (edit mode)"],"fullName":"TodoForm - edit mode Interaction - Save calls PUT API (edit mode) when title edited and Save clicked in edit mode, then calls PUT API","status":"passed","title":"when title edited and Save clicked in edit mode, then calls PUT API","duration":342.38480000000027,"failureMessages":[],"meta":{},"tags":[]},{"ancestorTitles":["TodoForm - edit mode","Interaction - Save calls PUT API (edit mode)"],"fullName":"TodoForm - edit mode Interaction - Save calls PUT API (edit mode) when save succeeds in edit mode, then calls onSuccess callback","status":"passed","title":"when save succeeds in edit mode, then calls onSuccess callback","duration":312.5778,"failureMessages":[],"meta":{},"tags":[]},{"ancestorTitles":["TodoForm - edit mode","Interaction - Save calls PUT API (edit mode)"],"fullName":"TodoForm - edit mode Interaction - Save calls PUT API (edit mode) when Save is in flight in edit mode, then Save button is disabled","status":"passed","title":"when Save is in flight in edit mode, then Save button is disabled","duration":327.33749999999964,"failureMessages":[],"meta":{},"tags":[]},{"ancestorTitles":["TodoForm - edit mode","Boundary Cases - Title Length"],"fullName":"TodoForm - edit mode Boundary Cases - Title Length when title exceeds 255 characters, then shows max length validation error","status":"passed","title":"when title exceeds 255 characters, then shows max length validation error","duration":3184.9043,"failureMessages":[],"meta":{},"tags":[]},{"ancestorTitles":["TodoForm - create mode","Happy Path - Empty Form"],"fullName":"TodoForm - create mode Happy Path - Empty Form when in create mode, then title field is empty","status":"passed","title":"when in create mode, then title field is empty","duration":6.213000000000648,"failureMessages":[],"meta":{},"tags":[]},{"ancestorTitles":["TodoForm - create mode","Happy Path - Empty Form"],"fullName":"TodoForm - create mode Happy Path - Empty Form when in create mode, then status defaults to not completed (unchecked)","status":"passed","title":"when in create mode, then status defaults to not completed (unchecked)","duration":2.7533999999996013,"failureMessages":[],"meta":{},"tags":[]},{"ancestorTitles":["TodoForm - create mode","Happy Path - Empty Form"],"fullName":"TodoForm - create mode Happy Path - Empty Form when in create mode, then Create / Save button is visible","status":"passed","title":"when in create mode, then Create / Save button is visible","duration":4.783499999999549,"failureMessages":[],"meta":{},"tags":[]},{"ancestorTitles":["TodoForm - create mode","Validation Errors - Empty Title on Create"],"fullName":"TodoForm - create mode Validation Errors - Empty Title on Create when title is empty and Save clicked, then shows required validation error","status":"passed","title":"when title is empty and Save clicked, then shows required validation error","duration":68.52379999999994,"failureMessages":[],"meta":{},"tags":[]},{"ancestorTitles":["TodoForm - create mode","Interaction - Save calls POST API (create mode)"],"fullName":"TodoForm - create mode Interaction - Save calls POST API (create mode) when title entered and Save clicked in create mode, then calls POST API","status":"passed","title":"when title entered and Save clicked in create mode, then calls POST API","duration":293.1100999999999,"failureMessages":[],"meta":{},"tags":[]},{"ancestorTitles":["TodoForm - create mode","Interaction - Save calls POST API (create mode)"],"fullName":"TodoForm - create mode Interaction - Save calls POST API (create mode) when POST succeeds in create mode, then calls onSuccess callback","status":"passed","title":"when POST succeeds in create mode, then calls onSuccess callback","duration":329.3737000000001,"failureMessages":[],"meta":{},"tags":[]},{"ancestorTitles":["TodoForm - create mode","Interaction - Save calls POST API (create mode)"],"fullName":"TodoForm - create mode Interaction - Save calls POST API (create mode) when POST is in flight in create mode, then Save button is disabled","status":"passed","title":"when POST is in flight in create mode, then Save button is disabled","duration":326.8175000000001,"failureMessages":[],"meta":{},"tags":[]}],"startTime":1777440002276,"endTime":1777440007818.8174,"status":"passed","message":"","name":"C:/Users/Kazum/Desktop/programming/AI/website/tddTodoApp/frontend/src/features/app-detail/components/TodoForm.test.tsx"},{"assertionResults":[{"ancestorTitles":["TodoItem","Happy Path - Rendering"],"fullName":"TodoItem Happy Path - Rendering when rendered, then shows todo title","status":"passed","title":"when rendered, then shows todo title","duration":28.72510000000011,"failureMessages":[],"meta":{},"tags":[]},{"ancestorTitles":["TodoItem","Happy Path - Rendering"],"fullName":"TodoItem Happy Path - Rendering when todo is pending, then checkbox is unchecked","status":"passed","title":"when todo is pending, then checkbox is unchecked","duration":101.12169999999992,"failureMessages":[],"meta":{},"tags":[]},{"ancestorTitles":["TodoItem","Happy Path - Rendering"],"fullName":"TodoItem Happy Path - Rendering when todo is completed, then checkbox is checked","status":"passed","title":"when todo is completed, then checkbox is checked","duration":8.97700000000009,"failureMessages":[],"meta":{},"tags":[]},{"ancestorTitles":["TodoItem","Happy Path - Rendering"],"fullName":"TodoItem Happy Path - Rendering when rendered, then shows Edit button","status":"passed","title":"when rendered, then shows Edit button","duration":11.137499999999818,"failureMessages":[],"meta":{},"tags":[]},{"ancestorTitles":["TodoItem","Happy Path - Rendering"],"fullName":"TodoItem Happy Path - Rendering when rendered, then shows Delete button","status":"passed","title":"when rendered, then shows Delete button","duration":14.015800000000127,"failureMessages":[],"meta":{},"tags":[]},{"ancestorTitles":["TodoItem","Interaction - Edit Mode"],"fullName":"TodoItem Interaction - Edit Mode when Edit button clicked, then shows inline edit form with textbox","status":"passed","title":"when Edit button clicked, then shows inline edit form with textbox","duration":72.02600000000007,"failureMessages":[],"meta":{},"tags":[]},{"ancestorTitles":["TodoItem","Interaction - Edit Mode"],"fullName":"TodoItem Interaction - Edit Mode when Edit button clicked, then textbox is pre-filled with todo title","status":"passed","title":"when Edit button clicked, then textbox is pre-filled with todo title","duration":61.695700000000215,"failureMessages":[],"meta":{},"tags":[]},{"ancestorTitles":["TodoItem","Interaction - Edit Mode"],"fullName":"TodoItem Interaction - Edit Mode when in edit mode, then shows Cancel button","status":"passed","title":"when in edit mode, then shows Cancel button","duration":46.87570000000005,"failureMessages":[],"meta":{},"tags":[]},{"ancestorTitles":["TodoItem","Interaction - Edit Mode"],"fullName":"TodoItem Interaction - Edit Mode when in edit mode, then shows Save button","status":"passed","title":"when in edit mode, then shows Save button","duration":62.39409999999998,"failureMessages":[],"meta":{},"tags":[]},{"ancestorTitles":["TodoItem","Interaction - Delete with Confirmation"],"fullName":"TodoItem Interaction - Delete with Confirmation when Delete button clicked, then shows confirmation dialog","status":"passed","title":"when Delete button clicked, then shows confirmation dialog","duration":46.084899999999834,"failureMessages":[],"meta":{},"tags":[]},{"ancestorTitles":["TodoItem","Interaction - Delete with Confirmation"],"fullName":"TodoItem Interaction - Delete with Confirmation when delete confirmed, then calls DELETE API and invokes onRefresh","status":"passed","title":"when delete confirmed, then calls DELETE API and invokes onRefresh","duration":107.70879999999988,"failureMessages":[],"meta":{},"tags":[]},{"ancestorTitles":["TodoItem","Interaction - Delete with Confirmation"],"fullName":"TodoItem Interaction - Delete with Confirmation when delete confirmed, then shows success toast \"Todo deleted successfully\"","status":"passed","title":"when delete confirmed, then shows success toast \"Todo deleted successfully\"","duration":122.30589999999984,"failureMessages":[],"meta":{},"tags":[]},{"ancestorTitles":["TodoItem","Interaction - Delete with Confirmation"],"fullName":"TodoItem Interaction - Delete with Confirmation when delete cancelled, then dialog closes without calling onRefresh","status":"passed","title":"when delete cancelled, then dialog closes without calling onRefresh","duration":110.6827000000003,"failureMessages":[],"meta":{},"tags":[]},{"ancestorTitles":["TodoItem","Interaction - Checkbox Toggle"],"fullName":"TodoItem Interaction - Checkbox Toggle when checkbox clicked on pending todo, then calls PATCH/PUT API to mark completed","status":"passed","title":"when checkbox clicked on pending todo, then calls PATCH/PUT API to mark completed","duration":61.10590000000002,"failureMessages":[],"meta":{},"tags":[]}],"startTime":1777440002293,"endTime":1777440003148.106,"status":"passed","message":"","name":"C:/Users/Kazum/Desktop/programming/AI/website/tddTodoApp/frontend/src/features/app-detail/components/TodoItem.test.tsx"},{"assertionResults":[{"ancestorTitles":["TodoList","Happy Path - Multiple Todos"],"fullName":"TodoList Happy Path - Multiple Todos when todos provided, then renders each todo item","status":"passed","title":"when todos provided, then renders each todo item","duration":38.25980000000004,"failureMessages":[],"meta":{},"tags":[]},{"ancestorTitles":["TodoList","Happy Path - Multiple Todos"],"fullName":"TodoList Happy Path - Multiple Todos when todos provided, then renders correct number of edit buttons","status":"passed","title":"when todos provided, then renders correct number of edit buttons","duration":102.10940000000005,"failureMessages":[],"meta":{},"tags":[]},{"ancestorTitles":["TodoList","Happy Path - Multiple Todos"],"fullName":"TodoList Happy Path - Multiple Todos when todos provided, then renders correct number of delete buttons","status":"passed","title":"when todos provided, then renders correct number of delete buttons","duration":15.21530000000007,"failureMessages":[],"meta":{},"tags":[]},{"ancestorTitles":["TodoList","Happy Path - Multiple Todos"],"fullName":"TodoList Happy Path - Multiple Todos when completed todo provided, then its checkbox is checked","status":"passed","title":"when completed todo provided, then its checkbox is checked","duration":10.04690000000005,"failureMessages":[],"meta":{},"tags":[]},{"ancestorTitles":["TodoList","Edge Case - Empty List"],"fullName":"TodoList Edge Case - Empty List when no todos, then shows empty state message","status":"passed","title":"when no todos, then shows empty state message","duration":2.6920000000000073,"failureMessages":[],"meta":{},"tags":[]},{"ancestorTitles":["TodoList","Edge Case - Empty List"],"fullName":"TodoList Edge Case - Empty List when no todos, then does not render any checkboxes","status":"passed","title":"when no todos, then does not render any checkboxes","duration":1.6056999999998425,"failureMessages":[],"meta":{},"tags":[]}],"startTime":1777440002304,"endTime":1777440002474.6057,"status":"passed","message":"","name":"C:/Users/Kazum/Desktop/programming/AI/website/tddTodoApp/frontend/src/features/app-detail/components/TodoList.test.tsx"},{"assertionResults":[{"ancestorTitles":["AppDetailPage","Happy Path - Loading & Rendering"],"fullName":"AppDetailPage Happy Path - Loading & Rendering when page loads, then shows app name after data fetches","status":"passed","title":"when page loads, then shows app name after data fetches","duration":70.0920000000001,"failureMessages":[],"meta":{},"tags":[]},{"ancestorTitles":["AppDetailPage","Happy Path - Loading & Rendering"],"fullName":"AppDetailPage Happy Path - Loading & Rendering when page loads, then shows todos after data fetches","status":"passed","title":"when page loads, then shows todos after data fetches","duration":34.2820999999999,"failureMessages":[],"meta":{},"tags":[]},{"ancestorTitles":["AppDetailPage","Happy Path - Loading & Rendering"],"fullName":"AppDetailPage Happy Path - Loading & Rendering when page loads, then shows Edit button in header","status":"passed","title":"when page loads, then shows Edit button in header","duration":97.17849999999999,"failureMessages":[],"meta":{},"tags":[]},{"ancestorTitles":["AppDetailPage","Happy Path - Loading & Rendering"],"fullName":"AppDetailPage Happy Path - Loading & Rendering when page loads, then shows Delete button in header","status":"passed","title":"when page loads, then shows Delete button in header","duration":42.53830000000016,"failureMessages":[],"meta":{},"tags":[]},{"ancestorTitles":["AppDetailPage","Happy Path - Loading & Rendering"],"fullName":"AppDetailPage Happy Path - Loading & Rendering when page loads, then shows Create Todo button","status":"passed","title":"when page loads, then shows Create Todo button","duration":27.1545000000001,"failureMessages":[],"meta":{},"tags":[]},{"ancestorTitles":["AppDetailPage","Timestamps Display"],"fullName":"AppDetailPage Timestamps Display when page loads, then shows createdAt date","status":"passed","title":"when page loads, then shows createdAt date","duration":6.5470000000000255,"failureMessages":[],"meta":{},"tags":[]},{"ancestorTitles":["AppDetailPage","Interaction - Delete App"],"fullName":"AppDetailPage Interaction - Delete App when Delete App button clicked, then shows confirmation dialog","status":"passed","title":"when Delete App button clicked, then shows confirmation dialog","duration":78.97640000000001,"failureMessages":[],"meta":{},"tags":[]},{"ancestorTitles":["AppDetailPage","Interaction - Delete App"],"fullName":"AppDetailPage Interaction - Delete App when delete is cancelled, then dialog closes and page stays unchanged","status":"passed","title":"when delete is cancelled, then dialog closes and page stays unchanged","duration":123.6903000000002,"failureMessages":[],"meta":{},"tags":[]},{"ancestorTitles":["AppDetailPage","Interaction - Delete App"],"fullName":"AppDetailPage Interaction - Delete App when delete confirmed, then calls DELETE API for the app","status":"passed","title":"when delete confirmed, then calls DELETE API for the app","duration":108.61580000000004,"failureMessages":[],"meta":{},"tags":[]},{"ancestorTitles":["AppDetailPage","Interaction - Delete App"],"fullName":"AppDetailPage Interaction - Delete App when delete confirmed, then shows success toast with \"App deleted successfully\"","status":"passed","title":"when delete confirmed, then shows success toast with \"App deleted successfully\"","duration":122.98680000000013,"failureMessages":[],"meta":{},"tags":[]},{"ancestorTitles":["AppDetailPage","Interaction - Delete App"],"fullName":"AppDetailPage Interaction - Delete App when delete confirmed, then navigates away from app detail","status":"passed","title":"when delete confirmed, then navigates away from app detail","duration":110.41550000000007,"failureMessages":[],"meta":{},"tags":[]},{"ancestorTitles":["AppDetailPage","Interaction - Edit App Navigation"],"fullName":"AppDetailPage Interaction - Edit App Navigation when Edit button clicked, then navigates to app-edit page","status":"passed","title":"when Edit button clicked, then navigates to app-edit page","duration":92.57510000000002,"failureMessages":[],"meta":{},"tags":[]},{"ancestorTitles":["AppDetailPage","Interaction - Create Todo"],"fullName":"AppDetailPage Interaction - Create Todo when Create Todo button clicked, then shows inline create form","status":"passed","title":"when Create Todo button clicked, then shows inline create form","duration":83.05390000000034,"failureMessages":[],"meta":{},"tags":[]},{"ancestorTitles":["AppDetailPage","Error Handling"],"fullName":"AppDetailPage Error Handling when app API returns 404, then shows not found error","status":"passed","title":"when app API returns 404, then shows not found error","duration":26.47499999999991,"failureMessages":[],"meta":{},"tags":[]}],"startTime":1777440002310,"endTime":1777440003335.475,"status":"passed","message":"","name":"C:/Users/Kazum/Desktop/programming/AI/website/tddTodoApp/frontend/src/features/app-detail/pages/AppDetailPage.test.tsx"},{"assertionResults":[{"ancestorTitles":["AppCard","Happy Path - Rendering"],"fullName":"AppCard Happy Path - Rendering when rendered, then shows app name","status":"passed","title":"when rendered, then shows app name","duration":26.91780000000017,"failureMessages":[],"meta":{},"tags":[]},{"ancestorTitles":["AppCard","Happy Path - Rendering"],"fullName":"AppCard Happy Path - Rendering when rendered, then shows created date","status":"passed","title":"when rendered, then shows created date","duration":3.9586000000001604,"failureMessages":[],"meta":{},"tags":[]},{"ancestorTitles":["AppCard","Happy Path - Rendering"],"fullName":"AppCard Happy Path - Rendering when rendered, then shows View button","status":"passed","title":"when rendered, then shows View button","duration":101.1223,"failureMessages":[],"meta":{},"tags":[]},{"ancestorTitles":["AppCard","Interaction - Navigation"],"fullName":"AppCard Interaction - Navigation when View button clicked, then onView callback is invoked","status":"passed","title":"when View button clicked, then onView callback is invoked","duration":62.666999999999916,"failureMessages":[],"meta":{},"tags":[]},{"ancestorTitles":["AppCard","Interaction - Navigation"],"fullName":"AppCard Interaction - Navigation when View button clicked, then callback receives app id","status":"passed","title":"when View button clicked, then callback receives app id","duration":48.503799999999956,"failureMessages":[],"meta":{},"tags":[]}],"startTime":1777440002235,"endTime":1777440002479.504,"status":"passed","message":"","name":"C:/Users/Kazum/Desktop/programming/AI/website/tddTodoApp/frontend/src/features/app-list/components/AppCard.test.tsx"},{"assertionResults":[{"ancestorTitles":["AppList","Happy Path - Multiple Apps"],"fullName":"AppList Happy Path - Multiple Apps when apps provided, then renders each app card","status":"passed","title":"when apps provided, then renders each app card","duration":30.199299999999994,"failureMessages":[],"meta":{},"tags":[]},{"ancestorTitles":["AppList","Happy Path - Multiple Apps"],"fullName":"AppList Happy Path - Multiple Apps when apps provided, then renders correct number of View buttons","status":"passed","title":"when apps provided, then renders correct number of View buttons","duration":109.67500000000018,"failureMessages":[],"meta":{},"tags":[]},{"ancestorTitles":["AppList","Edge Case - Empty List"],"fullName":"AppList Edge Case - Empty List when no apps, then shows empty state message","status":"passed","title":"when no apps, then shows empty state message","duration":2.244799999999941,"failureMessages":[],"meta":{},"tags":[]},{"ancestorTitles":["AppList","Edge Case - Empty List"],"fullName":"AppList Edge Case - Empty List when no apps, then does not render any View buttons","status":"passed","title":"when no apps, then does not render any View buttons","duration":1.9732000000001335,"failureMessages":[],"meta":{},"tags":[]},{"ancestorTitles":["AppList","Single App"],"fullName":"AppList Single App when one app provided, then renders exactly one app card","status":"passed","title":"when one app provided, then renders exactly one app card","duration":3.3840999999999894,"failureMessages":[],"meta":{},"tags":[]}],"startTime":1777440002236,"endTime":1777440002384.384,"status":"passed","message":"","name":"C:/Users/Kazum/Desktop/programming/AI/website/tddTodoApp/frontend/src/features/app-list/components/AppList.test.tsx"},{"assertionResults":[{"ancestorTitles":["AppListPage","Happy Path - Loading & Rendering"],"fullName":"AppListPage Happy Path - Loading & Rendering when page loads, then shows loading state initially","status":"passed","title":"when page loads, then shows loading state initially","duration":150.25890000000004,"failureMessages":[],"meta":{},"tags":[]},{"ancestorTitles":["AppListPage","Happy Path - Loading & Rendering"],"fullName":"AppListPage Happy Path - Loading & Rendering when apps loaded successfully, then renders app cards","status":"passed","title":"when apps loaded successfully, then renders app cards","duration":42.97910000000002,"failureMessages":[],"meta":{},"tags":[]},{"ancestorTitles":["AppListPage","Happy Path - Loading & Rendering"],"fullName":"AppListPage Happy Path - Loading & Rendering when apps loaded, then page heading is visible","status":"passed","title":"when apps loaded, then page heading is visible","duration":30.645500000000084,"failureMessages":[],"meta":{},"tags":[]},{"ancestorTitles":["AppListPage","Edge Case - Empty List"],"fullName":"AppListPage Edge Case - Empty List when no apps exist, then shows empty state message","status":"passed","title":"when no apps exist, then shows empty state message","duration":31.922000000000025,"failureMessages":[],"meta":{},"tags":[]},{"ancestorTitles":["AppListPage","Interaction - Create App Navigation"],"fullName":"AppListPage Interaction - Create App Navigation when page renders, then Create App button is visible","status":"passed","title":"when page renders, then Create App button is visible","duration":13.811899999999923,"failureMessages":[],"meta":{},"tags":[]},{"ancestorTitles":["AppListPage","Interaction - Create App Navigation"],"fullName":"AppListPage Interaction - Create App Navigation when Create App button clicked, then navigates to app-create page","status":"passed","title":"when Create App button clicked, then navigates to app-create page","duration":49.1554000000001,"failureMessages":[],"meta":{},"tags":[]},{"ancestorTitles":["AppListPage","Interaction - Create App Navigation"],"fullName":"AppListPage Interaction - Create App Navigation when View button on an app card is clicked, then navigates to app-detail page","status":"passed","title":"when View button on an app card is clicked, then navigates to app-detail page","duration":92.54489999999987,"failureMessages":[],"meta":{},"tags":[]},{"ancestorTitles":["AppListPage","Error Handling"],"fullName":"AppListPage Error Handling when API returns 500, then shows error message","status":"passed","title":"when API returns 500, then shows error message","duration":31.91820000000007,"failureMessages":[],"meta":{},"tags":[]}],"startTime":1777440002253,"endTime":1777440002696.9182,"status":"passed","message":"","name":"C:/Users/Kazum/Desktop/programming/AI/website/tddTodoApp/frontend/src/features/app-list/pages/AppListPage.test.tsx"},{"assertionResults":[{"ancestorTitles":["AppEditPage","Happy Path - Pre-filled Form"],"fullName":"AppEditPage Happy Path - Pre-filled Form when page loads, then form is pre-filled with current app name","status":"passed","title":"when page loads, then form is pre-filled with current app name","duration":71.22270000000003,"failureMessages":[],"meta":{},"tags":[]},{"ancestorTitles":["AppEditPage","Happy Path - Pre-filled Form"],"fullName":"AppEditPage Happy Path - Pre-filled Form when page loads, then shows Edit App heading","status":"passed","title":"when page loads, then shows Edit App heading","duration":32.28780000000006,"failureMessages":[],"meta":{},"tags":[]},{"ancestorTitles":["AppEditPage","Happy Path - Pre-filled Form"],"fullName":"AppEditPage Happy Path - Pre-filled Form when page loads, then shows Update submit button","status":"passed","title":"when page loads, then shows Update submit button","duration":119.73440000000005,"failureMessages":[],"meta":{},"tags":[]},{"ancestorTitles":["AppEditPage","Happy Path - Successful Update"],"fullName":"AppEditPage Happy Path - Successful Update when Update clicked with valid name, then calls PUT /api/v1/apps/app-1","status":"passed","title":"when Update clicked with valid name, then calls PUT /api/v1/apps/app-1","duration":317.0974000000001,"failureMessages":[],"meta":{},"tags":[]},{"ancestorTitles":["AppEditPage","Happy Path - Successful Update"],"fullName":"AppEditPage Happy Path - Successful Update when PUT succeeds, then navigates to app-detail","status":"passed","title":"when PUT succeeds, then navigates to app-detail","duration":326.7534999999998,"failureMessages":[],"meta":{},"tags":[]},{"ancestorTitles":["AppEditPage","Error Cases - Duplicate Name (409)"],"fullName":"AppEditPage Error Cases - Duplicate Name (409) when PUT returns 409, then shows conflict error alert","status":"passed","title":"when PUT returns 409, then shows conflict error alert","duration":363.48770000000013,"failureMessages":[],"meta":{},"tags":[]},{"ancestorTitles":["AppEditPage","Error Cases - Duplicate Name (409)"],"fullName":"AppEditPage Error Cases - Duplicate Name (409) when PUT returns 409, then stays on edit page","status":"passed","title":"when PUT returns 409, then stays on edit page","duration":356.5360999999998,"failureMessages":[],"meta":{},"tags":[]},{"ancestorTitles":["AppEditPage","Validation Errors"],"fullName":"AppEditPage Validation Errors when name is cleared and Update clicked, then shows required error","status":"passed","title":"when name is cleared and Update clicked, then shows required error","duration":115.70589999999993,"failureMessages":[],"meta":{},"tags":[]},{"ancestorTitles":["AppEditPage","Validation Errors"],"fullName":"AppEditPage Validation Errors when name exceeds 100 characters and Update clicked, then shows max length error","status":"passed","title":"when name exceeds 100 characters and Update clicked, then shows max length error","duration":1585.4166,"failureMessages":[],"meta":{},"tags":[]},{"ancestorTitles":["AppEditPage","Interaction - Cancel Navigation"],"fullName":"AppEditPage Interaction - Cancel Navigation when Cancel clicked, then navigates back to app-detail","status":"passed","title":"when Cancel clicked, then navigates back to app-detail","duration":61.224200000000565,"failureMessages":[],"meta":{},"tags":[]}],"startTime":1777440002312,"endTime":1777440005662.224,"status":"passed","message":"","name":"C:/Users/Kazum/Desktop/programming/AI/website/tddTodoApp/frontend/src/features/app-edit/pages/AppEditPage.test.tsx"}]}