{"numTotalTestSuites":80,"numPassedTestSuites":80,"numFailedTestSuites":0,"numPendingTestSuites":0,"numTotalTests":128,"numPassedTests":128,"numFailedTests":0,"numPendingTests":0,"numTodoTests":0,"snapshot":{"added":0,"failure":false,"filesAdded":0,"filesRemoved":0,"filesRemovedList":[],"filesUnmatched":0,"filesUpdated":0,"matched":0,"total":0,"unchecked":0,"uncheckedKeysByFile":[],"unmatched":0,"updated":0,"didUpdate":false},"startTime":1777446368915,"success":true,"testResults":[{"assertionResults":[{"ancestorTitles":["App"],"fullName":"App when rendered, then shows the app list page with Create App button","status":"passed","title":"when rendered, then shows the app list page with Create App button","duration":110.37329999999997,"failureMessages":[],"meta":{},"tags":[]}],"startTime":1777446370859,"endTime":1777446370969.3733,"status":"passed","message":"","name":"C:/Users/Kazum/Desktop/programming/AI/website/tddTodoApp/frontend/src/App.test.tsx"},{"assertionResults":[{"ancestorTitles":["AppForm","Happy Path - Rendering"],"fullName":"AppForm Happy Path - Rendering when rendered, then shows App Name input field","status":"passed","title":"when rendered, then shows App Name input field","duration":35.69029999999998,"failureMessages":[],"meta":{},"tags":[]},{"ancestorTitles":["AppForm","Happy Path - Rendering"],"fullName":"AppForm Happy Path - Rendering when rendered, then shows Cancel button","status":"passed","title":"when rendered, then shows Cancel button","duration":86.33120000000008,"failureMessages":[],"meta":{},"tags":[]},{"ancestorTitles":["AppForm","Happy Path - Rendering"],"fullName":"AppForm Happy Path - Rendering when rendered, then shows submit button (Create or Update)","status":"passed","title":"when rendered, then shows submit button (Create or Update)","duration":12.181100000000015,"failureMessages":[],"meta":{},"tags":[]},{"ancestorTitles":["AppForm","Validation Errors - Empty Name"],"fullName":"AppForm Validation Errors - Empty Name when submitted with empty name, then shows required validation error","status":"passed","title":"when submitted with empty name, then shows required validation error","duration":50.46340000000009,"failureMessages":[],"meta":{},"tags":[]},{"ancestorTitles":["AppForm","Validation Errors - Empty Name"],"fullName":"AppForm Validation Errors - Empty Name when submitted with empty name, then onSubmit is NOT called","status":"passed","title":"when submitted with empty name, then onSubmit is NOT called","duration":48.465400000000045,"failureMessages":[],"meta":{},"tags":[]},{"ancestorTitles":["AppForm","Validation Errors - Name Too Long"],"fullName":"AppForm Validation Errors - Name Too Long when submitted with name over 100 characters, then shows max length error","status":"passed","title":"when submitted with name over 100 characters, then shows max length error","duration":1612.7703000000001,"failureMessages":[],"meta":{},"tags":[]},{"ancestorTitles":["AppForm","Validation Errors - Name Too Long"],"fullName":"AppForm Validation Errors - Name Too Long when submitted with name over 100 characters, then onSubmit is NOT called","status":"passed","title":"when submitted with name over 100 characters, then onSubmit is NOT called","duration":1549.0203000000001,"failureMessages":[],"meta":{},"tags":[]},{"ancestorTitles":["AppForm","Interaction - Cancel"],"fullName":"AppForm Interaction - Cancel when Cancel button clicked, then calls onCancel once","status":"passed","title":"when Cancel button clicked, then calls onCancel once","duration":61.848299999999654,"failureMessages":[],"meta":{},"tags":[]},{"ancestorTitles":["AppForm","Loading State"],"fullName":"AppForm Loading State when isLoading is true, then submit button is disabled","status":"passed","title":"when isLoading is true, then submit button is disabled","duration":10.478100000000268,"failureMessages":[],"meta":{},"tags":[]},{"ancestorTitles":["AppForm","Loading State"],"fullName":"AppForm Loading State when isLoading is false, then submit button is enabled","status":"passed","title":"when isLoading is false, then submit button is enabled","duration":5.117699999999786,"failureMessages":[],"meta":{},"tags":[]},{"ancestorTitles":["AppForm","Boundary Cases - Name Length"],"fullName":"AppForm Boundary Cases - Name Length when name has exactly 1 character (minimum), then onSubmit is called on submit","status":"passed","title":"when name has exactly 1 character (minimum), then onSubmit is called on submit","duration":90.92090000000007,"failureMessages":[],"meta":{},"tags":[]},{"ancestorTitles":["AppForm","Boundary Cases - Name Length"],"fullName":"AppForm Boundary Cases - Name Length when name has exactly 100 characters (maximum), then onSubmit is called on submit","status":"passed","title":"when name has exactly 100 characters (maximum), then onSubmit is called on submit","duration":1571.6921999999995,"failureMessages":[],"meta":{},"tags":[]},{"ancestorTitles":["AppForm","Pre-filled Form (Edit Mode)"],"fullName":"AppForm Pre-filled Form (Edit Mode) when defaultValue provided, then input is pre-filled","status":"passed","title":"when defaultValue provided, then input is pre-filled","duration":2.7880999999997584,"failureMessages":[],"meta":{},"tags":[]}],"startTime":1777446370547,"endTime":1777446375685.788,"status":"passed","message":"","name":"C:/Users/Kazum/Desktop/programming/AI/website/tddTodoApp/frontend/src/features/app-create/components/AppForm.test.tsx"},{"assertionResults":[{"ancestorTitles":["AppCreatePage","Happy Path - Rendering"],"fullName":"AppCreatePage Happy Path - Rendering when rendered, then shows page title \"Create New App\"","status":"passed","title":"when rendered, then shows page title \"Create New App\"","duration":35.27690000000007,"failureMessages":[],"meta":{},"tags":[]},{"ancestorTitles":["AppCreatePage","Happy Path - Rendering"],"fullName":"AppCreatePage Happy Path - Rendering when rendered, then shows App Name input","status":"passed","title":"when rendered, then shows App Name input","duration":6.818899999999985,"failureMessages":[],"meta":{},"tags":[]},{"ancestorTitles":["AppCreatePage","Happy Path - Rendering"],"fullName":"AppCreatePage Happy Path - Rendering when rendered, then shows Create submit button","status":"passed","title":"when rendered, then shows Create submit button","duration":93.28189999999995,"failureMessages":[],"meta":{},"tags":[]},{"ancestorTitles":["AppCreatePage","Happy Path - Rendering"],"fullName":"AppCreatePage Happy Path - Rendering when rendered, then shows Cancel button","status":"passed","title":"when rendered, then shows Cancel button","duration":13.78819999999996,"failureMessages":[],"meta":{},"tags":[]},{"ancestorTitles":["AppCreatePage","Happy Path - Successful Submission"],"fullName":"AppCreatePage Happy Path - Successful Submission when form submitted with valid name, then calls POST /api/v1/apps","status":"passed","title":"when form submitted with valid name, then calls POST /api/v1/apps","duration":211.19600000000014,"failureMessages":[],"meta":{},"tags":[]},{"ancestorTitles":["AppCreatePage","Happy Path - Successful Submission"],"fullName":"AppCreatePage Happy Path - Successful Submission when POST succeeds, then navigates away from create page","status":"passed","title":"when POST succeeds, then navigates away from create page","duration":217.84439999999972,"failureMessages":[],"meta":{},"tags":[]},{"ancestorTitles":["AppCreatePage","Error Cases - Duplicate Name (409)"],"fullName":"AppCreatePage Error Cases - Duplicate Name (409) when POST returns 409, then shows conflict error alert","status":"passed","title":"when POST returns 409, then shows conflict error alert","duration":324.42970000000014,"failureMessages":[],"meta":{},"tags":[]},{"ancestorTitles":["AppCreatePage","Error Cases - Duplicate Name (409)"],"fullName":"AppCreatePage Error Cases - Duplicate Name (409) when POST returns 409, then stays on create page","status":"passed","title":"when POST returns 409, then stays on create page","duration":298.9475000000002,"failureMessages":[],"meta":{},"tags":[]},{"ancestorTitles":["AppCreatePage","Error Cases - Validation (422)"],"fullName":"AppCreatePage Error Cases - Validation (422) when POST returns 422, then shows validation error alert","status":"passed","title":"when POST returns 422, then shows validation error alert","duration":91.5974000000001,"failureMessages":[],"meta":{},"tags":[]},{"ancestorTitles":["AppCreatePage","Loading State"],"fullName":"AppCreatePage Loading State when form is submitting, then Create button is disabled","status":"passed","title":"when form is submitting, then Create button is disabled","duration":216.10150000000021,"failureMessages":[],"meta":{},"tags":[]},{"ancestorTitles":["AppCreatePage","Interaction - Cancel Navigation"],"fullName":"AppCreatePage Interaction - Cancel Navigation when Cancel button clicked, then navigates away from create page","status":"passed","title":"when Cancel button clicked, then navigates away from create page","duration":76.79420000000027,"failureMessages":[],"meta":{},"tags":[]},{"ancestorTitles":["AppCreatePage","Boundary Cases - App Name Length"],"fullName":"AppCreatePage Boundary Cases - App Name Length when name has exactly 1 character (minimum), then POST is called on submit","status":"passed","title":"when name has exactly 1 character (minimum), then POST is called on submit","duration":138.8746000000001,"failureMessages":[],"meta":{},"tags":[]},{"ancestorTitles":["AppCreatePage","Boundary Cases - App Name Length"],"fullName":"AppCreatePage Boundary Cases - App Name Length when name has exactly 100 characters (maximum), then POST is called on submit","status":"passed","title":"when name has exactly 100 characters (maximum), then POST is called on submit","duration":1563.5865,"failureMessages":[],"meta":{},"tags":[]},{"ancestorTitles":["AppCreatePage","Boundary Cases - App Name Length"],"fullName":"AppCreatePage Boundary Cases - App Name Length when name has 101 characters (over maximum), then POST is NOT called","status":"passed","title":"when name has 101 characters (over maximum), then POST is NOT called","duration":1582.8391000000001,"failureMessages":[],"meta":{},"tags":[]}],"startTime":1777446370558,"endTime":1777446375430.839,"status":"passed","message":"","name":"C:/Users/Kazum/Desktop/programming/AI/website/tddTodoApp/frontend/src/features/app-create/pages/AppCreatePage.test.tsx"},{"assertionResults":[{"ancestorTitles":["AppDetailPage","Happy Path - Loading & Rendering"],"fullName":"AppDetailPage Happy Path - Loading & Rendering when page loads, then shows app name after data fetches","status":"passed","title":"when page loads, then shows app name after data fetches","duration":60.22990000000004,"failureMessages":[],"meta":{},"tags":[]},{"ancestorTitles":["AppDetailPage","Happy Path - Loading & Rendering"],"fullName":"AppDetailPage Happy Path - Loading & Rendering when page loads, then shows todos after data fetches","status":"passed","title":"when page loads, then shows todos after data fetches","duration":48.942999999999984,"failureMessages":[],"meta":{},"tags":[]},{"ancestorTitles":["AppDetailPage","Happy Path - Loading & Rendering"],"fullName":"AppDetailPage Happy Path - Loading & Rendering when page loads, then shows Edit button in header","status":"passed","title":"when page loads, then shows Edit button in header","duration":107.78239999999983,"failureMessages":[],"meta":{},"tags":[]},{"ancestorTitles":["AppDetailPage","Happy Path - Loading & Rendering"],"fullName":"AppDetailPage Happy Path - Loading & Rendering when page loads, then shows Delete button in header","status":"passed","title":"when page loads, then shows Delete button in header","duration":33.68020000000001,"failureMessages":[],"meta":{},"tags":[]},{"ancestorTitles":["AppDetailPage","Happy Path - Loading & Rendering"],"fullName":"AppDetailPage Happy Path - Loading & Rendering when page loads, then shows Create Todo button","status":"passed","title":"when page loads, then shows Create Todo button","duration":20.968399999999974,"failureMessages":[],"meta":{},"tags":[]},{"ancestorTitles":["AppDetailPage","Timestamps Display"],"fullName":"AppDetailPage Timestamps Display when page loads, then shows createdAt date","status":"passed","title":"when page loads, then shows createdAt date","duration":20.478600000000142,"failureMessages":[],"meta":{},"tags":[]},{"ancestorTitles":["AppDetailPage","Interaction - Delete App"],"fullName":"AppDetailPage Interaction - Delete App when Delete App button clicked, then shows confirmation dialog","status":"passed","title":"when Delete App button clicked, then shows confirmation dialog","duration":81.17419999999993,"failureMessages":[],"meta":{},"tags":[]},{"ancestorTitles":["AppDetailPage","Interaction - Delete App"],"fullName":"AppDetailPage Interaction - Delete App when delete is cancelled, then dialog closes and page stays unchanged","status":"passed","title":"when delete is cancelled, then dialog closes and page stays unchanged","duration":122.0963999999999,"failureMessages":[],"meta":{},"tags":[]},{"ancestorTitles":["AppDetailPage","Interaction - Delete App"],"fullName":"AppDetailPage Interaction - Delete App when delete confirmed, then calls DELETE API for the app","status":"passed","title":"when delete confirmed, then calls DELETE API for the app","duration":125.41870000000017,"failureMessages":[],"meta":{},"tags":[]},{"ancestorTitles":["AppDetailPage","Interaction - Delete App"],"fullName":"AppDetailPage Interaction - Delete App when delete confirmed, then shows success toast with \"App deleted successfully\"","status":"passed","title":"when delete confirmed, then shows success toast with \"App deleted successfully\"","duration":106.38640000000032,"failureMessages":[],"meta":{},"tags":[]},{"ancestorTitles":["AppDetailPage","Interaction - Delete App"],"fullName":"AppDetailPage Interaction - Delete App when delete confirmed, then navigates away from app detail","status":"passed","title":"when delete confirmed, then navigates away from app detail","duration":108.04300000000012,"failureMessages":[],"meta":{},"tags":[]},{"ancestorTitles":["AppDetailPage","Interaction - Edit App Navigation"],"fullName":"AppDetailPage Interaction - Edit App Navigation when Edit button clicked, then navigates to app-edit page","status":"passed","title":"when Edit button clicked, then navigates to app-edit page","duration":75.85069999999996,"failureMessages":[],"meta":{},"tags":[]},{"ancestorTitles":["AppDetailPage","Interaction - Create Todo"],"fullName":"AppDetailPage Interaction - Create Todo when Create Todo button clicked, then shows inline create form","status":"passed","title":"when Create Todo button clicked, then shows inline create form","duration":82.43949999999995,"failureMessages":[],"meta":{},"tags":[]},{"ancestorTitles":["AppDetailPage","Error Handling"],"fullName":"AppDetailPage Error Handling when app API returns 404, then shows not found error","status":"passed","title":"when app API returns 404, then shows not found error","duration":25.203899999999976,"failureMessages":[],"meta":{},"tags":[]}],"startTime":1777446370579,"endTime":1777446371599.2039,"status":"passed","message":"","name":"C:/Users/Kazum/Desktop/programming/AI/website/tddTodoApp/frontend/src/features/app-detail/pages/AppDetailPage.test.tsx"},{"assertionResults":[{"ancestorTitles":["AppHeader","Happy Path - Rendering"],"fullName":"AppHeader Happy Path - Rendering when rendered, then shows app name","status":"passed","title":"when rendered, then shows app name","duration":28.037399999999934,"failureMessages":[],"meta":{},"tags":[]},{"ancestorTitles":["AppHeader","Happy Path - Rendering"],"fullName":"AppHeader Happy Path - Rendering when rendered, then shows createdAt timestamp","status":"passed","title":"when rendered, then shows createdAt timestamp","duration":3.790899999999965,"failureMessages":[],"meta":{},"tags":[]},{"ancestorTitles":["AppHeader","Happy Path - Rendering"],"fullName":"AppHeader Happy Path - Rendering when rendered, then shows Edit button","status":"passed","title":"when rendered, then shows Edit button","duration":81.51980000000003,"failureMessages":[],"meta":{},"tags":[]},{"ancestorTitles":["AppHeader","Happy Path - Rendering"],"fullName":"AppHeader Happy Path - Rendering when rendered, then shows Delete button","status":"passed","title":"when rendered, then shows Delete button","duration":11.11239999999998,"failureMessages":[],"meta":{},"tags":[]},{"ancestorTitles":["AppHeader","Happy Path - Rendering"],"fullName":"AppHeader Happy Path - Rendering when rendered, then shows Back button","status":"passed","title":"when rendered, then shows Back button","duration":10.30860000000007,"failureMessages":[],"meta":{},"tags":[]},{"ancestorTitles":["AppHeader","Interaction - Back callback"],"fullName":"AppHeader Interaction - Back callback when Back button clicked, then calls onBack once","status":"passed","title":"when Back button clicked, then calls onBack once","duration":60.9058,"failureMessages":[],"meta":{},"tags":[]},{"ancestorTitles":["AppHeader","Interaction - Edit callback"],"fullName":"AppHeader Interaction - Edit callback when Edit button clicked, then calls onEdit once","status":"passed","title":"when Edit button clicked, then calls onEdit once","duration":45.410899999999856,"failureMessages":[],"meta":{},"tags":[]},{"ancestorTitles":["AppHeader","Interaction - Edit callback"],"fullName":"AppHeader Interaction - Edit callback when Edit button clicked, then does NOT call onDelete","status":"passed","title":"when Edit button clicked, then does NOT call onDelete","duration":61.59999999999991,"failureMessages":[],"meta":{},"tags":[]},{"ancestorTitles":["AppHeader","Interaction - Delete callback"],"fullName":"AppHeader Interaction - Delete callback when Delete button clicked, then calls onDelete once","status":"passed","title":"when Delete button clicked, then calls onDelete once","duration":61.5777999999998,"failureMessages":[],"meta":{},"tags":[]},{"ancestorTitles":["AppHeader","Interaction - Delete callback"],"fullName":"AppHeader Interaction - Delete callback when Delete button clicked, then does NOT call onEdit","status":"passed","title":"when Delete button clicked, then does NOT call onEdit","duration":61.71100000000001,"failureMessages":[],"meta":{},"tags":[]}],"startTime":1777446370478,"endTime":1777446370904.711,"status":"passed","message":"","name":"C:/Users/Kazum/Desktop/programming/AI/website/tddTodoApp/frontend/src/features/app-detail/components/AppHeader.test.tsx"},{"assertionResults":[{"ancestorTitles":["TodoForm - edit mode","Happy Path - Pre-filled Form"],"fullName":"TodoForm - edit mode Happy Path - Pre-filled Form when in edit mode, then title field is pre-filled with existing title","status":"passed","title":"when in edit mode, then title field is pre-filled with existing title","duration":135.65409999999997,"failureMessages":[],"meta":{},"tags":[]},{"ancestorTitles":["TodoForm - edit mode","Happy Path - Pre-filled Form"],"fullName":"TodoForm - edit mode Happy Path - Pre-filled Form when in edit mode, then status field is read-only (disabled)","status":"passed","title":"when in edit mode, then status field is read-only (disabled)","duration":7.651700000000119,"failureMessages":[],"meta":{},"tags":[]},{"ancestorTitles":["TodoForm - edit mode","Happy Path - Pre-filled Form"],"fullName":"TodoForm - edit mode Happy Path - Pre-filled Form when in edit mode, then Save button is visible","status":"passed","title":"when in edit mode, then Save button is visible","duration":26.428100000000086,"failureMessages":[],"meta":{},"tags":[]},{"ancestorTitles":["TodoForm - edit mode","Happy Path - Pre-filled Form"],"fullName":"TodoForm - edit mode Happy Path - Pre-filled Form when in edit mode, then Cancel button is visible","status":"passed","title":"when in edit mode, then Cancel button is visible","duration":14.533400000000029,"failureMessages":[],"meta":{},"tags":[]},{"ancestorTitles":["TodoForm - edit mode","Interaction - Cancel"],"fullName":"TodoForm - edit mode Interaction - Cancel when Cancel clicked, then calls onCancel without saving","status":"passed","title":"when Cancel clicked, then calls onCancel without saving","duration":52.45100000000002,"failureMessages":[],"meta":{},"tags":[]},{"ancestorTitles":["TodoForm - edit mode","Validation Errors - Empty Title"],"fullName":"TodoForm - edit mode Validation Errors - Empty Title when title is cleared and Save clicked, then shows validation error alert","status":"passed","title":"when title is cleared and Save clicked, then shows validation error alert","duration":92.57819999999992,"failureMessages":[],"meta":{},"tags":[]},{"ancestorTitles":["TodoForm - edit mode","Validation Errors - Empty Title"],"fullName":"TodoForm - edit mode Validation Errors - Empty Title when title is cleared and Save clicked, then onSuccess is NOT called","status":"passed","title":"when title is cleared and Save clicked, then onSuccess is NOT called","duration":92.84019999999987,"failureMessages":[],"meta":{},"tags":[]},{"ancestorTitles":["TodoForm - edit mode","Interaction - Save calls PUT API (edit mode)"],"fullName":"TodoForm - edit mode Interaction - Save calls PUT API (edit mode) when title edited and Save clicked in edit mode, then calls PUT API","status":"passed","title":"when title edited and Save clicked in edit mode, then calls PUT API","duration":342.2706999999998,"failureMessages":[],"meta":{},"tags":[]},{"ancestorTitles":["TodoForm - edit mode","Interaction - Save calls PUT API (edit mode)"],"fullName":"TodoForm - edit mode Interaction - Save calls PUT API (edit mode) when save succeeds in edit mode, then calls onSuccess callback","status":"passed","title":"when save succeeds in edit mode, then calls onSuccess callback","duration":307.7452000000003,"failureMessages":[],"meta":{},"tags":[]},{"ancestorTitles":["TodoForm - edit mode","Interaction - Save calls PUT API (edit mode)"],"fullName":"TodoForm - edit mode Interaction - Save calls PUT API (edit mode) when Save is in flight in edit mode, then Save button is disabled","status":"passed","title":"when Save is in flight in edit mode, then Save button is disabled","duration":328.5695999999998,"failureMessages":[],"meta":{},"tags":[]},{"ancestorTitles":["TodoForm - edit mode","Boundary Cases - Title Length"],"fullName":"TodoForm - edit mode Boundary Cases - Title Length when title exceeds 255 characters, then shows max length validation error","status":"passed","title":"when title exceeds 255 characters, then shows max length validation error","duration":3908.2113,"failureMessages":[],"meta":{},"tags":[]},{"ancestorTitles":["TodoForm - create mode","Happy Path - Empty Form"],"fullName":"TodoForm - create mode Happy Path - Empty Form when in create mode, then title field is empty","status":"passed","title":"when in create mode, then title field is empty","duration":11.669600000000173,"failureMessages":[],"meta":{},"tags":[]},{"ancestorTitles":["TodoForm - create mode","Happy Path - Empty Form"],"fullName":"TodoForm - create mode Happy Path - Empty Form when in create mode, then status defaults to not completed (unchecked)","status":"passed","title":"when in create mode, then status defaults to not completed (unchecked)","duration":2.704899999999725,"failureMessages":[],"meta":{},"tags":[]},{"ancestorTitles":["TodoForm - create mode","Happy Path - Empty Form"],"fullName":"TodoForm - create mode Happy Path - Empty Form when in create mode, then Create / Save button is visible","status":"passed","title":"when in create mode, then Create / Save button is visible","duration":4.493500000000495,"failureMessages":[],"meta":{},"tags":[]},{"ancestorTitles":["TodoForm - create mode","Validation Errors - Empty Title on Create"],"fullName":"TodoForm - create mode Validation Errors - Empty Title on Create when title is empty and Save clicked, then shows required validation error","status":"passed","title":"when title is empty and Save clicked, then shows required validation error","duration":57.978800000000774,"failureMessages":[],"meta":{},"tags":[]},{"ancestorTitles":["TodoForm - create mode","Interaction - Save calls POST API (create mode)"],"fullName":"TodoForm - create mode Interaction - Save calls POST API (create mode) when title entered and Save clicked in create mode, then calls POST API","status":"passed","title":"when title entered and Save clicked in create mode, then calls POST API","duration":308.1198999999997,"failureMessages":[],"meta":{},"tags":[]},{"ancestorTitles":["TodoForm - create mode","Interaction - Save calls POST API (create mode)"],"fullName":"TodoForm - create mode Interaction - Save calls POST API (create mode) when POST succeeds in create mode, then calls onSuccess callback","status":"passed","title":"when POST succeeds in create mode, then calls onSuccess callback","duration":310.7597999999998,"failureMessages":[],"meta":{},"tags":[]},{"ancestorTitles":["TodoForm - create mode","Interaction - Save calls POST API (create mode)"],"fullName":"TodoForm - create mode Interaction - Save calls POST API (create mode) when POST is in flight in create mode, then Save button is disabled","status":"passed","title":"when POST is in flight in create mode, then Save button is disabled","duration":315.7985000000008,"failureMessages":[],"meta":{},"tags":[]},{"ancestorTitles":["TodoForm - create mode","Error Cases - Failed PUT (4xx/5xx)"],"fullName":"TodoForm - create mode Error Cases - Failed PUT (4xx/5xx) when PUT returns 422 (validation error), then onSuccess is NOT called","status":"passed","title":"when PUT returns 422 (validation error), then onSuccess is NOT called","duration":401.6202999999996,"failureMessages":[],"meta":{},"tags":[]},{"ancestorTitles":["TodoForm - create mode","Error Cases - Failed PUT (4xx/5xx)"],"fullName":"TodoForm - create mode Error Cases - Failed PUT (4xx/5xx) when POST returns 409 (conflict), then onSuccess is NOT called","status":"passed","title":"when POST returns 409 (conflict), then onSuccess is NOT called","duration":435.6998999999996,"failureMessages":[],"meta":{},"tags":[]},{"ancestorTitles":["TodoForm - create mode","Error Cases - Failed PUT (4xx/5xx)"],"fullName":"TodoForm - create mode Error Cases - Failed PUT (4xx/5xx) when PUT returns 500, then onSuccess is NOT called","status":"passed","title":"when PUT returns 500, then onSuccess is NOT called","duration":422.78169999999955,"failureMessages":[],"meta":{},"tags":[]}],"startTime":1777446370559,"endTime":1777446378141.7817,"status":"passed","message":"","name":"C:/Users/Kazum/Desktop/programming/AI/website/tddTodoApp/frontend/src/features/app-detail/components/TodoForm.test.tsx"},{"assertionResults":[{"ancestorTitles":["TodoItem","Happy Path - Rendering"],"fullName":"TodoItem Happy Path - Rendering when rendered, then shows todo title","status":"passed","title":"when rendered, then shows todo title","duration":28.010400000000118,"failureMessages":[],"meta":{},"tags":[]},{"ancestorTitles":["TodoItem","Happy Path - Rendering"],"fullName":"TodoItem Happy Path - Rendering when todo is pending, then checkbox is unchecked","status":"passed","title":"when todo is pending, then checkbox is unchecked","duration":89.95620000000008,"failureMessages":[],"meta":{},"tags":[]},{"ancestorTitles":["TodoItem","Happy Path - Rendering"],"fullName":"TodoItem Happy Path - Rendering when todo is completed, then checkbox is checked","status":"passed","title":"when todo is completed, then checkbox is checked","duration":13.420399999999972,"failureMessages":[],"meta":{},"tags":[]},{"ancestorTitles":["TodoItem","Happy Path - Rendering"],"fullName":"TodoItem Happy Path - Rendering when rendered, then shows Edit button","status":"passed","title":"when rendered, then shows Edit button","duration":11.884900000000016,"failureMessages":[],"meta":{},"tags":[]},{"ancestorTitles":["TodoItem","Happy Path - Rendering"],"fullName":"TodoItem Happy Path - Rendering when rendered, then shows Delete button","status":"passed","title":"when rendered, then shows Delete button","duration":15.190399999999954,"failureMessages":[],"meta":{},"tags":[]},{"ancestorTitles":["TodoItem","Interaction - Edit Mode"],"fullName":"TodoItem Interaction - Edit Mode when Edit button clicked, then shows inline edit form with textbox","status":"passed","title":"when Edit button clicked, then shows inline edit form with textbox","duration":86.13480000000004,"failureMessages":[],"meta":{},"tags":[]},{"ancestorTitles":["TodoItem","Interaction - Edit Mode"],"fullName":"TodoItem Interaction - Edit Mode when Edit button clicked, then textbox is pre-filled with todo title","status":"passed","title":"when Edit button clicked, then textbox is pre-filled with todo title","duration":60.40560000000005,"failureMessages":[],"meta":{},"tags":[]},{"ancestorTitles":["TodoItem","Interaction - Edit Mode"],"fullName":"TodoItem Interaction - Edit Mode when in edit mode, then shows Cancel button","status":"passed","title":"when in edit mode, then shows Cancel button","duration":47.8442,"failureMessages":[],"meta":{},"tags":[]},{"ancestorTitles":["TodoItem","Interaction - Edit Mode"],"fullName":"TodoItem Interaction - Edit Mode when in edit mode, then shows Save button","status":"passed","title":"when in edit mode, then shows Save button","duration":60.82600000000002,"failureMessages":[],"meta":{},"tags":[]},{"ancestorTitles":["TodoItem","Interaction - Delete with Confirmation"],"fullName":"TodoItem Interaction - Delete with Confirmation when Delete button clicked, then shows confirmation dialog","status":"passed","title":"when Delete button clicked, then shows confirmation dialog","duration":45.108799999999974,"failureMessages":[],"meta":{},"tags":[]},{"ancestorTitles":["TodoItem","Interaction - Delete with Confirmation"],"fullName":"TodoItem Interaction - Delete with Confirmation when delete confirmed, then calls DELETE API and invokes onRefresh","status":"passed","title":"when delete confirmed, then calls DELETE API and invokes onRefresh","duration":121.95969999999988,"failureMessages":[],"meta":{},"tags":[]},{"ancestorTitles":["TodoItem","Interaction - Delete with Confirmation"],"fullName":"TodoItem Interaction - Delete with Confirmation when delete confirmed, then shows success toast \"Todo deleted successfully\"","status":"passed","title":"when delete confirmed, then shows success toast \"Todo deleted successfully\"","duration":109.22800000000007,"failureMessages":[],"meta":{},"tags":[]},{"ancestorTitles":["TodoItem","Interaction - Delete with Confirmation"],"fullName":"TodoItem Interaction - Delete with Confirmation when delete cancelled, then dialog closes without calling onRefresh","status":"passed","title":"when delete cancelled, then dialog closes without calling onRefresh","duration":107.44339999999966,"failureMessages":[],"meta":{},"tags":[]},{"ancestorTitles":["TodoItem","Interaction - Checkbox Toggle"],"fullName":"TodoItem Interaction - Checkbox Toggle when checkbox clicked on pending todo, then calls PATCH/PUT API to mark completed","status":"passed","title":"when checkbox clicked on pending todo, then calls PATCH/PUT API to mark completed","duration":76.29960000000028,"failureMessages":[],"meta":{},"tags":[]},{"ancestorTitles":["TodoItem","Error Cases - Failed Delete (4xx/5xx)"],"fullName":"TodoItem Error Cases - Failed Delete (4xx/5xx) when DELETE returns 404, then does NOT show success message","status":"passed","title":"when DELETE returns 404, then does NOT show success message","duration":201.67340000000013,"failureMessages":[],"meta":{},"tags":[]},{"ancestorTitles":["TodoItem","Error Cases - Failed Delete (4xx/5xx)"],"fullName":"TodoItem Error Cases - Failed Delete (4xx/5xx) when DELETE returns 404, then does NOT call onRefresh","status":"passed","title":"when DELETE returns 404, then does NOT call onRefresh","duration":203.8728000000001,"failureMessages":[],"meta":{},"tags":[]},{"ancestorTitles":["TodoItem","Error Cases - Failed Delete (4xx/5xx)"],"fullName":"TodoItem Error Cases - Failed Delete (4xx/5xx) when DELETE returns 500, then does NOT show success message","status":"passed","title":"when DELETE returns 500, then does NOT show success message","duration":202.63709999999992,"failureMessages":[],"meta":{},"tags":[]},{"ancestorTitles":["TodoItem","Error Cases - Failed Delete (4xx/5xx)"],"fullName":"TodoItem Error Cases - Failed Delete (4xx/5xx) when DELETE returns 422, then does NOT call onRefresh","status":"passed","title":"when DELETE returns 422, then does NOT call onRefresh","duration":215.8977,"failureMessages":[],"meta":{},"tags":[]}],"startTime":1777446370555,"endTime":1777446372253.8977,"status":"passed","message":"","name":"C:/Users/Kazum/Desktop/programming/AI/website/tddTodoApp/frontend/src/features/app-detail/components/TodoItem.test.tsx"},{"assertionResults":[{"ancestorTitles":["TodoList","Happy Path - Multiple Todos"],"fullName":"TodoList Happy Path - Multiple Todos when todos provided, then renders each todo item","status":"passed","title":"when todos provided, then renders each todo item","duration":31.31790000000001,"failureMessages":[],"meta":{},"tags":[]},{"ancestorTitles":["TodoList","Happy Path - Multiple Todos"],"fullName":"TodoList Happy Path - Multiple Todos when todos provided, then renders correct number of edit buttons","status":"passed","title":"when todos provided, then renders correct number of edit buttons","duration":104.15640000000008,"failureMessages":[],"meta":{},"tags":[]},{"ancestorTitles":["TodoList","Happy Path - Multiple Todos"],"fullName":"TodoList Happy Path - Multiple Todos when todos provided, then renders correct number of delete buttons","status":"passed","title":"when todos provided, then renders correct number of delete buttons","duration":15.201700000000073,"failureMessages":[],"meta":{},"tags":[]},{"ancestorTitles":["TodoList","Happy Path - Multiple Todos"],"fullName":"TodoList Happy Path - Multiple Todos when completed todo provided, then its checkbox is checked","status":"passed","title":"when completed todo provided, then its checkbox is checked","duration":10.288699999999835,"failureMessages":[],"meta":{},"tags":[]},{"ancestorTitles":["TodoList","Edge Case - Empty List"],"fullName":"TodoList Edge Case - Empty List when no todos, then shows empty state message","status":"passed","title":"when no todos, then shows empty state message","duration":3.5547999999998865,"failureMessages":[],"meta":{},"tags":[]},{"ancestorTitles":["TodoList","Edge Case - Empty List"],"fullName":"TodoList Edge Case - Empty List when no todos, then does not render any checkboxes","status":"passed","title":"when no todos, then does not render any checkboxes","duration":1.9581000000000586,"failureMessages":[],"meta":{},"tags":[]}],"startTime":1777446370558,"endTime":1777446370724.958,"status":"passed","message":"","name":"C:/Users/Kazum/Desktop/programming/AI/website/tddTodoApp/frontend/src/features/app-detail/components/TodoList.test.tsx"},{"assertionResults":[{"ancestorTitles":["AppEditPage","Happy Path - Pre-filled Form"],"fullName":"AppEditPage Happy Path - Pre-filled Form when page loads, then form is pre-filled with current app name","status":"passed","title":"when page loads, then form is pre-filled with current app name","duration":65.47479999999996,"failureMessages":[],"meta":{},"tags":[]},{"ancestorTitles":["AppEditPage","Happy Path - Pre-filled Form"],"fullName":"AppEditPage Happy Path - Pre-filled Form when page loads, then shows Edit App heading","status":"passed","title":"when page loads, then shows Edit App heading","duration":30.157699999999977,"failureMessages":[],"meta":{},"tags":[]},{"ancestorTitles":["AppEditPage","Happy Path - Pre-filled Form"],"fullName":"AppEditPage Happy Path - Pre-filled Form when page loads, then shows Update submit button","status":"passed","title":"when page loads, then shows Update submit button","duration":102.36539999999991,"failureMessages":[],"meta":{},"tags":[]},{"ancestorTitles":["AppEditPage","Happy Path - Successful Update"],"fullName":"AppEditPage Happy Path - Successful Update when Update clicked with valid name, then calls PUT /api/v1/apps/app-1","status":"passed","title":"when Update clicked with valid name, then calls PUT /api/v1/apps/app-1","duration":345.44089999999983,"failureMessages":[],"meta":{},"tags":[]},{"ancestorTitles":["AppEditPage","Happy Path - Successful Update"],"fullName":"AppEditPage Happy Path - Successful Update when PUT succeeds, then navigates to app-detail","status":"passed","title":"when PUT succeeds, then navigates to app-detail","duration":322.7015000000001,"failureMessages":[],"meta":{},"tags":[]},{"ancestorTitles":["AppEditPage","Error Cases - Duplicate Name (409)"],"fullName":"AppEditPage Error Cases - Duplicate Name (409) when PUT returns 409, then shows conflict error alert","status":"passed","title":"when PUT returns 409, then shows conflict error alert","duration":364.5456000000004,"failureMessages":[],"meta":{},"tags":[]},{"ancestorTitles":["AppEditPage","Error Cases - Duplicate Name (409)"],"fullName":"AppEditPage Error Cases - Duplicate Name (409) when PUT returns 409, then stays on edit page","status":"passed","title":"when PUT returns 409, then stays on edit page","duration":367.39390000000003,"failureMessages":[],"meta":{},"tags":[]},{"ancestorTitles":["AppEditPage","Validation Errors"],"fullName":"AppEditPage Validation Errors when name is cleared and Update clicked, then shows required error","status":"passed","title":"when name is cleared and Update clicked, then shows required error","duration":92.29329999999982,"failureMessages":[],"meta":{},"tags":[]},{"ancestorTitles":["AppEditPage","Validation Errors"],"fullName":"AppEditPage Validation Errors when name exceeds 100 characters and Update clicked, then shows max length error","status":"passed","title":"when name exceeds 100 characters and Update clicked, then shows max length error","duration":1640.8275000000003,"failureMessages":[],"meta":{},"tags":[]},{"ancestorTitles":["AppEditPage","Interaction - Cancel Navigation"],"fullName":"AppEditPage Interaction - Cancel Navigation when Cancel clicked, then navigates back to app-detail","status":"passed","title":"when Cancel clicked, then navigates back to app-detail","duration":92.0627000000004,"failureMessages":[],"meta":{},"tags":[]},{"ancestorTitles":["AppEditPage","Error Cases - GET Returns 404"],"fullName":"AppEditPage Error Cases - GET Returns 404 when GET /api/v1/apps/:id returns 404, then shows error message instead of loading","status":"passed","title":"when GET /api/v1/apps/:id returns 404, then shows error message instead of loading","duration":32.31919999999991,"failureMessages":[],"meta":{},"tags":[]},{"ancestorTitles":["AppEditPage","Error Cases - GET Returns 404"],"fullName":"AppEditPage Error Cases - GET Returns 404 when GET /api/v1/apps/:id returns 500, then shows error message instead of loading","status":"passed","title":"when GET /api/v1/apps/:id returns 500, then shows error message instead of loading","duration":28.29370000000017,"failureMessages":[],"meta":{},"tags":[]},{"ancestorTitles":["AppEditPage","Error Cases - GET Returns 404"],"fullName":"AppEditPage Error Cases - GET Returns 404 when GET /api/v1/apps/:id returns 403, then shows error message instead of loading","status":"passed","title":"when GET /api/v1/apps/:id returns 403, then shows error message instead of loading","duration":33.02809999999954,"failureMessages":[],"meta":{},"tags":[]}],"startTime":1777446370548,"endTime":1777446374066.028,"status":"passed","message":"","name":"C:/Users/Kazum/Desktop/programming/AI/website/tddTodoApp/frontend/src/features/app-edit/pages/AppEditPage.test.tsx"},{"assertionResults":[{"ancestorTitles":["AppListPage","Happy Path - Loading & Rendering"],"fullName":"AppListPage Happy Path - Loading & Rendering when page loads, then shows loading state initially","status":"passed","title":"when page loads, then shows loading state initially","duration":102.95060000000012,"failureMessages":[],"meta":{},"tags":[]},{"ancestorTitles":["AppListPage","Happy Path - Loading & Rendering"],"fullName":"AppListPage Happy Path - Loading & Rendering when apps loaded successfully, then renders app cards","status":"passed","title":"when apps loaded successfully, then renders app cards","duration":16.83030000000008,"failureMessages":[],"meta":{},"tags":[]},{"ancestorTitles":["AppListPage","Happy Path - Loading & Rendering"],"fullName":"AppListPage Happy Path - Loading & Rendering when apps loaded, then page heading is visible","status":"passed","title":"when apps loaded, then page heading is visible","duration":33.787199999999984,"failureMessages":[],"meta":{},"tags":[]},{"ancestorTitles":["AppListPage","Edge Case - Empty List"],"fullName":"AppListPage Edge Case - Empty List when no apps exist, then shows empty state message","status":"passed","title":"when no apps exist, then shows empty state message","duration":31.822599999999966,"failureMessages":[],"meta":{},"tags":[]},{"ancestorTitles":["AppListPage","Interaction - Create App Navigation"],"fullName":"AppListPage Interaction - Create App Navigation when page renders, then Create App button is visible","status":"passed","title":"when page renders, then Create App button is visible","duration":10.298499999999876,"failureMessages":[],"meta":{},"tags":[]},{"ancestorTitles":["AppListPage","Interaction - Create App Navigation"],"fullName":"AppListPage Interaction - Create App Navigation when Create App button clicked, then navigates to app-create page","status":"passed","title":"when Create App button clicked, then navigates to app-create page","duration":51.07609999999977,"failureMessages":[],"meta":{},"tags":[]},{"ancestorTitles":["AppListPage","Interaction - Create App Navigation"],"fullName":"AppListPage Interaction - Create App Navigation when View button on an app card is clicked, then navigates to app-detail page","status":"passed","title":"when View button on an app card is clicked, then navigates to app-detail page","duration":94.37570000000005,"failureMessages":[],"meta":{},"tags":[]},{"ancestorTitles":["AppListPage","Error Handling"],"fullName":"AppListPage Error Handling when API returns 500, then shows error message","status":"passed","title":"when API returns 500, then shows error message","duration":29.690599999999904,"failureMessages":[],"meta":{},"tags":[]}],"startTime":1777446370859,"endTime":1777446371230.6907,"status":"passed","message":"","name":"C:/Users/Kazum/Desktop/programming/AI/website/tddTodoApp/frontend/src/features/app-list/pages/AppListPage.test.tsx"},{"assertionResults":[{"ancestorTitles":["AppCard","Happy Path - Rendering"],"fullName":"AppCard Happy Path - Rendering when rendered, then shows app name","status":"passed","title":"when rendered, then shows app name","duration":28.90210000000002,"failureMessages":[],"meta":{},"tags":[]},{"ancestorTitles":["AppCard","Happy Path - Rendering"],"fullName":"AppCard Happy Path - Rendering when rendered, then shows created date","status":"passed","title":"when rendered, then shows created date","duration":4.176799999999957,"failureMessages":[],"meta":{},"tags":[]},{"ancestorTitles":["AppCard","Happy Path - Rendering"],"fullName":"AppCard Happy Path - Rendering when rendered, then shows View button","status":"passed","title":"when rendered, then shows View button","duration":86.3943999999999,"failureMessages":[],"meta":{},"tags":[]},{"ancestorTitles":["AppCard","Interaction - Navigation"],"fullName":"AppCard Interaction - Navigation when View button clicked, then onView callback is invoked","status":"passed","title":"when View button clicked, then onView callback is invoked","duration":59.38000000000011,"failureMessages":[],"meta":{},"tags":[]},{"ancestorTitles":["AppCard","Interaction - Navigation"],"fullName":"AppCard Interaction - Navigation when View button clicked, then callback receives app id","status":"passed","title":"when View button clicked, then callback receives app id","duration":46.50310000000013,"failureMessages":[],"meta":{},"tags":[]}],"startTime":1777446370479,"endTime":1777446370704.5032,"status":"passed","message":"","name":"C:/Users/Kazum/Desktop/programming/AI/website/tddTodoApp/frontend/src/features/app-list/components/AppCard.test.tsx"},{"assertionResults":[{"ancestorTitles":["AppList","Happy Path - Multiple Apps"],"fullName":"AppList Happy Path - Multiple Apps when apps provided, then renders each app card","status":"passed","title":"when apps provided, then renders each app card","duration":31.12000000000012,"failureMessages":[],"meta":{},"tags":[]},{"ancestorTitles":["AppList","Happy Path - Multiple Apps"],"fullName":"AppList Happy Path - Multiple Apps when apps provided, then renders correct number of View buttons","status":"passed","title":"when apps provided, then renders correct number of View buttons","duration":107.85030000000006,"failureMessages":[],"meta":{},"tags":[]},{"ancestorTitles":["AppList","Edge Case - Empty List"],"fullName":"AppList Edge Case - Empty List when no apps, then shows empty state message","status":"passed","title":"when no apps, then shows empty state message","duration":3.409400000000005,"failureMessages":[],"meta":{},"tags":[]},{"ancestorTitles":["AppList","Edge Case - Empty List"],"fullName":"AppList Edge Case - Empty List when no apps, then does not render any View buttons","status":"passed","title":"when no apps, then does not render any View buttons","duration":2.1808999999998377,"failureMessages":[],"meta":{},"tags":[]},{"ancestorTitles":["AppList","Single App"],"fullName":"AppList Single App when one app provided, then renders exactly one app card","status":"passed","title":"when one app provided, then renders exactly one app card","duration":3.1355999999998403,"failureMessages":[],"meta":{},"tags":[]}],"startTime":1777446370480,"endTime":1777446370628.1355,"status":"passed","message":"","name":"C:/Users/Kazum/Desktop/programming/AI/website/tddTodoApp/frontend/src/features/app-list/components/AppList.test.tsx"}]}