{"numTotalTestSuites":128,"numPassedTestSuites":128,"numFailedTestSuites":0,"numPendingTestSuites":0,"numTotalTests":385,"numPassedTests":385,"numFailedTests":0,"numPendingTests":0,"numTodoTests":0,"snapshot":{"added":0,"failure":false,"filesAdded":0,"filesRemoved":0,"filesRemovedList":[],"filesUnmatched":0,"filesUpdated":0,"matched":0,"total":0,"unchecked":0,"uncheckedKeysByFile":[],"unmatched":0,"updated":0,"didUpdate":false},"startTime":1777124334054,"success":true,"testResults":[{"assertionResults":[{"ancestorTitles":["AppError","constructor"],"fullName":"AppError constructor sets the name property to \"AppError\"","status":"passed","title":"sets the name property to \"AppError\"","duration":1.294399999999996,"failureMessages":[],"meta":{},"tags":[]},{"ancestorTitles":["AppError","constructor"],"fullName":"AppError constructor sets the code property to the given error code","status":"passed","title":"sets the code property to the given error code","duration":0.15689999999997895,"failureMessages":[],"meta":{},"tags":[]},{"ancestorTitles":["AppError","constructor"],"fullName":"AppError constructor sets the message property to the given message","status":"passed","title":"sets the message property to the given message","duration":0.09840000000002647,"failureMessages":[],"meta":{},"tags":[]},{"ancestorTitles":["AppError","constructor"],"fullName":"AppError constructor is an instance of Error","status":"passed","title":"is an instance of Error","duration":0.16599999999999682,"failureMessages":[],"meta":{},"tags":[]},{"ancestorTitles":["AppError","constructor"],"fullName":"AppError constructor supports all error codes","status":"passed","title":"supports all error codes","duration":0.17509999999998627,"failureMessages":[],"meta":{},"tags":[]},{"ancestorTitles":["isAppError"],"fullName":"isAppError returns true for an AppError instance","status":"passed","title":"returns true for an AppError instance","duration":0.157100000000014,"failureMessages":[],"meta":{},"tags":[]},{"ancestorTitles":["isAppError"],"fullName":"isAppError returns false for a plain Error","status":"passed","title":"returns false for a plain Error","duration":0.23089999999999122,"failureMessages":[],"meta":{},"tags":[]},{"ancestorTitles":["isAppError"],"fullName":"isAppError returns false for a string","status":"passed","title":"returns false for a string","duration":0.13859999999999673,"failureMessages":[],"meta":{},"tags":[]},{"ancestorTitles":["isAppError"],"fullName":"isAppError returns false for null","status":"passed","title":"returns false for null","duration":0.3289999999999793,"failureMessages":[],"meta":{},"tags":[]},{"ancestorTitles":["isAppError"],"fullName":"isAppError returns false for undefined","status":"passed","title":"returns false for undefined","duration":0.12360000000001037,"failureMessages":[],"meta":{},"tags":[]},{"ancestorTitles":["isAppError"],"fullName":"isAppError returns false for a plain object","status":"passed","title":"returns false for a plain object","duration":0.103999999999985,"failureMessages":[],"meta":{},"tags":[]}],"startTime":1777124334436,"endTime":1777124334439.329,"status":"passed","message":"","name":"C:/Users/Kazum/Desktop/programming/AI/website/tddTodoApp/backend/src/models/app-error.test.ts"},{"assertionResults":[{"ancestorTitles":["presentApp"],"fullName":"presentApp returns the correct DTO fields","status":"passed","title":"returns the correct DTO fields","duration":1.8007000000000062,"failureMessages":[],"meta":{},"tags":[]},{"ancestorTitles":["presentApp"],"fullName":"presentApp does not include deletedAt in the output","status":"passed","title":"does not include deletedAt in the output","duration":0.2617999999999938,"failureMessages":[],"meta":{},"tags":[]},{"ancestorTitles":["presentApp"],"fullName":"presentApp works when deletedAt has a value on the entity","status":"passed","title":"works when deletedAt has a value on the entity","duration":0.13640000000000896,"failureMessages":[],"meta":{},"tags":[]},{"ancestorTitles":["presentTodo"],"fullName":"presentTodo returns the correct DTO fields","status":"passed","title":"returns the correct DTO fields","duration":0.23959999999999582,"failureMessages":[],"meta":{},"tags":[]},{"ancestorTitles":["presentTodo"],"fullName":"presentTodo does not include deletedAt in the output","status":"passed","title":"does not include deletedAt in the output","duration":0.12590000000000146,"failureMessages":[],"meta":{},"tags":[]},{"ancestorTitles":["presentTodo"],"fullName":"presentTodo reflects completed: true","status":"passed","title":"reflects completed: true","duration":0.09200000000001296,"failureMessages":[],"meta":{},"tags":[]},{"ancestorTitles":["presentSuccess"],"fullName":"presentSuccess defaults to status 200","status":"passed","title":"defaults to status 200","duration":0.15399999999999636,"failureMessages":[],"meta":{},"tags":[]},{"ancestorTitles":["presentSuccess"],"fullName":"presentSuccess uses the provided status code","status":"passed","title":"uses the provided status code","duration":0.08840000000000714,"failureMessages":[],"meta":{},"tags":[]},{"ancestorTitles":["presentSuccess"],"fullName":"presentSuccess sets success to true","status":"passed","title":"sets success to true","duration":0.3521999999999821,"failureMessages":[],"meta":{},"tags":[]},{"ancestorTitles":["presentSuccess"],"fullName":"presentSuccess passes through the data payload","status":"passed","title":"passes through the data payload","duration":0.14860000000001605,"failureMessages":[],"meta":{},"tags":[]},{"ancestorTitles":["presentSuccess"],"fullName":"presentSuccess does not include an error field","status":"passed","title":"does not include an error field","duration":0.14109999999999445,"failureMessages":[],"meta":{},"tags":[]},{"ancestorTitles":["presentError"],"fullName":"presentError maps VALIDATION_ERROR to status 422","status":"passed","title":"maps VALIDATION_ERROR to status 422","duration":0.15469999999999118,"failureMessages":[],"meta":{},"tags":[]},{"ancestorTitles":["presentError"],"fullName":"presentError maps CONFLICT to status 409","status":"passed","title":"maps CONFLICT to status 409","duration":0.11549999999999727,"failureMessages":[],"meta":{},"tags":[]},{"ancestorTitles":["presentError"],"fullName":"presentError maps NOT_FOUND to status 404","status":"passed","title":"maps NOT_FOUND to status 404","duration":0.08259999999998513,"failureMessages":[],"meta":{},"tags":[]},{"ancestorTitles":["presentError"],"fullName":"presentError maps REPOSITORY_ERROR to status 500","status":"passed","title":"maps REPOSITORY_ERROR to status 500","duration":0.05449999999999022,"failureMessages":[],"meta":{},"tags":[]},{"ancestorTitles":["presentError"],"fullName":"presentError sets success to false","status":"passed","title":"sets success to false","duration":0.048299999999983356,"failureMessages":[],"meta":{},"tags":[]},{"ancestorTitles":["presentError"],"fullName":"presentError sets data to null","status":"passed","title":"sets data to null","duration":0.061800000000005184,"failureMessages":[],"meta":{},"tags":[]},{"ancestorTitles":["presentError"],"fullName":"presentError includes the error code and message in the body","status":"passed","title":"includes the error code and message in the body","duration":0.07440000000002556,"failureMessages":[],"meta":{},"tags":[]}],"startTime":1777124334441,"endTime":1777124334446.0825,"status":"passed","message":"","name":"C:/Users/Kazum/Desktop/programming/AI/website/tddTodoApp/backend/src/controllers/http-presenter.test.ts"},{"assertionResults":[{"ancestorTitles":["parseCreateAppInput"],"fullName":"parseCreateAppInput returns CreateAppInput with trimmed name for valid input","status":"passed","title":"returns CreateAppInput with trimmed name for valid input","duration":2.4517000000000166,"failureMessages":[],"meta":{},"tags":[]},{"ancestorTitles":["parseCreateAppInput"],"fullName":"parseCreateAppInput trims surrounding whitespace from name","status":"passed","title":"trims surrounding whitespace from name","duration":0.2647999999999797,"failureMessages":[],"meta":{},"tags":[]},{"ancestorTitles":["parseCreateAppInput"],"fullName":"parseCreateAppInput accepts a name exactly 100 characters long","status":"passed","title":"accepts a name exactly 100 characters long","duration":0.12400000000002365,"failureMessages":[],"meta":{},"tags":[]},{"ancestorTitles":["parseCreateAppInput"],"fullName":"parseCreateAppInput throws VALIDATION_ERROR when name is missing","status":"passed","title":"throws VALIDATION_ERROR when name is missing","duration":0.46760000000000446,"failureMessages":[],"meta":{},"tags":[]},{"ancestorTitles":["parseCreateAppInput"],"fullName":"parseCreateAppInput throws VALIDATION_ERROR when name is not a string","status":"passed","title":"throws VALIDATION_ERROR when name is not a string","duration":0.16770000000002483,"failureMessages":[],"meta":{},"tags":[]},{"ancestorTitles":["parseCreateAppInput"],"fullName":"parseCreateAppInput throws VALIDATION_ERROR when name is empty string","status":"passed","title":"throws VALIDATION_ERROR when name is empty string","duration":0.1210999999999558,"failureMessages":[],"meta":{},"tags":[]},{"ancestorTitles":["parseCreateAppInput"],"fullName":"parseCreateAppInput throws VALIDATION_ERROR when name is whitespace only","status":"passed","title":"throws VALIDATION_ERROR when name is whitespace only","duration":0.18319999999999936,"failureMessages":[],"meta":{},"tags":[]},{"ancestorTitles":["parseCreateAppInput"],"fullName":"parseCreateAppInput throws VALIDATION_ERROR when name exceeds 100 characters","status":"passed","title":"throws VALIDATION_ERROR when name exceeds 100 characters","duration":0.1845000000000141,"failureMessages":[],"meta":{},"tags":[]},{"ancestorTitles":["parseCreateAppInput"],"fullName":"parseCreateAppInput returns empty record when body is not an object","status":"passed","title":"returns empty record when body is not an object","duration":0.49430000000000973,"failureMessages":[],"meta":{},"tags":[]},{"ancestorTitles":["parseUpdateAppInput"],"fullName":"parseUpdateAppInput returns UpdateAppInput with appId and trimmed name","status":"passed","title":"returns UpdateAppInput with appId and trimmed name","duration":0.20769999999998845,"failureMessages":[],"meta":{},"tags":[]},{"ancestorTitles":["parseUpdateAppInput"],"fullName":"parseUpdateAppInput returns UpdateAppInput with only appId when name is not provided","status":"passed","title":"returns UpdateAppInput with only appId when name is not provided","duration":0.16660000000001673,"failureMessages":[],"meta":{},"tags":[]},{"ancestorTitles":["parseUpdateAppInput"],"fullName":"parseUpdateAppInput does not include name key when body has no name","status":"passed","title":"does not include name key when body has no name","duration":0.07150000000001455,"failureMessages":[],"meta":{},"tags":[]},{"ancestorTitles":["parseUpdateAppInput"],"fullName":"parseUpdateAppInput throws VALIDATION_ERROR when name is empty string","status":"passed","title":"throws VALIDATION_ERROR when name is empty string","duration":0.1511000000000422,"failureMessages":[],"meta":{},"tags":[]},{"ancestorTitles":["parseUpdateAppInput"],"fullName":"parseUpdateAppInput throws VALIDATION_ERROR when name is whitespace only","status":"passed","title":"throws VALIDATION_ERROR when name is whitespace only","duration":0.10139999999995553,"failureMessages":[],"meta":{},"tags":[]},{"ancestorTitles":["parseUpdateAppInput"],"fullName":"parseUpdateAppInput throws VALIDATION_ERROR when name exceeds 100 characters","status":"passed","title":"throws VALIDATION_ERROR when name exceeds 100 characters","duration":0.08730000000002747,"failureMessages":[],"meta":{},"tags":[]},{"ancestorTitles":["parseCreateTodoInput"],"fullName":"parseCreateTodoInput returns CreateTodoInput with appId and trimmed title","status":"passed","title":"returns CreateTodoInput with appId and trimmed title","duration":0.13940000000002328,"failureMessages":[],"meta":{},"tags":[]},{"ancestorTitles":["parseCreateTodoInput"],"fullName":"parseCreateTodoInput trims surrounding whitespace from title","status":"passed","title":"trims surrounding whitespace from title","duration":0.06430000000000291,"failureMessages":[],"meta":{},"tags":[]},{"ancestorTitles":["parseCreateTodoInput"],"fullName":"parseCreateTodoInput accepts a title exactly 200 characters long","status":"passed","title":"accepts a title exactly 200 characters long","duration":0.05110000000001946,"failureMessages":[],"meta":{},"tags":[]},{"ancestorTitles":["parseCreateTodoInput"],"fullName":"parseCreateTodoInput throws VALIDATION_ERROR when title is missing","status":"passed","title":"throws VALIDATION_ERROR when title is missing","duration":0.1383999999999901,"failureMessages":[],"meta":{},"tags":[]},{"ancestorTitles":["parseCreateTodoInput"],"fullName":"parseCreateTodoInput throws VALIDATION_ERROR when title is not a string","status":"passed","title":"throws VALIDATION_ERROR when title is not a string","duration":0.08499999999997954,"failureMessages":[],"meta":{},"tags":[]},{"ancestorTitles":["parseCreateTodoInput"],"fullName":"parseCreateTodoInput throws VALIDATION_ERROR when title is empty string","status":"passed","title":"throws VALIDATION_ERROR when title is empty string","duration":0.06759999999997035,"failureMessages":[],"meta":{},"tags":[]},{"ancestorTitles":["parseCreateTodoInput"],"fullName":"parseCreateTodoInput throws VALIDATION_ERROR when title is whitespace only","status":"passed","title":"throws VALIDATION_ERROR when title is whitespace only","duration":0.058100000000024465,"failureMessages":[],"meta":{},"tags":[]},{"ancestorTitles":["parseCreateTodoInput"],"fullName":"parseCreateTodoInput throws VALIDATION_ERROR when title exceeds 200 characters","status":"passed","title":"throws VALIDATION_ERROR when title exceeds 200 characters","duration":0.05900000000002592,"failureMessages":[],"meta":{},"tags":[]},{"ancestorTitles":["parseUpdateTodoInput"],"fullName":"parseUpdateTodoInput returns UpdateTodoInput with appId, todoId, and trimmed title","status":"passed","title":"returns UpdateTodoInput with appId, todoId, and trimmed title","duration":0.1309999999999718,"failureMessages":[],"meta":{},"tags":[]},{"ancestorTitles":["parseUpdateTodoInput"],"fullName":"parseUpdateTodoInput returns UpdateTodoInput with completed field","status":"passed","title":"returns UpdateTodoInput with completed field","duration":0.07650000000001,"failureMessages":[],"meta":{},"tags":[]},{"ancestorTitles":["parseUpdateTodoInput"],"fullName":"parseUpdateTodoInput accepts completed: false","status":"passed","title":"accepts completed: false","duration":0.053999999999973625,"failureMessages":[],"meta":{},"tags":[]},{"ancestorTitles":["parseUpdateTodoInput"],"fullName":"parseUpdateTodoInput returns base input when body has no fields","status":"passed","title":"returns base input when body has no fields","duration":0.058300000000031105,"failureMessages":[],"meta":{},"tags":[]},{"ancestorTitles":["parseUpdateTodoInput"],"fullName":"parseUpdateTodoInput throws VALIDATION_ERROR when title is empty","status":"passed","title":"throws VALIDATION_ERROR when title is empty","duration":0.0735000000000241,"failureMessages":[],"meta":{},"tags":[]},{"ancestorTitles":["parseUpdateTodoInput"],"fullName":"parseUpdateTodoInput throws VALIDATION_ERROR when title is whitespace only","status":"passed","title":"throws VALIDATION_ERROR when title is whitespace only","duration":0.06310000000001992,"failureMessages":[],"meta":{},"tags":[]},{"ancestorTitles":["parseUpdateTodoInput"],"fullName":"parseUpdateTodoInput throws VALIDATION_ERROR when title exceeds 200 characters","status":"passed","title":"throws VALIDATION_ERROR when title exceeds 200 characters","duration":0.06520000000000437,"failureMessages":[],"meta":{},"tags":[]},{"ancestorTitles":["parseUpdateTodoInput"],"fullName":"parseUpdateTodoInput throws VALIDATION_ERROR when completed is not a boolean","status":"passed","title":"throws VALIDATION_ERROR when completed is not a boolean","duration":0.058100000000024465,"failureMessages":[],"meta":{},"tags":[]},{"ancestorTitles":["parseUpdateTodoInput"],"fullName":"parseUpdateTodoInput throws VALIDATION_ERROR when completed is a number","status":"passed","title":"throws VALIDATION_ERROR when completed is a number","duration":0.8095000000000141,"failureMessages":[],"meta":{},"tags":[]}],"startTime":1777124334420,"endTime":1777124334427.8096,"status":"passed","message":"","name":"C:/Users/Kazum/Desktop/programming/AI/website/tddTodoApp/backend/src/controllers/request-validation.test.ts"},{"assertionResults":[{"ancestorTitles":["createAppInteractor.create"],"fullName":"createAppInteractor.create saves and returns a new app entity","status":"passed","title":"saves and returns a new app entity","duration":2.866199999999992,"failureMessages":[],"meta":{},"tags":[]},{"ancestorTitles":["createAppInteractor.create"],"fullName":"createAppInteractor.create throws CONFLICT when app name already exists","status":"passed","title":"throws CONFLICT when app name already exists","duration":1.1619000000000028,"failureMessages":[],"meta":{},"tags":[]},{"ancestorTitles":["createAppInteractor.create"],"fullName":"createAppInteractor.create does not call save when duplicate is detected","status":"passed","title":"does not call save when duplicate is detected","duration":0.7117999999999824,"failureMessages":[],"meta":{},"tags":[]},{"ancestorTitles":["createAppInteractor.list"],"fullName":"createAppInteractor.list returns the list of active apps from the repository","status":"passed","title":"returns the list of active apps from the repository","duration":0.2518000000000029,"failureMessages":[],"meta":{},"tags":[]},{"ancestorTitles":["createAppInteractor.list"],"fullName":"createAppInteractor.list returns an empty array when no apps exist","status":"passed","title":"returns an empty array when no apps exist","duration":0.1997000000000071,"failureMessages":[],"meta":{},"tags":[]},{"ancestorTitles":["createAppInteractor.get"],"fullName":"createAppInteractor.get returns the app when found","status":"passed","title":"returns the app when found","duration":0.2921000000000049,"failureMessages":[],"meta":{},"tags":[]},{"ancestorTitles":["createAppInteractor.get"],"fullName":"createAppInteractor.get throws NOT_FOUND when app does not exist","status":"passed","title":"throws NOT_FOUND when app does not exist","duration":0.5174999999999841,"failureMessages":[],"meta":{},"tags":[]},{"ancestorTitles":["createAppInteractor.update"],"fullName":"createAppInteractor.update saves and returns the updated app entity","status":"passed","title":"saves and returns the updated app entity","duration":1.0045000000000073,"failureMessages":[],"meta":{},"tags":[]},{"ancestorTitles":["createAppInteractor.update"],"fullName":"createAppInteractor.update keeps original name when name is not provided in the update","status":"passed","title":"keeps original name when name is not provided in the update","duration":0.6974999999999909,"failureMessages":[],"meta":{},"tags":[]},{"ancestorTitles":["createAppInteractor.update"],"fullName":"createAppInteractor.update throws NOT_FOUND when app does not exist","status":"passed","title":"throws NOT_FOUND when app does not exist","duration":0.44950000000000045,"failureMessages":[],"meta":{},"tags":[]},{"ancestorTitles":["createAppInteractor.update"],"fullName":"createAppInteractor.update throws CONFLICT when new name is already taken by a different app","status":"passed","title":"throws CONFLICT when new name is already taken by a different app","duration":0.4112999999999829,"failureMessages":[],"meta":{},"tags":[]},{"ancestorTitles":["createAppInteractor.delete"],"fullName":"createAppInteractor.delete marks the app as deleted and returns it","status":"passed","title":"marks the app as deleted and returns it","duration":0.3183999999999969,"failureMessages":[],"meta":{},"tags":[]},{"ancestorTitles":["createAppInteractor.delete"],"fullName":"createAppInteractor.delete saves the deleted app to the repository","status":"passed","title":"saves the deleted app to the repository","duration":0.30469999999996844,"failureMessages":[],"meta":{},"tags":[]},{"ancestorTitles":["createAppInteractor.delete"],"fullName":"createAppInteractor.delete cascade-deletes all active todos belonging to the app","status":"passed","title":"cascade-deletes all active todos belonging to the app","duration":1.9454000000000065,"failureMessages":[],"meta":{},"tags":[]},{"ancestorTitles":["createAppInteractor.delete"],"fullName":"createAppInteractor.delete throws NOT_FOUND when app does not exist","status":"passed","title":"throws NOT_FOUND when app does not exist","duration":0.20710000000002537,"failureMessages":[],"meta":{},"tags":[]}],"startTime":1777124334401,"endTime":1777124334413.207,"status":"passed","message":"","name":"C:/Users/Kazum/Desktop/programming/AI/website/tddTodoApp/backend/src/services/app-interactor.test.ts"},{"assertionResults":[{"ancestorTitles":["createTodoInteractor.create"],"fullName":"createTodoInteractor.create saves and returns a new todo entity","status":"passed","title":"saves and returns a new todo entity","duration":2.9114000000000146,"failureMessages":[],"meta":{},"tags":[]},{"ancestorTitles":["createTodoInteractor.create"],"fullName":"createTodoInteractor.create throws NOT_FOUND when the app does not exist","status":"passed","title":"throws NOT_FOUND when the app does not exist","duration":1.0535000000000423,"failureMessages":[],"meta":{},"tags":[]},{"ancestorTitles":["createTodoInteractor.create"],"fullName":"createTodoInteractor.create sets completed to false by default","status":"passed","title":"sets completed to false by default","duration":0.28110000000003765,"failureMessages":[],"meta":{},"tags":[]},{"ancestorTitles":["createTodoInteractor.list"],"fullName":"createTodoInteractor.list returns the active todos for the given app","status":"passed","title":"returns the active todos for the given app","duration":0.2798000000000229,"failureMessages":[],"meta":{},"tags":[]},{"ancestorTitles":["createTodoInteractor.list"],"fullName":"createTodoInteractor.list throws NOT_FOUND when the app does not exist","status":"passed","title":"throws NOT_FOUND when the app does not exist","duration":0.2236000000000331,"failureMessages":[],"meta":{},"tags":[]},{"ancestorTitles":["createTodoInteractor.get"],"fullName":"createTodoInteractor.get returns the todo when found","status":"passed","title":"returns the todo when found","duration":0.36569999999994707,"failureMessages":[],"meta":{},"tags":[]},{"ancestorTitles":["createTodoInteractor.get"],"fullName":"createTodoInteractor.get throws NOT_FOUND when the todo does not exist","status":"passed","title":"throws NOT_FOUND when the todo does not exist","duration":0.3235000000000241,"failureMessages":[],"meta":{},"tags":[]},{"ancestorTitles":["createTodoInteractor.get"],"fullName":"createTodoInteractor.get throws NOT_FOUND when the app does not exist","status":"passed","title":"throws NOT_FOUND when the app does not exist","duration":0.23739999999997963,"failureMessages":[],"meta":{},"tags":[]},{"ancestorTitles":["createTodoInteractor.update"],"fullName":"createTodoInteractor.update saves and returns the todo with updated title","status":"passed","title":"saves and returns the todo with updated title","duration":0.5738999999999805,"failureMessages":[],"meta":{},"tags":[]},{"ancestorTitles":["createTodoInteractor.update"],"fullName":"createTodoInteractor.update updates completed status","status":"passed","title":"updates completed status","duration":0.26380000000000337,"failureMessages":[],"meta":{},"tags":[]},{"ancestorTitles":["createTodoInteractor.update"],"fullName":"createTodoInteractor.update preserves original values when no update fields are provided","status":"passed","title":"preserves original values when no update fields are provided","duration":0.24450000000001637,"failureMessages":[],"meta":{},"tags":[]},{"ancestorTitles":["createTodoInteractor.update"],"fullName":"createTodoInteractor.update throws NOT_FOUND when the todo does not exist","status":"passed","title":"throws NOT_FOUND when the todo does not exist","duration":0.20050000000003365,"failureMessages":[],"meta":{},"tags":[]},{"ancestorTitles":["createTodoInteractor.update"],"fullName":"createTodoInteractor.update throws NOT_FOUND when the app does not exist","status":"passed","title":"throws NOT_FOUND when the app does not exist","duration":1.1924000000000206,"failureMessages":[],"meta":{},"tags":[]},{"ancestorTitles":["createTodoInteractor.delete"],"fullName":"createTodoInteractor.delete marks the todo as deleted and returns it","status":"passed","title":"marks the todo as deleted and returns it","duration":0.527499999999975,"failureMessages":[],"meta":{},"tags":[]},{"ancestorTitles":["createTodoInteractor.delete"],"fullName":"createTodoInteractor.delete throws NOT_FOUND when the todo does not exist","status":"passed","title":"throws NOT_FOUND when the todo does not exist","duration":0.3120000000000118,"failureMessages":[],"meta":{},"tags":[]},{"ancestorTitles":["createTodoInteractor.delete"],"fullName":"createTodoInteractor.delete throws NOT_FOUND when the app does not exist","status":"passed","title":"throws NOT_FOUND when the app does not exist","duration":0.3516999999999939,"failureMessages":[],"meta":{},"tags":[]}],"startTime":1777124334411,"endTime":1777124334421.3518,"status":"passed","message":"","name":"C:/Users/Kazum/Desktop/programming/AI/website/tddTodoApp/backend/src/services/todo-interactor.test.ts"},{"assertionResults":[{"ancestorTitles":["createInMemoryAppRepository","save / findActiveById"],"fullName":"createInMemoryAppRepository save / findActiveById stores and retrieves an app by id","status":"passed","title":"stores and retrieves an app by id","duration":2.9429999999999836,"failureMessages":[],"meta":{},"tags":[]},{"ancestorTitles":["createInMemoryAppRepository","save / findActiveById"],"fullName":"createInMemoryAppRepository save / findActiveById returns null for an unknown id","status":"passed","title":"returns null for an unknown id","duration":0.31899999999996,"failureMessages":[],"meta":{},"tags":[]},{"ancestorTitles":["createInMemoryAppRepository","save / findActiveById"],"fullName":"createInMemoryAppRepository save / findActiveById returns null for a soft-deleted app","status":"passed","title":"returns null for a soft-deleted app","duration":0.2961999999999989,"failureMessages":[],"meta":{},"tags":[]},{"ancestorTitles":["createInMemoryAppRepository","save / findActiveById"],"fullName":"createInMemoryAppRepository save / findActiveById returns a copy, not the original reference","status":"passed","title":"returns a copy, not the original reference","duration":0.8267999999999915,"failureMessages":[],"meta":{},"tags":[]},{"ancestorTitles":["createInMemoryAppRepository","save / findActiveById"],"fullName":"createInMemoryAppRepository save / findActiveById overwrites the app on repeated saves","status":"passed","title":"overwrites the app on repeated saves","duration":0.35969999999997526,"failureMessages":[],"meta":{},"tags":[]},{"ancestorTitles":["createInMemoryAppRepository","listActive"],"fullName":"createInMemoryAppRepository listActive returns all active (non-deleted) apps","status":"passed","title":"returns all active (non-deleted) apps","duration":1.0844000000000165,"failureMessages":[],"meta":{},"tags":[]},{"ancestorTitles":["createInMemoryAppRepository","listActive"],"fullName":"createInMemoryAppRepository listActive excludes soft-deleted apps","status":"passed","title":"excludes soft-deleted apps","duration":0.5070999999999799,"failureMessages":[],"meta":{},"tags":[]},{"ancestorTitles":["createInMemoryAppRepository","listActive"],"fullName":"createInMemoryAppRepository listActive returns an empty array when no apps exist","status":"passed","title":"returns an empty array when no apps exist","duration":0.22310000000004493,"failureMessages":[],"meta":{},"tags":[]},{"ancestorTitles":["createInMemoryAppRepository","existsActiveByName"],"fullName":"createInMemoryAppRepository existsActiveByName returns true when an active app with the name exists","status":"passed","title":"returns true when an active app with the name exists","duration":0.5573999999999728,"failureMessages":[],"meta":{},"tags":[]},{"ancestorTitles":["createInMemoryAppRepository","existsActiveByName"],"fullName":"createInMemoryAppRepository existsActiveByName returns false when no app with the name exists","status":"passed","title":"returns false when no app with the name exists","duration":0.251700000000028,"failureMessages":[],"meta":{},"tags":[]},{"ancestorTitles":["createInMemoryAppRepository","existsActiveByName"],"fullName":"createInMemoryAppRepository existsActiveByName returns false for a soft-deleted app with the same name","status":"passed","title":"returns false for a soft-deleted app with the same name","duration":0.30529999999998836,"failureMessages":[],"meta":{},"tags":[]},{"ancestorTitles":["createInMemoryAppRepository","existsActiveByName"],"fullName":"createInMemoryAppRepository existsActiveByName returns false when the only match is the excluded id","status":"passed","title":"returns false when the only match is the excluded id","duration":0.17909999999994852,"failureMessages":[],"meta":{},"tags":[]},{"ancestorTitles":["createInMemoryAppRepository","existsActiveByName"],"fullName":"createInMemoryAppRepository existsActiveByName returns true when another app has the same name (excluding self)","status":"passed","title":"returns true when another app has the same name (excluding self)","duration":0.17809999999997217,"failureMessages":[],"meta":{},"tags":[]},{"ancestorTitles":["createInMemoryTodoRepository","save / findActiveById"],"fullName":"createInMemoryTodoRepository save / findActiveById stores and retrieves a todo by appId and todoId","status":"passed","title":"stores and retrieves a todo by appId and todoId","duration":0.4692000000000007,"failureMessages":[],"meta":{},"tags":[]},{"ancestorTitles":["createInMemoryTodoRepository","save / findActiveById"],"fullName":"createInMemoryTodoRepository save / findActiveById returns null for an unknown todo id","status":"passed","title":"returns null for an unknown todo id","duration":0.16219999999998436,"failureMessages":[],"meta":{},"tags":[]},{"ancestorTitles":["createInMemoryTodoRepository","save / findActiveById"],"fullName":"createInMemoryTodoRepository save / findActiveById returns null when appId does not match","status":"passed","title":"returns null when appId does not match","duration":0.146000000000015,"failureMessages":[],"meta":{},"tags":[]},{"ancestorTitles":["createInMemoryTodoRepository","save / findActiveById"],"fullName":"createInMemoryTodoRepository save / findActiveById returns null for a soft-deleted todo","status":"passed","title":"returns null for a soft-deleted todo","duration":0.14150000000000773,"failureMessages":[],"meta":{},"tags":[]},{"ancestorTitles":["createInMemoryTodoRepository","save / findActiveById"],"fullName":"createInMemoryTodoRepository save / findActiveById returns a copy, not the original reference","status":"passed","title":"returns a copy, not the original reference","duration":0.19089999999999918,"failureMessages":[],"meta":{},"tags":[]},{"ancestorTitles":["createInMemoryTodoRepository","listActiveByAppId"],"fullName":"createInMemoryTodoRepository listActiveByAppId returns active todos for the given appId","status":"passed","title":"returns active todos for the given appId","duration":0.3575999999999908,"failureMessages":[],"meta":{},"tags":[]},{"ancestorTitles":["createInMemoryTodoRepository","listActiveByAppId"],"fullName":"createInMemoryTodoRepository listActiveByAppId excludes todos from a different app","status":"passed","title":"excludes todos from a different app","duration":0.22530000000000427,"failureMessages":[],"meta":{},"tags":[]},{"ancestorTitles":["createInMemoryTodoRepository","listActiveByAppId"],"fullName":"createInMemoryTodoRepository listActiveByAppId excludes soft-deleted todos","status":"passed","title":"excludes soft-deleted todos","duration":0.3398000000000252,"failureMessages":[],"meta":{},"tags":[]},{"ancestorTitles":["createInMemoryTodoRepository","listActiveByAppId"],"fullName":"createInMemoryTodoRepository listActiveByAppId returns an empty array when no todos exist for the appId","status":"passed","title":"returns an empty array when no todos exist for the appId","duration":0.19290000000000873,"failureMessages":[],"meta":{},"tags":[]},{"ancestorTitles":["createInMemoryTodoRepository","REPOSITORY_ERROR wrapping"],"fullName":"createInMemoryTodoRepository REPOSITORY_ERROR wrapping save on a corrupted storage wraps the error as AppError","status":"passed","title":"save on a corrupted storage wraps the error as AppError","duration":2.4769000000000005,"failureMessages":[],"meta":{},"tags":[]}],"startTime":1777124334414,"endTime":1777124334427.4768,"status":"passed","message":"","name":"C:/Users/Kazum/Desktop/programming/AI/website/tddTodoApp/backend/src/infrastructure/in-memory-repositories.test.ts"},{"assertionResults":[{"ancestorTitles":["AppController integration","create"],"fullName":"AppController integration create returns 201 with success:true and app DTO on valid input","status":"passed","title":"returns 201 with success:true and app DTO on valid input","duration":6.099299999999971,"failureMessages":[],"meta":{},"tags":[]},{"ancestorTitles":["AppController integration","create"],"fullName":"AppController integration create DTO does not include deletedAt","status":"passed","title":"DTO does not include deletedAt","duration":0.6000000000000227,"failureMessages":[],"meta":{},"tags":[]},{"ancestorTitles":["AppController integration","create"],"fullName":"AppController integration create returns 422 when name is missing","status":"passed","title":"returns 422 when name is missing","duration":0.3299000000000092,"failureMessages":[],"meta":{},"tags":[]},{"ancestorTitles":["AppController integration","create"],"fullName":"AppController integration create returns 422 when name is not a string","status":"passed","title":"returns 422 when name is not a string","duration":0.27359999999998763,"failureMessages":[],"meta":{},"tags":[]},{"ancestorTitles":["AppController integration","create"],"fullName":"AppController integration create returns 422 when name is an empty string","status":"passed","title":"returns 422 when name is an empty string","duration":0.21980000000002065,"failureMessages":[],"meta":{},"tags":[]},{"ancestorTitles":["AppController integration","create"],"fullName":"AppController integration create returns 409 when the name is already taken","status":"passed","title":"returns 409 when the name is already taken","duration":0.24109999999996035,"failureMessages":[],"meta":{},"tags":[]},{"ancestorTitles":["AppController integration","create"],"fullName":"AppController integration create returns 422 when body is null","status":"passed","title":"returns 422 when body is null","duration":0.11650000000003047,"failureMessages":[],"meta":{},"tags":[]},{"ancestorTitles":["AppController integration","list"],"fullName":"AppController integration list returns 200 with an empty array when no apps exist","status":"passed","title":"returns 200 with an empty array when no apps exist","duration":0.28870000000000573,"failureMessages":[],"meta":{},"tags":[]},{"ancestorTitles":["AppController integration","list"],"fullName":"AppController integration list returns 200 with all created apps","status":"passed","title":"returns 200 with all created apps","duration":0.431699999999978,"failureMessages":[],"meta":{},"tags":[]},{"ancestorTitles":["AppController integration","get"],"fullName":"AppController integration get returns 200 with the correct app","status":"passed","title":"returns 200 with the correct app","duration":0.3080999999999676,"failureMessages":[],"meta":{},"tags":[]},{"ancestorTitles":["AppController integration","get"],"fullName":"AppController integration get returns 404 for an unknown id","status":"passed","title":"returns 404 for an unknown id","duration":0.21739999999999782,"failureMessages":[],"meta":{},"tags":[]},{"ancestorTitles":["AppController integration","update"],"fullName":"AppController integration update returns 200 with the updated app","status":"passed","title":"returns 200 with the updated app","duration":0.2185999999999808,"failureMessages":[],"meta":{},"tags":[]},{"ancestorTitles":["AppController integration","update"],"fullName":"AppController integration update returns 422 when updated name is empty","status":"passed","title":"returns 422 when updated name is empty","duration":0.17029999999999745,"failureMessages":[],"meta":{},"tags":[]},{"ancestorTitles":["AppController integration","update"],"fullName":"AppController integration update returns 409 when the new name conflicts","status":"passed","title":"returns 409 when the new name conflicts","duration":0.1845000000000141,"failureMessages":[],"meta":{},"tags":[]},{"ancestorTitles":["AppController integration","update"],"fullName":"AppController integration update returns 404 for an unknown app id","status":"passed","title":"returns 404 for an unknown app id","duration":1.0944000000000074,"failureMessages":[],"meta":{},"tags":[]},{"ancestorTitles":["AppController integration","delete"],"fullName":"AppController integration delete returns 200 with the soft-deleted app","status":"passed","title":"returns 200 with the soft-deleted app","duration":0.31689999999997553,"failureMessages":[],"meta":{},"tags":[]},{"ancestorTitles":["AppController integration","delete"],"fullName":"AppController integration delete returns 404 for an unknown app id","status":"passed","title":"returns 404 for an unknown app id","duration":0.10759999999999081,"failureMessages":[],"meta":{},"tags":[]}],"startTime":1777124334427,"endTime":1777124334439.317,"status":"passed","message":"","name":"C:/Users/Kazum/Desktop/programming/AI/website/tddTodoApp/backend/src/tests/integrations/controllers/app-controller.test.ts"},{"assertionResults":[{"ancestorTitles":["HttpPresenter integration","presentApp"],"fullName":"HttpPresenter integration presentApp returns the correct DTO shape from a real app entity","status":"passed","title":"returns the correct DTO shape from a real app entity","duration":3.8191000000000486,"failureMessages":[],"meta":{},"tags":[]},{"ancestorTitles":["HttpPresenter integration","presentApp"],"fullName":"HttpPresenter integration presentApp DTO does not include deletedAt","status":"passed","title":"DTO does not include deletedAt","duration":0.6544000000000096,"failureMessages":[],"meta":{},"tags":[]},{"ancestorTitles":["HttpPresenter integration","presentApp"],"fullName":"HttpPresenter integration presentApp createdAt and updatedAt are ISO strings from the real entity","status":"passed","title":"createdAt and updatedAt are ISO strings from the real entity","duration":0.3394999999999868,"failureMessages":[],"meta":{},"tags":[]},{"ancestorTitles":["HttpPresenter integration","presentApp"],"fullName":"HttpPresenter integration presentApp name matches what was given at creation","status":"passed","title":"name matches what was given at creation","duration":0.2622000000000071,"failureMessages":[],"meta":{},"tags":[]},{"ancestorTitles":["HttpPresenter integration","presentTodo"],"fullName":"HttpPresenter integration presentTodo returns the correct DTO shape from a real todo entity","status":"passed","title":"returns the correct DTO shape from a real todo entity","duration":0.4005000000000223,"failureMessages":[],"meta":{},"tags":[]},{"ancestorTitles":["HttpPresenter integration","presentTodo"],"fullName":"HttpPresenter integration presentTodo DTO does not include deletedAt","status":"passed","title":"DTO does not include deletedAt","duration":0.21460000000001855,"failureMessages":[],"meta":{},"tags":[]},{"ancestorTitles":["HttpPresenter integration","presentTodo"],"fullName":"HttpPresenter integration presentTodo appId matches the parent app","status":"passed","title":"appId matches the parent app","duration":0.25200000000000955,"failureMessages":[],"meta":{},"tags":[]},{"ancestorTitles":["HttpPresenter integration","presentTodo"],"fullName":"HttpPresenter integration presentTodo completed defaults to false on a freshly created todo","status":"passed","title":"completed defaults to false on a freshly created todo","duration":0.22989999999998645,"failureMessages":[],"meta":{},"tags":[]},{"ancestorTitles":["HttpPresenter integration","presentTodo"],"fullName":"HttpPresenter integration presentTodo completed reflects the updated value from the real entity","status":"passed","title":"completed reflects the updated value from the real entity","duration":0.5624000000000251,"failureMessages":[],"meta":{},"tags":[]}],"startTime":1777124334424,"endTime":1777124334430.5625,"status":"passed","message":"","name":"C:/Users/Kazum/Desktop/programming/AI/website/tddTodoApp/backend/src/tests/integrations/controllers/http-presenter.test.ts"},{"assertionResults":[{"ancestorTitles":["RequestValidation integration","parseCreateAppInput"],"fullName":"RequestValidation integration parseCreateAppInput returns CreateAppInput with trimmed name","status":"passed","title":"returns CreateAppInput with trimmed name","duration":1.7726999999999862,"failureMessages":[],"meta":{},"tags":[]},{"ancestorTitles":["RequestValidation integration","parseCreateAppInput"],"fullName":"RequestValidation integration parseCreateAppInput throws VALIDATION_ERROR when name is missing","status":"passed","title":"throws VALIDATION_ERROR when name is missing","duration":0.42770000000001573,"failureMessages":[],"meta":{},"tags":[]},{"ancestorTitles":["RequestValidation integration","parseCreateAppInput"],"fullName":"RequestValidation integration parseCreateAppInput throws VALIDATION_ERROR when name is a number","status":"passed","title":"throws VALIDATION_ERROR when name is a number","duration":0.1419999999999959,"failureMessages":[],"meta":{},"tags":[]},{"ancestorTitles":["RequestValidation integration","parseCreateAppInput"],"fullName":"RequestValidation integration parseCreateAppInput throws VALIDATION_ERROR when name is whitespace only","status":"passed","title":"throws VALIDATION_ERROR when name is whitespace only","duration":0.16200000000003456,"failureMessages":[],"meta":{},"tags":[]},{"ancestorTitles":["RequestValidation integration","parseCreateAppInput"],"fullName":"RequestValidation integration parseCreateAppInput throws VALIDATION_ERROR when name exceeds 100 characters","status":"passed","title":"throws VALIDATION_ERROR when name exceeds 100 characters","duration":0.14220000000000255,"failureMessages":[],"meta":{},"tags":[]},{"ancestorTitles":["RequestValidation integration","parseCreateAppInput"],"fullName":"RequestValidation integration parseCreateAppInput accepts a name of exactly 100 characters","status":"passed","title":"accepts a name of exactly 100 characters","duration":0.6077000000000226,"failureMessages":[],"meta":{},"tags":[]},{"ancestorTitles":["RequestValidation integration","parseCreateAppInput"],"fullName":"RequestValidation integration parseCreateAppInput returns empty name from null body (null → empty record)","status":"passed","title":"returns empty name from null body (null → empty record)","duration":0.1945999999999799,"failureMessages":[],"meta":{},"tags":[]},{"ancestorTitles":["RequestValidation integration","parseCreateAppInput"],"fullName":"RequestValidation integration parseCreateAppInput throws VALIDATION_ERROR when body is an array","status":"passed","title":"throws VALIDATION_ERROR when body is an array","duration":0.18360000000001264,"failureMessages":[],"meta":{},"tags":[]},{"ancestorTitles":["RequestValidation integration","parseUpdateAppInput"],"fullName":"RequestValidation integration parseUpdateAppInput returns UpdateAppInput with appId only when body is empty","status":"passed","title":"returns UpdateAppInput with appId only when body is empty","duration":0.42549999999999955,"failureMessages":[],"meta":{},"tags":[]},{"ancestorTitles":["RequestValidation integration","parseUpdateAppInput"],"fullName":"RequestValidation integration parseUpdateAppInput includes trimmed name when provided","status":"passed","title":"includes trimmed name when provided","duration":0.1827000000000112,"failureMessages":[],"meta":{},"tags":[]},{"ancestorTitles":["RequestValidation integration","parseUpdateAppInput"],"fullName":"RequestValidation integration parseUpdateAppInput throws VALIDATION_ERROR when name is an empty string","status":"passed","title":"throws VALIDATION_ERROR when name is an empty string","duration":0.15910000000002356,"failureMessages":[],"meta":{},"tags":[]},{"ancestorTitles":["RequestValidation integration","parseUpdateAppInput"],"fullName":"RequestValidation integration parseUpdateAppInput throws VALIDATION_ERROR when name is not a string","status":"passed","title":"throws VALIDATION_ERROR when name is not a string","duration":0.09120000000001482,"failureMessages":[],"meta":{},"tags":[]},{"ancestorTitles":["RequestValidation integration","parseUpdateAppInput"],"fullName":"RequestValidation integration parseUpdateAppInput throws VALIDATION_ERROR when name exceeds 100 characters","status":"passed","title":"throws VALIDATION_ERROR when name exceeds 100 characters","duration":0.09139999999996462,"failureMessages":[],"meta":{},"tags":[]},{"ancestorTitles":["RequestValidation integration","parseUpdateAppInput"],"fullName":"RequestValidation integration parseUpdateAppInput ignores unknown extra fields","status":"passed","title":"ignores unknown extra fields","duration":0.07670000000001664,"failureMessages":[],"meta":{},"tags":[]},{"ancestorTitles":["RequestValidation integration","parseCreateTodoInput"],"fullName":"RequestValidation integration parseCreateTodoInput returns CreateTodoInput with appId and trimmed title","status":"passed","title":"returns CreateTodoInput with appId and trimmed title","duration":0.196899999999971,"failureMessages":[],"meta":{},"tags":[]},{"ancestorTitles":["RequestValidation integration","parseCreateTodoInput"],"fullName":"RequestValidation integration parseCreateTodoInput throws VALIDATION_ERROR when title is missing","status":"passed","title":"throws VALIDATION_ERROR when title is missing","duration":0.1449999999999818,"failureMessages":[],"meta":{},"tags":[]},{"ancestorTitles":["RequestValidation integration","parseCreateTodoInput"],"fullName":"RequestValidation integration parseCreateTodoInput throws VALIDATION_ERROR when title is a number","status":"passed","title":"throws VALIDATION_ERROR when title is a number","duration":0.09639999999996007,"failureMessages":[],"meta":{},"tags":[]},{"ancestorTitles":["RequestValidation integration","parseCreateTodoInput"],"fullName":"RequestValidation integration parseCreateTodoInput throws VALIDATION_ERROR when title is whitespace only","status":"passed","title":"throws VALIDATION_ERROR when title is whitespace only","duration":0.0725999999999658,"failureMessages":[],"meta":{},"tags":[]},{"ancestorTitles":["RequestValidation integration","parseCreateTodoInput"],"fullName":"RequestValidation integration parseCreateTodoInput throws VALIDATION_ERROR when title exceeds 200 characters","status":"passed","title":"throws VALIDATION_ERROR when title exceeds 200 characters","duration":0.07269999999999754,"failureMessages":[],"meta":{},"tags":[]},{"ancestorTitles":["RequestValidation integration","parseCreateTodoInput"],"fullName":"RequestValidation integration parseCreateTodoInput accepts a title of exactly 200 characters","status":"passed","title":"accepts a title of exactly 200 characters","duration":0.1268000000000029,"failureMessages":[],"meta":{},"tags":[]},{"ancestorTitles":["RequestValidation integration","parseCreateTodoInput"],"fullName":"RequestValidation integration parseCreateTodoInput preserves the appId in the returned input","status":"passed","title":"preserves the appId in the returned input","duration":0.13549999999997908,"failureMessages":[],"meta":{},"tags":[]},{"ancestorTitles":["RequestValidation integration","parseUpdateTodoInput"],"fullName":"RequestValidation integration parseUpdateTodoInput returns UpdateTodoInput with appId and todoId only when body is empty","status":"passed","title":"returns UpdateTodoInput with appId and todoId only when body is empty","duration":0.11540000000002237,"failureMessages":[],"meta":{},"tags":[]},{"ancestorTitles":["RequestValidation integration","parseUpdateTodoInput"],"fullName":"RequestValidation integration parseUpdateTodoInput includes trimmed title when provided","status":"passed","title":"includes trimmed title when provided","duration":0.07500000000004547,"failureMessages":[],"meta":{},"tags":[]},{"ancestorTitles":["RequestValidation integration","parseUpdateTodoInput"],"fullName":"RequestValidation integration parseUpdateTodoInput includes completed when provided as boolean true","status":"passed","title":"includes completed when provided as boolean true","duration":0.45299999999997453,"failureMessages":[],"meta":{},"tags":[]},{"ancestorTitles":["RequestValidation integration","parseUpdateTodoInput"],"fullName":"RequestValidation integration parseUpdateTodoInput includes completed when provided as boolean false","status":"passed","title":"includes completed when provided as boolean false","duration":0.0928000000000111,"failureMessages":[],"meta":{},"tags":[]},{"ancestorTitles":["RequestValidation integration","parseUpdateTodoInput"],"fullName":"RequestValidation integration parseUpdateTodoInput throws VALIDATION_ERROR when completed is a string","status":"passed","title":"throws VALIDATION_ERROR when completed is a string","duration":0.0876999999999839,"failureMessages":[],"meta":{},"tags":[]},{"ancestorTitles":["RequestValidation integration","parseUpdateTodoInput"],"fullName":"RequestValidation integration parseUpdateTodoInput throws VALIDATION_ERROR when title is an empty string","status":"passed","title":"throws VALIDATION_ERROR when title is an empty string","duration":0.0806999999999789,"failureMessages":[],"meta":{},"tags":[]},{"ancestorTitles":["RequestValidation integration","parseUpdateTodoInput"],"fullName":"RequestValidation integration parseUpdateTodoInput throws VALIDATION_ERROR when title exceeds 200 characters","status":"passed","title":"throws VALIDATION_ERROR when title exceeds 200 characters","duration":0.07250000000004775,"failureMessages":[],"meta":{},"tags":[]},{"ancestorTitles":["RequestValidation integration","parseUpdateTodoInput"],"fullName":"RequestValidation integration parseUpdateTodoInput accepts both title and completed together","status":"passed","title":"accepts both title and completed together","duration":0.08419999999995298,"failureMessages":[],"meta":{},"tags":[]},{"ancestorTitles":["RequestValidation integration","parseUpdateTodoInput"],"fullName":"RequestValidation integration parseUpdateTodoInput ignores unknown extra fields","status":"passed","title":"ignores unknown extra fields","duration":0.06209999999998672,"failureMessages":[],"meta":{},"tags":[]}],"startTime":1777124334421,"endTime":1777124334428.0876,"status":"passed","message":"","name":"C:/Users/Kazum/Desktop/programming/AI/website/tddTodoApp/backend/src/tests/integrations/controllers/request-validation.test.ts"},{"assertionResults":[{"ancestorTitles":["TodoController integration","create"],"fullName":"TodoController integration create returns 201 with success:true and todo DTO on valid input","status":"passed","title":"returns 201 with success:true and todo DTO on valid input","duration":4.489100000000008,"failureMessages":[],"meta":{},"tags":[]},{"ancestorTitles":["TodoController integration","create"],"fullName":"TodoController integration create DTO does not include deletedAt","status":"passed","title":"DTO does not include deletedAt","duration":0.5730000000000359,"failureMessages":[],"meta":{},"tags":[]},{"ancestorTitles":["TodoController integration","create"],"fullName":"TodoController integration create returns 422 when title is missing","status":"passed","title":"returns 422 when title is missing","duration":0.30380000000002383,"failureMessages":[],"meta":{},"tags":[]},{"ancestorTitles":["TodoController integration","create"],"fullName":"TodoController integration create returns 422 when title is not a string","status":"passed","title":"returns 422 when title is not a string","duration":0.22320000000001983,"failureMessages":[],"meta":{},"tags":[]},{"ancestorTitles":["TodoController integration","create"],"fullName":"TodoController integration create returns 422 when title is whitespace only","status":"passed","title":"returns 422 when title is whitespace only","duration":0.20879999999999654,"failureMessages":[],"meta":{},"tags":[]},{"ancestorTitles":["TodoController integration","create"],"fullName":"TodoController integration create returns 404 when the app does not exist","status":"passed","title":"returns 404 when the app does not exist","duration":0.21390000000002374,"failureMessages":[],"meta":{},"tags":[]},{"ancestorTitles":["TodoController integration","create"],"fullName":"TodoController integration create returns 422 when body is null","status":"passed","title":"returns 422 when body is null","duration":0.19139999999998736,"failureMessages":[],"meta":{},"tags":[]},{"ancestorTitles":["TodoController integration","list"],"fullName":"TodoController integration list returns 200 with empty array when no todos","status":"passed","title":"returns 200 with empty array when no todos","duration":0.3124000000000251,"failureMessages":[],"meta":{},"tags":[]},{"ancestorTitles":["TodoController integration","list"],"fullName":"TodoController integration list returns 200 with all todos for the app","status":"passed","title":"returns 200 with all todos for the app","duration":0.4400999999999726,"failureMessages":[],"meta":{},"tags":[]},{"ancestorTitles":["TodoController integration","list"],"fullName":"TodoController integration list returns 404 when the app does not exist","status":"passed","title":"returns 404 when the app does not exist","duration":0.20369999999996935,"failureMessages":[],"meta":{},"tags":[]},{"ancestorTitles":["TodoController integration","get"],"fullName":"TodoController integration get returns 200 with the correct todo","status":"passed","title":"returns 200 with the correct todo","duration":0.295599999999979,"failureMessages":[],"meta":{},"tags":[]},{"ancestorTitles":["TodoController integration","get"],"fullName":"TodoController integration get returns 404 for an unknown todoId","status":"passed","title":"returns 404 for an unknown todoId","duration":0.12770000000000437,"failureMessages":[],"meta":{},"tags":[]},{"ancestorTitles":["TodoController integration","get"],"fullName":"TodoController integration get returns 404 when the app does not exist","status":"passed","title":"returns 404 when the app does not exist","duration":0.08679999999998245,"failureMessages":[],"meta":{},"tags":[]},{"ancestorTitles":["TodoController integration","update"],"fullName":"TodoController integration update returns 200 with updated title","status":"passed","title":"returns 200 with updated title","duration":0.22230000000001837,"failureMessages":[],"meta":{},"tags":[]},{"ancestorTitles":["TodoController integration","update"],"fullName":"TodoController integration update returns 200 with completed set to true","status":"passed","title":"returns 200 with completed set to true","duration":0.202699999999993,"failureMessages":[],"meta":{},"tags":[]},{"ancestorTitles":["TodoController integration","update"],"fullName":"TodoController integration update returns 422 when completed is not a boolean","status":"passed","title":"returns 422 when completed is not a boolean","duration":0.12299999999999045,"failureMessages":[],"meta":{},"tags":[]},{"ancestorTitles":["TodoController integration","update"],"fullName":"TodoController integration update returns 422 when updated title is empty","status":"passed","title":"returns 422 when updated title is empty","duration":0.11340000000001282,"failureMessages":[],"meta":{},"tags":[]},{"ancestorTitles":["TodoController integration","update"],"fullName":"TodoController integration update returns 404 for unknown todo","status":"passed","title":"returns 404 for unknown todo","duration":0.0817000000000121,"failureMessages":[],"meta":{},"tags":[]},{"ancestorTitles":["TodoController integration","update"],"fullName":"TodoController integration update returns 404 when app does not exist","status":"passed","title":"returns 404 when app does not exist","duration":0.08010000000001583,"failureMessages":[],"meta":{},"tags":[]},{"ancestorTitles":["TodoController integration","delete"],"fullName":"TodoController integration delete returns 200 with the soft-deleted todo","status":"passed","title":"returns 200 with the soft-deleted todo","duration":0.15919999999999845,"failureMessages":[],"meta":{},"tags":[]},{"ancestorTitles":["TodoController integration","delete"],"fullName":"TodoController integration delete returns 404 for unknown todo","status":"passed","title":"returns 404 for unknown todo","duration":0.14220000000000255,"failureMessages":[],"meta":{},"tags":[]},{"ancestorTitles":["TodoController integration","delete"],"fullName":"TodoController integration delete returns 404 when app does not exist","status":"passed","title":"returns 404 when app does not exist","duration":0.0835999999999899,"failureMessages":[],"meta":{},"tags":[]}],"startTime":1777124334451,"endTime":1777124334461.142,"status":"passed","message":"","name":"C:/Users/Kazum/Desktop/programming/AI/website/tddTodoApp/backend/src/tests/integrations/controllers/todo-controller.test.ts"},{"assertionResults":[{"ancestorTitles":["POST /api/v1/apps"],"fullName":"POST /api/v1/apps 201: creates an app with correct response shape","status":"passed","title":"201: creates an app with correct response shape","duration":19.540999999999997,"failureMessages":[],"meta":{},"tags":[]},{"ancestorTitles":["POST /api/v1/apps"],"fullName":"POST /api/v1/apps 422: missing name field","status":"passed","title":"422: missing name field","duration":0.8693999999999846,"failureMessages":[],"meta":{},"tags":[]},{"ancestorTitles":["POST /api/v1/apps"],"fullName":"POST /api/v1/apps 422: empty string name","status":"passed","title":"422: empty string name","duration":0.5653999999999542,"failureMessages":[],"meta":{},"tags":[]},{"ancestorTitles":["POST /api/v1/apps"],"fullName":"POST /api/v1/apps 422: whitespace-only name","status":"passed","title":"422: whitespace-only name","duration":0.49500000000000455,"failureMessages":[],"meta":{},"tags":[]},{"ancestorTitles":["POST /api/v1/apps"],"fullName":"POST /api/v1/apps 422: name exceeds 100 characters (101 chars)","status":"passed","title":"422: name exceeds 100 characters (101 chars)","duration":0.9688999999999623,"failureMessages":[],"meta":{},"tags":[]},{"ancestorTitles":["POST /api/v1/apps"],"fullName":"POST /api/v1/apps 201: name at exactly 100 characters is accepted","status":"passed","title":"201: name at exactly 100 characters is accepted","duration":0.477299999999957,"failureMessages":[],"meta":{},"tags":[]},{"ancestorTitles":["POST /api/v1/apps"],"fullName":"POST /api/v1/apps 409: duplicate app name","status":"passed","title":"409: duplicate app name","duration":0.540800000000047,"failureMessages":[],"meta":{},"tags":[]},{"ancestorTitles":["GET /api/v1/apps"],"fullName":"GET /api/v1/apps 200: returns an array","status":"passed","title":"200: returns an array","duration":0.5939999999999941,"failureMessages":[],"meta":{},"tags":[]},{"ancestorTitles":["GET /api/v1/apps"],"fullName":"GET /api/v1/apps 200: includes a previously created app","status":"passed","title":"200: includes a previously created app","duration":0.8256999999999834,"failureMessages":[],"meta":{},"tags":[]},{"ancestorTitles":["GET /api/v1/apps"],"fullName":"GET /api/v1/apps 200: excludes soft-deleted apps","status":"passed","title":"200: excludes soft-deleted apps","duration":0.7456999999999994,"failureMessages":[],"meta":{},"tags":[]},{"ancestorTitles":["GET /api/v1/apps"],"fullName":"GET /api/v1/apps 200: response items do not expose deletedAt","status":"passed","title":"200: response items do not expose deletedAt","duration":0.4064999999999941,"failureMessages":[],"meta":{},"tags":[]},{"ancestorTitles":["GET /api/v1/apps/:appId"],"fullName":"GET /api/v1/apps/:appId 200: returns the app","status":"passed","title":"200: returns the app","duration":0.49579999999997426,"failureMessages":[],"meta":{},"tags":[]},{"ancestorTitles":["GET /api/v1/apps/:appId"],"fullName":"GET /api/v1/apps/:appId 404: app does not exist","status":"passed","title":"404: app does not exist","duration":0.2674000000000092,"failureMessages":[],"meta":{},"tags":[]},{"ancestorTitles":["GET /api/v1/apps/:appId"],"fullName":"GET /api/v1/apps/:appId 404: soft-deleted app is not found","status":"passed","title":"404: soft-deleted app is not found","duration":0.505800000000022,"failureMessages":[],"meta":{},"tags":[]},{"ancestorTitles":["GET /api/v1/apps/:appId"],"fullName":"GET /api/v1/apps/:appId 200: response does not expose deletedAt","status":"passed","title":"200: response does not expose deletedAt","duration":0.33370000000002165,"failureMessages":[],"meta":{},"tags":[]},{"ancestorTitles":["PUT /api/v1/apps/:appId"],"fullName":"PUT /api/v1/apps/:appId 200: updates the app name","status":"passed","title":"200: updates the app name","duration":0.4954999999999927,"failureMessages":[],"meta":{},"tags":[]},{"ancestorTitles":["PUT /api/v1/apps/:appId"],"fullName":"PUT /api/v1/apps/:appId 422: empty name","status":"passed","title":"422: empty name","duration":0.3129000000000133,"failureMessages":[],"meta":{},"tags":[]},{"ancestorTitles":["PUT /api/v1/apps/:appId"],"fullName":"PUT /api/v1/apps/:appId 422: whitespace-only name","status":"passed","title":"422: whitespace-only name","duration":0.3129000000000133,"failureMessages":[],"meta":{},"tags":[]},{"ancestorTitles":["PUT /api/v1/apps/:appId"],"fullName":"PUT /api/v1/apps/:appId 422: name exceeds 100 characters","status":"passed","title":"422: name exceeds 100 characters","duration":0.33499999999997954,"failureMessages":[],"meta":{},"tags":[]},{"ancestorTitles":["PUT /api/v1/apps/:appId"],"fullName":"PUT /api/v1/apps/:appId 404: app does not exist","status":"passed","title":"404: app does not exist","duration":0.2796000000000163,"failureMessages":[],"meta":{},"tags":[]},{"ancestorTitles":["PUT /api/v1/apps/:appId"],"fullName":"PUT /api/v1/apps/:appId 409: duplicate name when updating","status":"passed","title":"409: duplicate name when updating","duration":1.2989000000000033,"failureMessages":[],"meta":{},"tags":[]},{"ancestorTitles":["PUT /api/v1/apps/:appId"],"fullName":"PUT /api/v1/apps/:appId 200: updatedAt is later than createdAt after update","status":"passed","title":"200: updatedAt is later than createdAt after update","duration":19.414999999999964,"failureMessages":[],"meta":{},"tags":[]},{"ancestorTitles":["DELETE /api/v1/apps/:appId"],"fullName":"DELETE /api/v1/apps/:appId 200: soft-deletes the app and returns it","status":"passed","title":"200: soft-deletes the app and returns it","duration":0.35489999999998645,"failureMessages":[],"meta":{},"tags":[]},{"ancestorTitles":["DELETE /api/v1/apps/:appId"],"fullName":"DELETE /api/v1/apps/:appId 200: deleted app no longer appears in GET /apps list","status":"passed","title":"200: deleted app no longer appears in GET /apps list","duration":0.41440000000000055,"failureMessages":[],"meta":{},"tags":[]},{"ancestorTitles":["DELETE /api/v1/apps/:appId"],"fullName":"DELETE /api/v1/apps/:appId 404: deleted app returns 404 on GET detail","status":"passed","title":"404: deleted app returns 404 on GET detail","duration":0.27780000000001337,"failureMessages":[],"meta":{},"tags":[]},{"ancestorTitles":["DELETE /api/v1/apps/:appId"],"fullName":"DELETE /api/v1/apps/:appId 404: app does not exist","status":"passed","title":"404: app does not exist","duration":0.2582999999999629,"failureMessages":[],"meta":{},"tags":[]},{"ancestorTitles":["DELETE /api/v1/apps/:appId"],"fullName":"DELETE /api/v1/apps/:appId 200: cascade-deletes associated todos","status":"passed","title":"200: cascade-deletes associated todos","duration":0.8597000000000321,"failureMessages":[],"meta":{},"tags":[]}],"startTime":1777124334466,"endTime":1777124334518.8596,"status":"passed","message":"","name":"C:/Users/Kazum/Desktop/programming/AI/website/tddTodoApp/backend/src/tests/integrations/infrastructure/app.test.ts"},{"assertionResults":[{"ancestorTitles":["HonoApp integration","root route"],"fullName":"HonoApp integration root route GET / returns 200 with text response","status":"passed","title":"GET / returns 200 with text response","duration":18.064599999999984,"failureMessages":[],"meta":{},"tags":[]},{"ancestorTitles":["HonoApp integration","unknown routes"],"fullName":"HonoApp integration unknown routes GET /unknown returns 404","status":"passed","title":"GET /unknown returns 404","duration":2.2743000000000393,"failureMessages":[],"meta":{},"tags":[]},{"ancestorTitles":["HonoApp integration","unknown routes"],"fullName":"HonoApp integration unknown routes GET /api/v1/unknown returns 404","status":"passed","title":"GET /api/v1/unknown returns 404","duration":0.668200000000013,"failureMessages":[],"meta":{},"tags":[]},{"ancestorTitles":["HonoApp integration","unknown routes"],"fullName":"HonoApp integration unknown routes POST /api/v1/unknown returns 404","status":"passed","title":"POST /api/v1/unknown returns 404","duration":0.6735000000000468,"failureMessages":[],"meta":{},"tags":[]},{"ancestorTitles":["HonoApp integration","Content-Type header"],"fullName":"HonoApp integration Content-Type header GET /api/v1/apps returns application/json Content-Type","status":"passed","title":"GET /api/v1/apps returns application/json Content-Type","duration":0.7977999999999952,"failureMessages":[],"meta":{},"tags":[]},{"ancestorTitles":["HonoApp integration","Content-Type header"],"fullName":"HonoApp integration Content-Type header POST /api/v1/apps returns application/json Content-Type on success","status":"passed","title":"POST /api/v1/apps returns application/json Content-Type on success","duration":1.9781000000000404,"failureMessages":[],"meta":{},"tags":[]},{"ancestorTitles":["HonoApp integration","Content-Type header"],"fullName":"HonoApp integration Content-Type header POST /api/v1/apps returns application/json Content-Type on error","status":"passed","title":"POST /api/v1/apps returns application/json Content-Type on error","duration":1.002900000000011,"failureMessages":[],"meta":{},"tags":[]},{"ancestorTitles":["HonoApp integration","malformed body handling"],"fullName":"HonoApp integration malformed body handling POST with non-JSON body falls back to empty body (returns 422)","status":"passed","title":"POST with non-JSON body falls back to empty body (returns 422)","duration":0.6605999999999881,"failureMessages":[],"meta":{},"tags":[]},{"ancestorTitles":["HonoApp integration","malformed body handling"],"fullName":"HonoApp integration malformed body handling PUT with no body falls back to empty body (returns 422 for missing name)","status":"passed","title":"PUT with no body falls back to empty body (returns 422 for missing name)","duration":1.7887000000000057,"failureMessages":[],"meta":{},"tags":[]},{"ancestorTitles":["HonoApp integration","all app routes are wired"],"fullName":"HonoApp integration all app routes are wired POST /api/v1/apps creates an app (201)","status":"passed","title":"POST /api/v1/apps creates an app (201)","duration":1.3435999999999808,"failureMessages":[],"meta":{},"tags":[]},{"ancestorTitles":["HonoApp integration","all app routes are wired"],"fullName":"HonoApp integration all app routes are wired GET /api/v1/apps lists apps (200)","status":"passed","title":"GET /api/v1/apps lists apps (200)","duration":0.42950000000001864,"failureMessages":[],"meta":{},"tags":[]},{"ancestorTitles":["HonoApp integration","all app routes are wired"],"fullName":"HonoApp integration all app routes are wired GET /api/v1/apps/:id gets app (200)","status":"passed","title":"GET /api/v1/apps/:id gets app (200)","duration":0.9248000000000047,"failureMessages":[],"meta":{},"tags":[]},{"ancestorTitles":["HonoApp integration","all app routes are wired"],"fullName":"HonoApp integration all app routes are wired PUT /api/v1/apps/:id updates app (200)","status":"passed","title":"PUT /api/v1/apps/:id updates app (200)","duration":0.8147999999999911,"failureMessages":[],"meta":{},"tags":[]},{"ancestorTitles":["HonoApp integration","all app routes are wired"],"fullName":"HonoApp integration all app routes are wired DELETE /api/v1/apps/:id deletes app (200)","status":"passed","title":"DELETE /api/v1/apps/:id deletes app (200)","duration":0.7504000000000133,"failureMessages":[],"meta":{},"tags":[]},{"ancestorTitles":["HonoApp integration","all todo routes are wired"],"fullName":"HonoApp integration all todo routes are wired POST /api/v1/apps/:id/todos creates a todo (201)","status":"passed","title":"POST /api/v1/apps/:id/todos creates a todo (201)","duration":0.9412999999999556,"failureMessages":[],"meta":{},"tags":[]},{"ancestorTitles":["HonoApp integration","all todo routes are wired"],"fullName":"HonoApp integration all todo routes are wired GET /api/v1/apps/:id/todos lists todos (200)","status":"passed","title":"GET /api/v1/apps/:id/todos lists todos (200)","duration":0.6186000000000149,"failureMessages":[],"meta":{},"tags":[]}],"startTime":1777124334454,"endTime":1777124334488.6187,"status":"passed","message":"","name":"C:/Users/Kazum/Desktop/programming/AI/website/tddTodoApp/backend/src/tests/integrations/infrastructure/hono-app.test.ts"},{"assertionResults":[{"ancestorTitles":["InMemoryRepositories cross-repo integration","shared storage between app and todo repos"],"fullName":"InMemoryRepositories cross-repo integration shared storage between app and todo repos save in appRepo and retrieve from the same storage","status":"passed","title":"save in appRepo and retrieve from the same storage","duration":1.7401999999999873,"failureMessages":[],"meta":{},"tags":[]},{"ancestorTitles":["InMemoryRepositories cross-repo integration","shared storage between app and todo repos"],"fullName":"InMemoryRepositories cross-repo integration shared storage between app and todo repos save in todoRepo and retrieve from the same storage","status":"passed","title":"save in todoRepo and retrieve from the same storage","duration":0.2891999999999939,"failureMessages":[],"meta":{},"tags":[]},{"ancestorTitles":["InMemoryRepositories cross-repo integration","shared storage between app and todo repos"],"fullName":"InMemoryRepositories cross-repo integration shared storage between app and todo repos both repos share the same storage instance (app deletion visible to todoRepo)","status":"passed","title":"both repos share the same storage instance (app deletion visible to todoRepo)","duration":0.9438000000000102,"failureMessages":[],"meta":{},"tags":[]},{"ancestorTitles":["InMemoryRepositories cross-repo integration","shared storage between app and todo repos"],"fullName":"InMemoryRepositories cross-repo integration shared storage between app and todo repos storage.clear() resets both repos at once","status":"passed","title":"storage.clear() resets both repos at once","duration":0.44700000000000273,"failureMessages":[],"meta":{},"tags":[]},{"ancestorTitles":["InMemoryRepositories cross-repo integration","separate storage instances are isolated"],"fullName":"InMemoryRepositories cross-repo integration separate storage instances are isolated two separate storages do not share data","status":"passed","title":"two separate storages do not share data","duration":0.37189999999998236,"failureMessages":[],"meta":{},"tags":[]},{"ancestorTitles":["InMemoryRepositories cross-repo integration","app repo cross-repo cascade scenario"],"fullName":"InMemoryRepositories cross-repo integration app repo cross-repo cascade scenario manual cascade: soft-deleting todos after app delete removes them from active list","status":"passed","title":"manual cascade: soft-deleting todos after app delete removes them from active list","duration":0.29899999999997817,"failureMessages":[],"meta":{},"tags":[]},{"ancestorTitles":["InMemoryRepositories cross-repo integration","app repo cross-repo cascade scenario"],"fullName":"InMemoryRepositories cross-repo integration app repo cross-repo cascade scenario todos from one app are invisible to another app","status":"passed","title":"todos from one app are invisible to another app","duration":0.5074000000000183,"failureMessages":[],"meta":{},"tags":[]},{"ancestorTitles":["InMemoryRepositories cross-repo integration","repository returns clones (no mutation through returned reference)"],"fullName":"InMemoryRepositories cross-repo integration repository returns clones (no mutation through returned reference) mutating a returned app entity does not affect stored data","status":"passed","title":"mutating a returned app entity does not affect stored data","duration":0.28350000000000364,"failureMessages":[],"meta":{},"tags":[]},{"ancestorTitles":["InMemoryRepositories cross-repo integration","repository returns clones (no mutation through returned reference)"],"fullName":"InMemoryRepositories cross-repo integration repository returns clones (no mutation through returned reference) mutating a returned todo entity does not affect stored data","status":"passed","title":"mutating a returned todo entity does not affect stored data","duration":0.5149999999999864,"failureMessages":[],"meta":{},"tags":[]}],"startTime":1777124334427,"endTime":1777124334432.515,"status":"passed","message":"","name":"C:/Users/Kazum/Desktop/programming/AI/website/tddTodoApp/backend/src/tests/integrations/infrastructure/in-memory-repositories.test.ts"},{"assertionResults":[{"ancestorTitles":["InMemoryStorage integration","createInMemoryStorage"],"fullName":"InMemoryStorage integration createInMemoryStorage creates storage with empty apps map","status":"passed","title":"creates storage with empty apps map","duration":2.114699999999999,"failureMessages":[],"meta":{},"tags":[]},{"ancestorTitles":["InMemoryStorage integration","createInMemoryStorage"],"fullName":"InMemoryStorage integration createInMemoryStorage creates storage with empty todos map","status":"passed","title":"creates storage with empty todos map","duration":0.2259000000000242,"failureMessages":[],"meta":{},"tags":[]},{"ancestorTitles":["InMemoryStorage integration","createInMemoryStorage"],"fullName":"InMemoryStorage integration createInMemoryStorage apps and todos are separate Map instances","status":"passed","title":"apps and todos are separate Map instances","duration":0.9670999999999879,"failureMessages":[],"meta":{},"tags":[]},{"ancestorTitles":["InMemoryStorage integration","createInMemoryStorage"],"fullName":"InMemoryStorage integration createInMemoryStorage creates a fresh independent instance each time","status":"passed","title":"creates a fresh independent instance each time","duration":0.2038000000000011,"failureMessages":[],"meta":{},"tags":[]},{"ancestorTitles":["InMemoryStorage integration","direct Map operations"],"fullName":"InMemoryStorage integration direct Map operations can store and retrieve an app entity","status":"passed","title":"can store and retrieve an app entity","duration":0.24930000000000518,"failureMessages":[],"meta":{},"tags":[]},{"ancestorTitles":["InMemoryStorage integration","direct Map operations"],"fullName":"InMemoryStorage integration direct Map operations can store and retrieve a todo entity","status":"passed","title":"can store and retrieve a todo entity","duration":0.183400000000006,"failureMessages":[],"meta":{},"tags":[]},{"ancestorTitles":["InMemoryStorage integration","clear()"],"fullName":"InMemoryStorage integration clear() empties the apps map","status":"passed","title":"empties the apps map","duration":0.33780000000001564,"failureMessages":[],"meta":{},"tags":[]},{"ancestorTitles":["InMemoryStorage integration","clear()"],"fullName":"InMemoryStorage integration clear() empties the todos map","status":"passed","title":"empties the todos map","duration":0.22040000000001214,"failureMessages":[],"meta":{},"tags":[]},{"ancestorTitles":["InMemoryStorage integration","clear()"],"fullName":"InMemoryStorage integration clear() clears both maps in a single call","status":"passed","title":"clears both maps in a single call","duration":0.6045999999999765,"failureMessages":[],"meta":{},"tags":[]},{"ancestorTitles":["InMemoryStorage integration","clear()"],"fullName":"InMemoryStorage integration clear() is idempotent — calling clear() twice does not throw","status":"passed","title":"is idempotent — calling clear() twice does not throw","duration":1.0049000000000206,"failureMessages":[],"meta":{},"tags":[]},{"ancestorTitles":["InMemoryStorage integration","clear()"],"fullName":"InMemoryStorage integration clear() maps are still usable after clear()","status":"passed","title":"maps are still usable after clear()","duration":0.2604000000000042,"failureMessages":[],"meta":{},"tags":[]}],"startTime":1777124334413,"endTime":1777124334420.2605,"status":"passed","message":"","name":"C:/Users/Kazum/Desktop/programming/AI/website/tddTodoApp/backend/src/tests/integrations/infrastructure/in-memory-storage.test.ts"},{"assertionResults":[{"ancestorTitles":["GET /"],"fullName":"GET / when the root endpoint is requested, then it returns the greeting text","status":"passed","title":"when the root endpoint is requested, then it returns the greeting text","duration":17.73430000000002,"failureMessages":[],"meta":{},"tags":[]}],"startTime":1777124334466,"endTime":1777124334483.7344,"status":"passed","message":"","name":"C:/Users/Kazum/Desktop/programming/AI/website/tddTodoApp/backend/src/tests/integrations/infrastructure/index.test.ts"},{"assertionResults":[{"ancestorTitles":["Registry integration","createBackendRegistry"],"fullName":"Registry integration createBackendRegistry returns an object with app and clearStorage","status":"passed","title":"returns an object with app and clearStorage","duration":1.933400000000006,"failureMessages":[],"meta":{},"tags":[]},{"ancestorTitles":["Registry integration","createBackendRegistry"],"fullName":"Registry integration createBackendRegistry app is a Hono-compatible handler (has request method)","status":"passed","title":"app is a Hono-compatible handler (has request method)","duration":0.17859999999996035,"failureMessages":[],"meta":{},"tags":[]},{"ancestorTitles":["Registry integration","createBackendRegistry"],"fullName":"Registry integration createBackendRegistry app responds to GET /","status":"passed","title":"app responds to GET /","duration":15.261099999999999,"failureMessages":[],"meta":{},"tags":[]},{"ancestorTitles":["Registry integration","createBackendRegistry"],"fullName":"Registry integration createBackendRegistry app responds to GET /api/v1/apps with 200","status":"passed","title":"app responds to GET /api/v1/apps with 200","duration":1.8011000000000195,"failureMessages":[],"meta":{},"tags":[]},{"ancestorTitles":["Registry integration","createBackendRegistry"],"fullName":"Registry integration createBackendRegistry clearStorage() empties persisted data","status":"passed","title":"clearStorage() empties persisted data","duration":3.1224000000000274,"failureMessages":[],"meta":{},"tags":[]},{"ancestorTitles":["Registry integration","createBackendRegistry"],"fullName":"Registry integration createBackendRegistry each call to createBackendRegistry creates an isolated registry","status":"passed","title":"each call to createBackendRegistry creates an isolated registry","duration":1.1951999999999998,"failureMessages":[],"meta":{},"tags":[]}],"startTime":1777124334465,"endTime":1
[...]
r returns false for null","duration":0.11400000000000432,"failureMessages":[],"meta":{},"tags":[]},{"ancestorTitles":["AppError cross-layer propagation"],"fullName":"AppError cross-layer propagation isAppError returns false for a plain object with a code property","status":"passed","title":"isAppError returns false for a plain object with a code property","duration":0.09559999999999036,"failureMessages":[],"meta":{},"tags":[]},{"ancestorTitles":["AppError cross-layer propagation"],"fullName":"AppError cross-layer propagation infrastructure wraps unexpected storage errors as REPOSITORY_ERROR","status":"passed","title":"infrastructure wraps unexpected storage errors as REPOSITORY_ERROR","duration":0.29059999999998354,"failureMessages":[],"meta":{},"tags":[]}],"startTime":1777124334443,"endTime":1777124334448.2905,"status":"passed","message":"","name":"C:/Users/Kazum/Desktop/programming/AI/website/tddTodoApp/backend/src/tests/integrations/models/app-error.test.ts"},{"assertionResults":[{"ancestorTitles":["AppEntity"],"fullName":"AppEntity active entity has deletedAt as null","status":"passed","title":"active entity has deletedAt as null","duration":1.3734000000000037,"failureMessages":[],"meta":{},"tags":[]},{"ancestorTitles":["AppEntity"],"fullName":"AppEntity soft-deleted entity has deletedAt as an ISO string","status":"passed","title":"soft-deleted entity has deletedAt as an ISO string","duration":0.2483000000000004,"failureMessages":[],"meta":{},"tags":[]},{"ancestorTitles":["AppEntity"],"fullName":"AppEntity entity created by interactor has all AppEntity fields with correct types","status":"passed","title":"entity created by interactor has all AppEntity fields with correct types","duration":2.557600000000008,"failureMessages":[],"meta":{},"tags":[]},{"ancestorTitles":["AppEntity"],"fullName":"AppEntity soft-deleted entity returned by interactor has deletedAt set to a string","status":"passed","title":"soft-deleted entity returned by interactor has deletedAt set to a string","duration":0.6557999999999993,"failureMessages":[],"meta":{},"tags":[]},{"ancestorTitles":["AppEntity"],"fullName":"AppEntity entity is stored and retrieved with the same shape through the repository","status":"passed","title":"entity is stored and retrieved with the same shape through the repository","duration":0.6174000000000035,"failureMessages":[],"meta":{},"tags":[]}],"startTime":1777124334414,"endTime":1777124334419.6558,"status":"passed","message":"","name":"C:/Users/Kazum/Desktop/programming/AI/website/tddTodoApp/backend/src/tests/integrations/models/app.test.ts"},{"assertionResults":[{"ancestorTitles":["TodoEntity"],"fullName":"TodoEntity active entity has completed as false and deletedAt as null","status":"passed","title":"active entity has completed as false and deletedAt as null","duration":1.6811999999999898,"failureMessages":[],"meta":{},"tags":[]},{"ancestorTitles":["TodoEntity"],"fullName":"TodoEntity completed entity has completed as true","status":"passed","title":"completed entity has completed as true","duration":0.20279999999999632,"failureMessages":[],"meta":{},"tags":[]},{"ancestorTitles":["TodoEntity"],"fullName":"TodoEntity entity created by interactor has all TodoEntity fields with correct types","status":"passed","title":"entity created by interactor has all TodoEntity fields with correct types","duration":2.7206999999999937,"failureMessages":[],"meta":{},"tags":[]},{"ancestorTitles":["TodoEntity"],"fullName":"TodoEntity soft-deleted entity returned by interactor has deletedAt set to a string","status":"passed","title":"soft-deleted entity returned by interactor has deletedAt set to a string","duration":0.4855000000000018,"failureMessages":[],"meta":{},"tags":[]},{"ancestorTitles":["TodoEntity"],"fullName":"TodoEntity entity is stored and retrieved with the same shape through the repository","status":"passed","title":"entity is stored and retrieved with the same shape through the repository","duration":0.8106999999999971,"failureMessages":[],"meta":{},"tags":[]}],"startTime":1777124334427,"endTime":1777124334432.8108,"status":"passed","message":"","name":"C:/Users/Kazum/Desktop/programming/AI/website/tddTodoApp/backend/src/tests/integrations/models/todo.test.ts"},{"assertionResults":[{"ancestorTitles":["AppInteractor integration","create"],"fullName":"AppInteractor integration create creates an app with a UUID id and ISO timestamps","status":"passed","title":"creates an app with a UUID id and ISO timestamps","duration":5.811199999999985,"failureMessages":[],"meta":{},"tags":[]},{"ancestorTitles":["AppInteractor integration","create"],"fullName":"AppInteractor integration create createdAt equals updatedAt on initial creation","status":"passed","title":"createdAt equals updatedAt on initial creation","duration":0.2340000000000373,"failureMessages":[],"meta":{},"tags":[]},{"ancestorTitles":["AppInteractor integration","create"],"fullName":"AppInteractor integration create persists to repository so it appears in list","status":"passed","title":"persists to repository so it appears in list","duration":0.23950000000002092,"failureMessages":[],"meta":{},"tags":[]},{"ancestorTitles":["AppInteractor integration","create"],"fullName":"AppInteractor integration create throws CONFLICT when the name is already taken","status":"passed","title":"throws CONFLICT when the name is already taken","duration":1.470799999999997,"failureMessages":[],"meta":{},"tags":[]},{"ancestorTitles":["AppInteractor integration","create"],"fullName":"AppInteractor integration create allows creating two apps with different names","status":"passed","title":"allows creating two apps with different names","duration":0.5427999999999997,"failureMessages":[],"meta":{},"tags":[]},{"ancestorTitles":["AppInteractor integration","list"],"fullName":"AppInteractor integration list returns an empty array when no apps exist","status":"passed","title":"returns an empty array when no apps exist","duration":0.4074000000000524,"failureMessages":[],"meta":{},"tags":[]},{"ancestorTitles":["AppInteractor integration","list"],"fullName":"AppInteractor integration list returns all created apps","status":"passed","title":"returns all created apps","duration":0.8173000000000457,"failureMessages":[],"meta":{},"tags":[]},{"ancestorTitles":["AppInteractor integration","list"],"fullName":"AppInteractor integration list excludes soft-deleted apps","status":"passed","title":"excludes soft-deleted apps","duration":0.357400000000041,"failureMessages":[],"meta":{},"tags":[]},{"ancestorTitles":["AppInteractor integration","get"],"fullName":"AppInteractor integration get returns the correct app by id","status":"passed","title":"returns the correct app by id","duration":0.4270000000000209,"failureMessages":[],"meta":{},"tags":[]},{"ancestorTitles":["AppInteractor integration","get"],"fullName":"AppInteractor integration get throws NOT_FOUND for an unknown id","status":"passed","title":"throws NOT_FOUND for an unknown id","duration":0.26720000000000255,"failureMessages":[],"meta":{},"tags":[]},{"ancestorTitles":["AppInteractor integration","get"],"fullName":"AppInteractor integration get throws NOT_FOUND for a soft-deleted app","status":"passed","title":"throws NOT_FOUND for a soft-deleted app","duration":0.3201999999999998,"failureMessages":[],"meta":{},"tags":[]},{"ancestorTitles":["AppInteractor integration","update"],"fullName":"AppInteractor integration update updates the app name and returns the new entity","status":"passed","title":"updates the app name and returns the new entity","duration":0.3032999999999788,"failureMessages":[],"meta":{},"tags":[]},{"ancestorTitles":["AppInteractor integration","update"],"fullName":"AppInteractor integration update preserves original name when no name is given in the update","status":"passed","title":"preserves original name when no name is given in the update","duration":0.16689999999999827,"failureMessages":[],"meta":{},"tags":[]},{"ancestorTitles":["AppInteractor integration","update"],"fullName":"AppInteractor integration update allows updating to the same name (self-exclusion)","status":"passed","title":"allows updating to the same name (self-exclusion)","duration":0.11539999999996553,"failureMessages":[],"meta":{},"tags":[]},{"ancestorTitles":["AppInteractor integration","update"],"fullName":"AppInteractor integration update throws CONFLICT when the new name is taken by another app","status":"passed","title":"throws CONFLICT when the new name is taken by another app","duration":0.22129999999998518,"failureMessages":[],"meta":{},"tags":[]},{"ancestorTitles":["AppInteractor integration","update"],"fullName":"AppInteractor integration update throws NOT_FOUND for an unknown app","status":"passed","title":"throws NOT_FOUND for an unknown app","duration":1.167099999999948,"failureMessages":[],"meta":{},"tags":[]},{"ancestorTitles":["AppInteractor integration","delete"],"fullName":"AppInteractor integration delete soft-deletes the app and returns it with deletedAt set","status":"passed","title":"soft-deletes the app and returns it with deletedAt set","duration":0.3088000000000193,"failureMessages":[],"meta":{},"tags":[]},{"ancestorTitles":["AppInteractor integration","delete"],"fullName":"AppInteractor integration delete deleted app is no longer in the list","status":"passed","title":"deleted app is no longer in the list","duration":0.2898000000000138,"failureMessages":[],"meta":{},"tags":[]},{"ancestorTitles":["AppInteractor integration","delete"],"fullName":"AppInteractor integration delete cascade-deletes associated todos via shared repository","status":"passed","title":"cascade-deletes associated todos via shared repository","duration":0.37700000000000955,"failureMessages":[],"meta":{},"tags":[]},{"ancestorTitles":["AppInteractor integration","delete"],"fullName":"AppInteractor integration delete throws NOT_FOUND for an unknown app","status":"passed","title":"throws NOT_FOUND for an unknown app","duration":0.2746999999999957,"failureMessages":[],"meta":{},"tags":[]}],"startTime":1777124334415,"endTime":1777124334430.2747,"status":"passed","message":"","name":"C:/Users/Kazum/Desktop/programming/AI/website/tddTodoApp/backend/src/tests/integrations/services/app-interactor.test.ts"},{"assertionResults":[{"ancestorTitles":["AppUsecase interface contract"],"fullName":"AppUsecase interface contract createAppInteractor satisfies the AppUsecase interface","status":"passed","title":"createAppInteractor satisfies the AppUsecase interface","duration":2.54079999999999,"failureMessages":[],"meta":{},"tags":[]},{"ancestorTitles":["AppUsecase interface contract"],"fullName":"AppUsecase interface contract create resolves to an AppEntity shape","status":"passed","title":"create resolves to an AppEntity shape","duration":4.5870000000000175,"failureMessages":[],"meta":{},"tags":[]},{"ancestorTitles":["AppUsecase interface contract"],"fullName":"AppUsecase interface contract list resolves to an array","status":"passed","title":"list resolves to an array","duration":0.27019999999998845,"failureMessages":[],"meta":{},"tags":[]},{"ancestorTitles":["AppUsecase interface contract"],"fullName":"AppUsecase interface contract get resolves to the app by id","status":"passed","title":"get resolves to the app by id","duration":0.2021999999999764,"failureMessages":[],"meta":{},"tags":[]},{"ancestorTitles":["AppUsecase interface contract"],"fullName":"AppUsecase interface contract update resolves to the modified app","status":"passed","title":"update resolves to the modified app","duration":0.29239999999998645,"failureMessages":[],"meta":{},"tags":[]},{"ancestorTitles":["AppUsecase interface contract"],"fullName":"AppUsecase interface contract delete resolves to the soft-deleted app","status":"passed","title":"delete resolves to the soft-deleted app","duration":0.3830000000000098,"failureMessages":[],"meta":{},"tags":[]}],"startTime":1777124334414,"endTime":1777124334422.383,"status":"passed","message":"","name":"C:/Users/Kazum/Desktop/programming/AI/website/tddTodoApp/backend/src/tests/integrations/services/app-usecase.test.ts"},{"assertionResults":[{"ancestorTitles":["TodoInteractor integration","create"],"fullName":"TodoInteractor integration create creates a todo with UUID id, correct appId, and ISO timestamps","status":"passed","title":"creates a todo with UUID id, correct appId, and ISO timestamps","duration":6.525599999999997,"failureMessages":[],"meta":{},"tags":[]},{"ancestorTitles":["TodoInteractor integration","create"],"fullName":"TodoInteractor integration create persists to repository so it appears in list","status":"passed","title":"persists to repository so it appears in list","duration":0.5312000000000126,"failureMessages":[],"meta":{},"tags":[]},{"ancestorTitles":["TodoInteractor integration","create"],"fullName":"TodoInteractor integration create throws NOT_FOUND when the app does not exist","status":"passed","title":"throws NOT_FOUND when the app does not exist","duration":1.790899999999965,"failureMessages":[],"meta":{},"tags":[]},{"ancestorTitles":["TodoInteractor integration","list"],"fullName":"TodoInteractor integration list returns an empty array when no todos exist for the app","status":"passed","title":"returns an empty array when no todos exist for the app","duration":0.410699999999963,"failureMessages":[],"meta":{},"tags":[]},{"ancestorTitles":["TodoInteractor integration","list"],"fullName":"TodoInteractor integration list returns all active todos for the app","status":"passed","title":"returns all active todos for the app","duration":0.7868000000000279,"failureMessages":[],"meta":{},"tags":[]},{"ancestorTitles":["TodoInteractor integration","list"],"fullName":"TodoInteractor integration list excludes soft-deleted todos","status":"passed","title":"excludes soft-deleted todos","duration":0.38290000000000646,"failureMessages":[],"meta":{},"tags":[]},{"ancestorTitles":["TodoInteractor integration","list"],"fullName":"TodoInteractor integration list throws NOT_FOUND when the app does not exist","status":"passed","title":"throws NOT_FOUND when the app does not exist","duration":0.2674000000000092,"failureMessages":[],"meta":{},"tags":[]},{"ancestorTitles":["TodoInteractor integration","get"],"fullName":"TodoInteractor integration get returns the correct todo by appId and todoId","status":"passed","title":"returns the correct todo by appId and todoId","duration":0.20310000000000628,"failureMessages":[],"meta":{},"tags":[]},{"ancestorTitles":["TodoInteractor integration","get"],"fullName":"TodoInteractor integration get throws NOT_FOUND for an unknown todoId","status":"passed","title":"throws NOT_FOUND for an unknown todoId","duration":0.48980000000000246,"failureMessages":[],"meta":{},"tags":[]},{"ancestorTitles":["TodoInteractor integration","get"],"fullName":"TodoInteractor integration get throws NOT_FOUND when the app does not exist","status":"passed","title":"throws NOT_FOUND when the app does not exist","duration":0.2592999999999961,"failureMessages":[],"meta":{},"tags":[]},{"ancestorTitles":["TodoInteractor integration","update"],"fullName":"TodoInteractor integration update updates the title","status":"passed","title":"updates the title","duration":0.3074999999999477,"failureMessages":[],"meta":{},"tags":[]},{"ancestorTitles":["TodoInteractor integration","update"],"fullName":"TodoInteractor integration update marks todo as completed","status":"passed","title":"marks todo as completed","duration":0.19060000000001764,"failureMessages":[],"meta":{},"tags":[]},{"ancestorTitles":["TodoInteractor integration","update"],"fullName":"TodoInteractor integration update marks a completed todo back to incomplete","status":"passed","title":"marks a completed todo back to incomplete","duration":0.13179999999999836,"failureMessages":[],"meta":{},"tags":[]},{"ancestorTitles":["TodoInteractor integration","update"],"fullName":"TodoInteractor integration update preserves title and completed when neither is updated","status":"passed","title":"preserves title and completed when neither is updated","duration":0.11439999999998918,"failureMessages":[],"meta":{},"tags":[]},{"ancestorTitles":["TodoInteractor integration","update"],"fullName":"TodoInteractor integration update throws NOT_FOUND for an unknown todo","status":"passed","title":"throws NOT_FOUND for an unknown todo","duration":1.0277000000000385,"failureMessages":[],"meta":{},"tags":[]},{"ancestorTitles":["TodoInteractor integration","update"],"fullName":"TodoInteractor integration update throws NOT_FOUND when the app does not exist","status":"passed","title":"throws NOT_FOUND when the app does not exist","duration":0.1570000000000391,"failureMessages":[],"meta":{},"tags":[]},{"ancestorTitles":["TodoInteractor integration","delete"],"fullName":"TodoInteractor integration delete soft-deletes the todo and returns it with deletedAt set","status":"passed","title":"soft-deletes the todo and returns it with deletedAt set","duration":0.22339999999996962,"failureMessages":[],"meta":{},"tags":[]},{"ancestorTitles":["TodoInteractor integration","delete"],"fullName":"TodoInteractor integration delete deleted todo is no longer in the list","status":"passed","title":"deleted todo is no longer in the list","duration":0.11619999999999209,"failureMessages":[],"meta":{},"tags":[]},{"ancestorTitles":["TodoInteractor integration","delete"],"fullName":"TodoInteractor integration delete throws NOT_FOUND for an unknown todo","status":"passed","title":"throws NOT_FOUND for an unknown todo","duration":0.1338000000000079,"failureMessages":[],"meta":{},"tags":[]},{"ancestorTitles":["TodoInteractor integration","delete"],"fullName":"TodoInteractor integration delete throws NOT_FOUND when the app does not exist","status":"passed","title":"throws NOT_FOUND when the app does not exist","duration":0.202699999999993,"failureMessages":[],"meta":{},"tags":[]}],"startTime":1777124334419,"endTime":1777124334434.2026,"status":"passed","message":"","name":"C:/Users/Kazum/Desktop/programming/AI/website/tddTodoApp/backend/src/tests/integrations/services/todo-interactor.test.ts"},{"assertionResults":[{"ancestorTitles":["TodoUsecase interface contract"],"fullName":"TodoUsecase interface contract createTodoInteractor satisfies the TodoUsecase interface","status":"passed","title":"createTodoInteractor satisfies the TodoUsecase interface","duration":1.6407999999999845,"failureMessages":[],"meta":{},"tags":[]},{"ancestorTitles":["TodoUsecase interface contract"],"fullName":"TodoUsecase interface contract create resolves to a TodoEntity shape","status":"passed","title":"create resolves to a TodoEntity shape","duration":3.04079999999999,"failureMessages":[],"meta":{},"tags":[]},{"ancestorTitles":["TodoUsecase interface contract"],"fullName":"TodoUsecase interface contract list resolves to an array","status":"passed","title":"list resolves to an array","duration":0.258199999999988,"failureMessages":[],"meta":{},"tags":[]},{"ancestorTitles":["TodoUsecase interface contract"],"fullName":"TodoUsecase interface contract get resolves to the todo by appId and todoId","status":"passed","title":"get resolves to the todo by appId and todoId","duration":0.22939999999999827,"failureMessages":[],"meta":{},"tags":[]},{"ancestorTitles":["TodoUsecase interface contract"],"fullName":"TodoUsecase interface contract update resolves to the modified todo","status":"passed","title":"update resolves to the modified todo","duration":0.3768000000000029,"failureMessages":[],"meta":{},"tags":[]},{"ancestorTitles":["TodoUsecase interface contract"],"fullName":"TodoUsecase interface contract delete resolves to the soft-deleted todo","status":"passed","title":"delete resolves to the soft-deleted todo","duration":0.5262000000000171,"failureMessages":[],"meta":{},"tags":[]}],"startTime":1777124334414,"endTime":1777124334419.5261,"status":"passed","message":"","name":"C:/Users/Kazum/Desktop/programming/AI/website/tddTodoApp/backend/src/tests/integrations/services/todo-usecase.test.ts"}]}