{"numTotalTestSuites":128,"numPassedTestSuites":128,"numFailedTestSuites":0,"numPendingTestSuites":0,"numTotalTests":385,"numPassedTests":385,"numFailedTests":0,"numPendingTests":0,"numTodoTests":0,"snapshot":{"added":0,"failure":false,"filesAdded":0,"filesRemoved":0,"filesRemovedList":[],"filesUnmatched":0,"filesUpdated":0,"matched":0,"total":0,"unchecked":0,"uncheckedKeysByFile":[],"unmatched":0,"updated":0,"didUpdate":false},"startTime":1777126921171,"success":true,"testResults":[{"assertionResults":[{"ancestorTitles":["presentApp"],"fullName":"presentApp returns the correct DTO fields","status":"passed","title":"returns the correct DTO fields","duration":1.7966000000000122,"failureMessages":[],"meta":{},"tags":[]},{"ancestorTitles":["presentApp"],"fullName":"presentApp does not include deletedAt in the output","status":"passed","title":"does not include deletedAt in the output","duration":0.400100000000009,"failureMessages":[],"meta":{},"tags":[]},{"ancestorTitles":["presentApp"],"fullName":"presentApp works when deletedAt has a value on the entity","status":"passed","title":"works when deletedAt has a value on the entity","duration":0.23910000000000764,"failureMessages":[],"meta":{},"tags":[]},{"ancestorTitles":["presentTodo"],"fullName":"presentTodo returns the correct DTO fields","status":"passed","title":"returns the correct DTO fields","duration":0.29729999999995016,"failureMessages":[],"meta":{},"tags":[]},{"ancestorTitles":["presentTodo"],"fullName":"presentTodo does not include deletedAt in the output","status":"passed","title":"does not include deletedAt in the output","duration":0.13990000000001146,"failureMessages":[],"meta":{},"tags":[]},{"ancestorTitles":["presentTodo"],"fullName":"presentTodo reflects completed: true","status":"passed","title":"reflects completed: true","duration":0.10319999999995844,"failureMessages":[],"meta":{},"tags":[]},{"ancestorTitles":["presentSuccess"],"fullName":"presentSuccess defaults to status 200","status":"passed","title":"defaults to status 200","duration":0.21639999999996462,"failureMessages":[],"meta":{},"tags":[]},{"ancestorTitles":["presentSuccess"],"fullName":"presentSuccess uses the provided status code","status":"passed","title":"uses the provided status code","duration":0.11029999999999518,"failureMessages":[],"meta":{},"tags":[]},{"ancestorTitles":["presentSuccess"],"fullName":"presentSuccess sets success to true","status":"passed","title":"sets success to true","duration":0.39320000000003574,"failureMessages":[],"meta":{},"tags":[]},{"ancestorTitles":["presentSuccess"],"fullName":"presentSuccess passes through the data payload","status":"passed","title":"passes through the data payload","duration":0.20599999999996044,"failureMessages":[],"meta":{},"tags":[]},{"ancestorTitles":["presentSuccess"],"fullName":"presentSuccess does not include an error field","status":"passed","title":"does not include an error field","duration":0.20150000000001,"failureMessages":[],"meta":{},"tags":[]},{"ancestorTitles":["presentError"],"fullName":"presentError maps VALIDATION_ERROR to status 422","status":"passed","title":"maps VALIDATION_ERROR to status 422","duration":0.24610000000001264,"failureMessages":[],"meta":{},"tags":[]},{"ancestorTitles":["presentError"],"fullName":"presentError maps CONFLICT to status 409","status":"passed","title":"maps CONFLICT to status 409","duration":0.18299999999999272,"failureMessages":[],"meta":{},"tags":[]},{"ancestorTitles":["presentError"],"fullName":"presentError maps NOT_FOUND to status 404","status":"passed","title":"maps NOT_FOUND to status 404","duration":0.13769999999999527,"failureMessages":[],"meta":{},"tags":[]},{"ancestorTitles":["presentError"],"fullName":"presentError maps REPOSITORY_ERROR to status 500","status":"passed","title":"maps REPOSITORY_ERROR to status 500","duration":0.1087999999999738,"failureMessages":[],"meta":{},"tags":[]},{"ancestorTitles":["presentError"],"fullName":"presentError sets success to false","status":"passed","title":"sets success to false","duration":0.10180000000002565,"failureMessages":[],"meta":{},"tags":[]},{"ancestorTitles":["presentError"],"fullName":"presentError sets data to null","status":"passed","title":"sets data to null","duration":0.14459999999996853,"failureMessages":[],"meta":{},"tags":[]},{"ancestorTitles":["presentError"],"fullName":"presentError includes the error code and message in the body","status":"passed","title":"includes the error code and message in the body","duration":0.15149999999999864,"failureMessages":[],"meta":{},"tags":[]}],"startTime":1777126921565,"endTime":1777126921570.183,"status":"passed","message":"","name":"C:/Users/Kazum/Desktop/programming/AI/website/tddTodoApp/backend/src/controllers/http-presenter.test.ts"},{"assertionResults":[{"ancestorTitles":["parseCreateAppInput"],"fullName":"parseCreateAppInput returns CreateAppInput with trimmed name for valid input","status":"passed","title":"returns CreateAppInput with trimmed name for valid input","duration":2.5541000000000054,"failureMessages":[],"meta":{},"tags":[]},{"ancestorTitles":["parseCreateAppInput"],"fullName":"parseCreateAppInput trims surrounding whitespace from name","status":"passed","title":"trims surrounding whitespace from name","duration":0.4193000000000211,"failureMessages":[],"meta":{},"tags":[]},{"ancestorTitles":["parseCreateAppInput"],"fullName":"parseCreateAppInput accepts a name exactly 100 characters long","status":"passed","title":"accepts a name exactly 100 characters long","duration":0.21519999999998163,"failureMessages":[],"meta":{},"tags":[]},{"ancestorTitles":["parseCreateAppInput"],"fullName":"parseCreateAppInput throws VALIDATION_ERROR when name is missing","status":"passed","title":"throws VALIDATION_ERROR when name is missing","duration":0.723700000000008,"failureMessages":[],"meta":{},"tags":[]},{"ancestorTitles":["parseCreateAppInput"],"fullName":"parseCreateAppInput throws VALIDATION_ERROR when name is not a string","status":"passed","title":"throws VALIDATION_ERROR when name is not a string","duration":0.2633000000000152,"failureMessages":[],"meta":{},"tags":[]},{"ancestorTitles":["parseCreateAppInput"],"fullName":"parseCreateAppInput throws VALIDATION_ERROR when name is empty string","status":"passed","title":"throws VALIDATION_ERROR when name is empty string","duration":0.23219999999997754,"failureMessages":[],"meta":{},"tags":[]},{"ancestorTitles":["parseCreateAppInput"],"fullName":"parseCreateAppInput throws VALIDATION_ERROR when name is whitespace only","status":"passed","title":"throws VALIDATION_ERROR when name is whitespace only","duration":0.2980999999999767,"failureMessages":[],"meta":{},"tags":[]},{"ancestorTitles":["parseCreateAppInput"],"fullName":"parseCreateAppInput throws VALIDATION_ERROR when name exceeds 100 characters","status":"passed","title":"throws VALIDATION_ERROR when name exceeds 100 characters","duration":0.3310000000000173,"failureMessages":[],"meta":{},"tags":[]},{"ancestorTitles":["parseCreateAppInput"],"fullName":"parseCreateAppInput returns empty record when body is not an object","status":"passed","title":"returns empty record when body is not an object","duration":0.8770999999999844,"failureMessages":[],"meta":{},"tags":[]},{"ancestorTitles":["parseUpdateAppInput"],"fullName":"parseUpdateAppInput returns UpdateAppInput with appId and trimmed name","status":"passed","title":"returns UpdateAppInput with appId and trimmed name","duration":0.22800000000000864,"failureMessages":[],"meta":{},"tags":[]},{"ancestorTitles":["parseUpdateAppInput"],"fullName":"parseUpdateAppInput returns UpdateAppInput with only appId when name is not provided","status":"passed","title":"returns UpdateAppInput with only appId when name is not provided","duration":0.18000000000000682,"failureMessages":[],"meta":{},"tags":[]},{"ancestorTitles":["parseUpdateAppInput"],"fullName":"parseUpdateAppInput does not include name key when body has no name","status":"passed","title":"does not include name key when body has no name","duration":0.07719999999994798,"failureMessages":[],"meta":{},"tags":[]},{"ancestorTitles":["parseUpdateAppInput"],"fullName":"parseUpdateAppInput throws VALIDATION_ERROR when name is empty string","status":"passed","title":"throws VALIDATION_ERROR when name is empty string","duration":0.1805999999999699,"failureMessages":[],"meta":{},"tags":[]},{"ancestorTitles":["parseUpdateAppInput"],"fullName":"parseUpdateAppInput throws VALIDATION_ERROR when name is whitespace only","status":"passed","title":"throws VALIDATION_ERROR when name is whitespace only","duration":0.0958999999999719,"failureMessages":[],"meta":{},"tags":[]},{"ancestorTitles":["parseUpdateAppInput"],"fullName":"parseUpdateAppInput throws VALIDATION_ERROR when name exceeds 100 characters","status":"passed","title":"throws VALIDATION_ERROR when name exceeds 100 characters","duration":0.08190000000001874,"failureMessages":[],"meta":{},"tags":[]},{"ancestorTitles":["parseCreateTodoInput"],"fullName":"parseCreateTodoInput returns CreateTodoInput with appId and trimmed title","status":"passed","title":"returns CreateTodoInput with appId and trimmed title","duration":0.13960000000002992,"failureMessages":[],"meta":{},"tags":[]},{"ancestorTitles":["parseCreateTodoInput"],"fullName":"parseCreateTodoInput trims surrounding whitespace from title","status":"passed","title":"trims surrounding whitespace from title","duration":0.06550000000004275,"failureMessages":[],"meta":{},"tags":[]},{"ancestorTitles":["parseCreateTodoInput"],"fullName":"parseCreateTodoInput accepts a title exactly 200 characters long","status":"passed","title":"accepts a title exactly 200 characters long","duration":0.052300000000002456,"failureMessages":[],"meta":{},"tags":[]},{"ancestorTitles":["parseCreateTodoInput"],"fullName":"parseCreateTodoInput throws VALIDATION_ERROR when title is missing","status":"passed","title":"throws VALIDATION_ERROR when title is missing","duration":0.13030000000003383,"failureMessages":[],"meta":{},"tags":[]},{"ancestorTitles":["parseCreateTodoInput"],"fullName":"parseCreateTodoInput throws VALIDATION_ERROR when title is not a string","status":"passed","title":"throws VALIDATION_ERROR when title is not a string","duration":0.10009999999999764,"failureMessages":[],"meta":{},"tags":[]},{"ancestorTitles":["parseCreateTodoInput"],"fullName":"parseCreateTodoInput throws VALIDATION_ERROR when title is empty string","status":"passed","title":"throws VALIDATION_ERROR when title is empty string","duration":0.0665000000000191,"failureMessages":[],"meta":{},"tags":[]},{"ancestorTitles":["parseCreateTodoInput"],"fullName":"parseCreateTodoInput throws VALIDATION_ERROR when title is whitespace only","status":"passed","title":"throws VALIDATION_ERROR when title is whitespace only","duration":0.06520000000000437,"failureMessages":[],"meta":{},"tags":[]},{"ancestorTitles":["parseCreateTodoInput"],"fullName":"parseCreateTodoInput throws VALIDATION_ERROR when title exceeds 200 characters","status":"passed","title":"throws VALIDATION_ERROR when title exceeds 200 characters","duration":0.06330000000002656,"failureMessages":[],"meta":{},"tags":[]},{"ancestorTitles":["parseUpdateTodoInput"],"fullName":"parseUpdateTodoInput returns UpdateTodoInput with appId, todoId, and trimmed title","status":"passed","title":"returns UpdateTodoInput with appId, todoId, and trimmed title","duration":0.1634999999999991,"failureMessages":[],"meta":{},"tags":[]},{"ancestorTitles":["parseUpdateTodoInput"],"fullName":"parseUpdateTodoInput returns UpdateTodoInput with completed field","status":"passed","title":"returns UpdateTodoInput with completed field","duration":0.11949999999995953,"failureMessages":[],"meta":{},"tags":[]},{"ancestorTitles":["parseUpdateTodoInput"],"fullName":"parseUpdateTodoInput accepts completed: false","status":"passed","title":"accepts completed: false","duration":0.07100000000002638,"failureMessages":[],"meta":{},"tags":[]},{"ancestorTitles":["parseUpdateTodoInput"],"fullName":"parseUpdateTodoInput returns base input when body has no fields","status":"passed","title":"returns base input when body has no fields","duration":0.057799999999986085,"failureMessages":[],"meta":{},"tags":[]},{"ancestorTitles":["parseUpdateTodoInput"],"fullName":"parseUpdateTodoInput throws VALIDATION_ERROR when title is empty","status":"passed","title":"throws VALIDATION_ERROR when title is empty","duration":0.08609999999998763,"failureMessages":[],"meta":{},"tags":[]},{"ancestorTitles":["parseUpdateTodoInput"],"fullName":"parseUpdateTodoInput throws VALIDATION_ERROR when title is whitespace only","status":"passed","title":"throws VALIDATION_ERROR when title is whitespace only","duration":0.06899999999995998,"failureMessages":[],"meta":{},"tags":[]},{"ancestorTitles":["parseUpdateTodoInput"],"fullName":"parseUpdateTodoInput throws VALIDATION_ERROR when title exceeds 200 characters","status":"passed","title":"throws VALIDATION_ERROR when title exceeds 200 characters","duration":0.06470000000001619,"failureMessages":[],"meta":{},"tags":[]},{"ancestorTitles":["parseUpdateTodoInput"],"fullName":"parseUpdateTodoInput throws VALIDATION_ERROR when completed is not a boolean","status":"passed","title":"throws VALIDATION_ERROR when completed is not a boolean","duration":0.06560000000001764,"failureMessages":[],"meta":{},"tags":[]},{"ancestorTitles":["parseUpdateTodoInput"],"fullName":"parseUpdateTodoInput throws VALIDATION_ERROR when completed is a number","status":"passed","title":"throws VALIDATION_ERROR when completed is a number","duration":0.06100000000003547,"failureMessages":[],"meta":{},"tags":[]}],"startTime":1777126921554,"endTime":1777126921563.1194,"status":"passed","message":"","name":"C:/Users/Kazum/Desktop/programming/AI/website/tddTodoApp/backend/src/controllers/request-validation.test.ts"},{"assertionResults":[{"ancestorTitles":["AppError","constructor"],"fullName":"AppError constructor sets the name property to \"AppError\"","status":"passed","title":"sets the name property to \"AppError\"","duration":2.061800000000005,"failureMessages":[],"meta":{},"tags":[]},{"ancestorTitles":["AppError","constructor"],"fullName":"AppError constructor sets the code property to the given error code","status":"passed","title":"sets the code property to the given error code","duration":0.2606000000000108,"failureMessages":[],"meta":{},"tags":[]},{"ancestorTitles":["AppError","constructor"],"fullName":"AppError constructor sets the message property to the given message","status":"passed","title":"sets the message property to the given message","duration":0.1950999999999965,"failureMessages":[],"meta":{},"tags":[]},{"ancestorTitles":["AppError","constructor"],"fullName":"AppError constructor is an instance of Error","status":"passed","title":"is an instance of Error","duration":0.3059000000000083,"failureMessages":[],"meta":{},"tags":[]},{"ancestorTitles":["AppError","constructor"],"fullName":"AppError constructor supports all error codes","status":"passed","title":"supports all error codes","duration":0.3123999999999967,"failureMessages":[],"meta":{},"tags":[]},{"ancestorTitles":["isAppError"],"fullName":"isAppError returns true for an AppError instance","status":"passed","title":"returns true for an AppError instance","duration":0.31800000000001205,"failureMessages":[],"meta":{},"tags":[]},{"ancestorTitles":["isAppError"],"fullName":"isAppError returns false for a plain Error","status":"passed","title":"returns false for a plain Error","duration":0.29239999999998645,"failureMessages":[],"meta":{},"tags":[]},{"ancestorTitles":["isAppError"],"fullName":"isAppError returns false for a string","status":"passed","title":"returns false for a string","duration":0.17629999999999768,"failureMessages":[],"meta":{},"tags":[]},{"ancestorTitles":["isAppError"],"fullName":"isAppError returns false for null","status":"passed","title":"returns false for null","duration":0.537700000000001,"failureMessages":[],"meta":{},"tags":[]},{"ancestorTitles":["isAppError"],"fullName":"isAppError returns false for undefined","status":"passed","title":"returns false for undefined","duration":0.2290999999999883,"failureMessages":[],"meta":{},"tags":[]},{"ancestorTitles":["isAppError"],"fullName":"isAppError returns false for a plain object","status":"passed","title":"returns false for a plain object","duration":0.21210000000002083,"failureMessages":[],"meta":{},"tags":[]}],"startTime":1777126921567,"endTime":1777126921572.229,"status":"passed","message":"","name":"C:/Users/Kazum/Desktop/programming/AI/website/tddTodoApp/backend/src/models/app-error.test.ts"},{"assertionResults":[{"ancestorTitles":["createAppInteractor.create"],"fullName":"createAppInteractor.create saves and returns a new app entity","status":"passed","title":"saves and returns a new app entity","duration":2.95029999999997,"failureMessages":[],"meta":{},"tags":[]},{"ancestorTitles":["createAppInteractor.create"],"fullName":"createAppInteractor.create throws CONFLICT when app name already exists","status":"passed","title":"throws CONFLICT when app name already exists","duration":1.057200000000023,"failureMessages":[],"meta":{},"tags":[]},{"ancestorTitles":["createAppInteractor.create"],"fullName":"createAppInteractor.create does not call save when duplicate is detected","status":"passed","title":"does not call save when duplicate is detected","duration":0.6786000000000172,"failureMessages":[],"meta":{},"tags":[]},{"ancestorTitles":["createAppInteractor.list"],"fullName":"createAppInteractor.list returns the list of active apps from the repository","status":"passed","title":"returns the list of active apps from the repository","duration":0.245900000000006,"failureMessages":[],"meta":{},"tags":[]},{"ancestorTitles":["createAppInteractor.list"],"fullName":"createAppInteractor.list returns an empty array when no apps exist","status":"passed","title":"returns an empty array when no apps exist","duration":0.39479999999997517,"failureMessages":[],"meta":{},"tags":[]},{"ancestorTitles":["createAppInteractor.get"],"fullName":"createAppInteractor.get returns the app when found","status":"passed","title":"returns the app when found","duration":0.3883999999999901,"failureMessages":[],"meta":{},"tags":[]},{"ancestorTitles":["createAppInteractor.get"],"fullName":"createAppInteractor.get throws NOT_FOUND when app does not exist","status":"passed","title":"throws NOT_FOUND when app does not exist","duration":0.5346000000000117,"failureMessages":[],"meta":{},"tags":[]},{"ancestorTitles":["createAppInteractor.update"],"fullName":"createAppInteractor.update saves and returns the updated app entity","status":"passed","title":"saves and returns the updated app entity","duration":0.7357999999999834,"failureMessages":[],"meta":{},"tags":[]},{"ancestorTitles":["createAppInteractor.update"],"fullName":"createAppInteractor.update keeps original name when name is not provided in the update","status":"passed","title":"keeps original name when name is not provided in the update","duration":0.43590000000000373,"failureMessages":[],"meta":{},"tags":[]},{"ancestorTitles":["createAppInteractor.update"],"fullName":"createAppInteractor.update throws NOT_FOUND when app does not exist","status":"passed","title":"throws NOT_FOUND when app does not exist","duration":0.2773000000000252,"failureMessages":[],"meta":{},"tags":[]},{"ancestorTitles":["createAppInteractor.update"],"fullName":"createAppInteractor.update throws CONFLICT when new name is already taken by a different app","status":"passed","title":"throws CONFLICT when new name is already taken by a different app","duration":0.2813000000000443,"failureMessages":[],"meta":{},"tags":[]},{"ancestorTitles":["createAppInteractor.delete"],"fullName":"createAppInteractor.delete marks the app as deleted and returns it","status":"passed","title":"marks the app as deleted and returns it","duration":0.23930000000001428,"failureMessages":[],"meta":{},"tags":[]},{"ancestorTitles":["createAppInteractor.delete"],"fullName":"createAppInteractor.delete saves the deleted app to the repository","status":"passed","title":"saves the deleted app to the repository","duration":1.0419999999999732,"failureMessages":[],"meta":{},"tags":[]},{"ancestorTitles":["createAppInteractor.delete"],"fullName":"createAppInteractor.delete cascade-deletes all active todos belonging to the app","status":"passed","title":"cascade-deletes all active todos belonging to the app","duration":1.1992999999999938,"failureMessages":[],"meta":{},"tags":[]},{"ancestorTitles":["createAppInteractor.delete"],"fullName":"createAppInteractor.delete throws NOT_FOUND when app does not exist","status":"passed","title":"throws NOT_FOUND when app does not exist","duration":0.19940000000002556,"failureMessages":[],"meta":{},"tags":[]}],"startTime":1777126921550,"endTime":1777126921561.1995,"status":"passed","message":"","name":"C:/Users/Kazum/Desktop/programming/AI/website/tddTodoApp/backend/src/services/app-interactor.test.ts"},{"assertionResults":[{"ancestorTitles":["createTodoInteractor.create"],"fullName":"createTodoInteractor.create saves and returns a new todo entity","status":"passed","title":"saves and returns a new todo entity","duration":2.9354999999999905,"failureMessages":[],"meta":{},"tags":[]},{"ancestorTitles":["createTodoInteractor.create"],"fullName":"createTodoInteractor.create throws NOT_FOUND when the app does not exist","status":"passed","title":"throws NOT_FOUND when the app does not exist","duration":1.0293000000000347,"failureMessages":[],"meta":{},"tags":[]},{"ancestorTitles":["createTodoInteractor.create"],"fullName":"createTodoInteractor.create sets completed to false by default","status":"passed","title":"sets completed to false by default","duration":0.26799999999997226,"failureMessages":[],"meta":{},"tags":[]},{"ancestorTitles":["createTodoInteractor.list"],"fullName":"createTodoInteractor.list returns the active todos for the given app","status":"passed","title":"returns the active todos for the given app","duration":0.2890000000000441,"failureMessages":[],"meta":{},"tags":[]},{"ancestorTitles":["createTodoInteractor.list"],"fullName":"createTodoInteractor.list throws NOT_FOUND when the app does not exist","status":"passed","title":"throws NOT_FOUND when the app does not exist","duration":0.23259999999999081,"failureMessages":[],"meta":{},"tags":[]},{"ancestorTitles":["createTodoInteractor.get"],"fullName":"createTodoInteractor.get returns the todo when found","status":"passed","title":"returns the todo when found","duration":0.356899999999996,"failureMessages":[],"meta":{},"tags":[]},{"ancestorTitles":["createTodoInteractor.get"],"fullName":"createTodoInteractor.get throws NOT_FOUND when the todo does not exist","status":"passed","title":"throws NOT_FOUND when the todo does not exist","duration":0.32840000000004466,"failureMessages":[],"meta":{},"tags":[]},{"ancestorTitles":["createTodoInteractor.get"],"fullName":"createTodoInteractor.get throws NOT_FOUND when the app does not exist","status":"passed","title":"throws NOT_FOUND when the app does not exist","duration":0.2644000000000233,"failureMessages":[],"meta":{},"tags":[]},{"ancestorTitles":["createTodoInteractor.update"],"fullName":"createTodoInteractor.update saves and returns the todo with updated title","status":"passed","title":"saves and returns the todo with updated title","duration":0.8417999999999779,"failureMessages":[],"meta":{},"tags":[]},{"ancestorTitles":["createTodoInteractor.update"],"fullName":"createTodoInteractor.update updates completed status","status":"passed","title":"updates completed status","duration":0.47610000000003083,"failureMessages":[],"meta":{},"tags":[]},{"ancestorTitles":["createTodoInteractor.update"],"fullName":"createTodoInteractor.update preserves original values when no update fields are provided","status":"passed","title":"preserves original values when no update fields are provided","duration":0.3996999999999957,"failureMessages":[],"meta":{},"tags":[]},{"ancestorTitles":["createTodoInteractor.update"],"fullName":"createTodoInteractor.update throws NOT_FOUND when the todo does not exist","status":"passed","title":"throws NOT_FOUND when the todo does not exist","duration":0.3509999999999991,"failureMessages":[],"meta":{},"tags":[]},{"ancestorTitles":["createTodoInteractor.update"],"fullName":"createTodoInteractor.update throws NOT_FOUND when the app does not exist","status":"passed","title":"throws NOT_FOUND when the app does not exist","duration":1.1741999999999848,"failureMessages":[],"meta":{},"tags":[]},{"ancestorTitles":["createTodoInteractor.delete"],"fullName":"createTodoInteractor.delete marks the todo as deleted and returns it","status":"passed","title":"marks the todo as deleted and returns it","duration":0.49209999999999354,"failureMessages":[],"meta":{},"tags":[]},{"ancestorTitles":["createTodoInteractor.delete"],"fullName":"createTodoInteractor.delete throws NOT_FOUND when the todo does not exist","status":"passed","title":"throws NOT_FOUND when the todo does not exist","duration":0.2907000000000153,"failureMessages":[],"meta":{},"tags":[]},{"ancestorTitles":["createTodoInteractor.delete"],"fullName":"createTodoInteractor.delete throws NOT_FOUND when the app does not exist","status":"passed","title":"throws NOT_FOUND when the app does not exist","duration":0.32740000000001146,"failureMessages":[],"meta":{},"tags":[]}],"startTime":1777126921549,"endTime":1777126921560.3274,"status":"passed","message":"","name":"C:/Users/Kazum/Desktop/programming/AI/website/tddTodoApp/backend/src/services/todo-interactor.test.ts"},{"assertionResults":[{"ancestorTitles":["createInMemoryAppRepository","save / findActiveById"],"fullName":"createInMemoryAppRepository save / findActiveById stores and retrieves an app by id","status":"passed","title":"stores and retrieves an app by id","duration":2.395500000000027,"failureMessages":[],"meta":{},"tags":[]},{"ancestorTitles":["createInMemoryAppRepository","save / findActiveById"],"fullName":"createInMemoryAppRepository save / findActiveById returns null for an unknown id","status":"passed","title":"returns null for an unknown id","duration":0.35820000000001073,"failureMessages":[],"meta":{},"tags":[]},{"ancestorTitles":["createInMemoryAppRepository","save / findActiveById"],"fullName":"createInMemoryAppRepository save / findActiveById returns null for a soft-deleted app","status":"passed","title":"returns null for a soft-deleted app","duration":0.2909000000000219,"failureMessages":[],"meta":{},"tags":[]},{"ancestorTitles":["createInMemoryAppRepository","save / findActiveById"],"fullName":"createInMemoryAppRepository save / findActiveById returns a copy, not the original reference","status":"passed","title":"returns a copy, not the original reference","duration":0.7185000000000059,"failureMessages":[],"meta":{},"tags":[]},{"ancestorTitles":["createInMemoryAppRepository","save / findActiveById"],"fullName":"createInMemoryAppRepository save / findActiveById overwrites the app on repeated saves","status":"passed","title":"overwrites the app on repeated saves","duration":0.3562999999999761,"failureMessages":[],"meta":{},"tags":[]},{"ancestorTitles":["createInMemoryAppRepository","listActive"],"fullName":"createInMemoryAppRepository listActive returns all active (non-deleted) apps","status":"passed","title":"returns all active (non-deleted) apps","duration":0.8635000000000446,"failureMessages":[],"meta":{},"tags":[]},{"ancestorTitles":["createInMemoryAppRepository","listActive"],"fullName":"createInMemoryAppRepository listActive excludes soft-deleted apps","status":"passed","title":"excludes soft-deleted apps","duration":0.333500000000015,"failureMessages":[],"meta":{},"tags":[]},{"ancestorTitles":["createInMemoryAppRepository","listActive"],"fullName":"createInMemoryAppRepository listActive returns an empty array when no apps exist","status":"passed","title":"returns an empty array when no apps exist","duration":0.13719999999995025,"failureMessages":[],"meta":{},"tags":[]},{"ancestorTitles":["createInMemoryAppRepository","existsActiveByName"],"fullName":"createInMemoryAppRepository existsActiveByName returns true when an active app with the name exists","status":"passed","title":"returns true when an active app with the name exists","duration":0.3540999999999599,"failureMessages":[],"meta":{},"tags":[]},{"ancestorTitles":["createInMemoryAppRepository","existsActiveByName"],"fullName":"createInMemoryAppRepository existsActiveByName returns false when no app with the name exists","status":"passed","title":"returns false when no app with the name exists","duration":0.16440000000000055,"failureMessages":[],"meta":{},"tags":[]},{"ancestorTitles":["createInMemoryAppRepository","existsActiveByName"],"fullName":"createInMemoryAppRepository existsActiveByName returns false for a soft-deleted app with the same name","status":"passed","title":"returns false for a soft-deleted app with the same name","duration":0.17570000000000618,"failureMessages":[],"meta":{},"tags":[]},{"ancestorTitles":["createInMemoryAppRepository","existsActiveByName"],"fullName":"createInMemoryAppRepository existsActiveByName returns false when the only match is the excluded id","status":"passed","title":"returns false when the only match is the excluded id","duration":0.0917999999999779,"failureMessages":[],"meta":{},"tags":[]},{"ancestorTitles":["createInMemoryAppRepository","existsActiveByName"],"fullName":"createInMemoryAppRepository existsActiveByName returns true when another app has the same name (excluding self)","status":"passed","title":"returns true when another app has the same name (excluding self)","duration":0.08010000000001583,"failureMessages":[],"meta":{},"tags":[]},{"ancestorTitles":["createInMemoryTodoRepository","save / findActiveById"],"fullName":"createInMemoryTodoRepository save / findActiveById stores and retrieves a todo by appId and todoId","status":"passed","title":"stores and retrieves a todo by appId and todoId","duration":0.29359999999996944,"failureMessages":[],"meta":{},"tags":[]},{"ancestorTitles":["createInMemoryTodoRepository","save / findActiveById"],"fullName":"createInMemoryTodoRepository save / findActiveById returns null for an unknown todo id","status":"passed","title":"returns null for an unknown todo id","duration":0.09219999999999118,"failureMessages":[],"meta":{},"tags":[]},{"ancestorTitles":["createInMemoryTodoRepository","save / findActiveById"],"fullName":"createInMemoryTodoRepository save / findActiveById returns null when appId does not match","status":"passed","title":"returns null when appId does not match","duration":0.07499999999998863,"failureMessages":[],"meta":{},"tags":[]},{"ancestorTitles":["createInMemoryTodoRepository","save / findActiveById"],"fullName":"createInMemoryTodoRepository save / findActiveById returns null for a soft-deleted todo","status":"passed","title":"returns null for a soft-deleted todo","duration":0.06929999999999836,"failureMessages":[],"meta":{},"tags":[]},{"ancestorTitles":["createInMemoryTodoRepository","save / findActiveById"],"fullName":"createInMemoryTodoRepository save / findActiveById returns a copy, not the original reference","status":"passed","title":"returns a copy, not the original reference","duration":0.10789999999997235,"failureMessages":[],"meta":{},"tags":[]},{"ancestorTitles":["createInMemoryTodoRepository","listActiveByAppId"],"fullName":"createInMemoryTodoRepository listActiveByAppId returns active todos for the given appId","status":"passed","title":"returns active todos for the given appId","duration":0.23039999999997463,"failureMessages":[],"meta":{},"tags":[]},{"ancestorTitles":["createInMemoryTodoRepository","listActiveByAppId"],"fullName":"createInMemoryTodoRepository listActiveByAppId excludes todos from a different app","status":"passed","title":"excludes todos from a different app","duration":0.17480000000000473,"failureMessages":[],"meta":{},"tags":[]},{"ancestorTitles":["createInMemoryTodoRepository","listActiveByAppId"],"fullName":"createInMemoryTodoRepository listActiveByAppId excludes soft-deleted todos","status":"passed","title":"excludes soft-deleted todos","duration":0.31569999999999254,"failureMessages":[],"meta":{},"tags":[]},{"ancestorTitles":["createInMemoryTodoRepository","listActiveByAppId"],"fullName":"createInMemoryTodoRepository listActiveByAppId returns an empty array when no todos exist for the appId","status":"passed","title":"returns an empty array when no todos exist for the appId","duration":0.9956000000000245,"failureMessages":[],"meta":{},"tags":[]},{"ancestorTitles":["createInMemoryTodoRepository","REPOSITORY_ERROR wrapping"],"fullName":"createInMemoryTodoRepository REPOSITORY_ERROR wrapping save on a corrupted storage wraps the error as AppError","status":"passed","title":"save on a corrupted storage wraps the error as AppError","duration":1.6011000000000308,"failureMessages":[],"meta":{},"tags":[]}],"startTime":1777126921553,"endTime":1777126921564.601,"status":"passed","message":"","name":"C:/Users/Kazum/Desktop/programming/AI/website/tddTodoApp/backend/src/infrastructure/in-memory-repositories.test.ts"},{"assertionResults":[{"ancestorTitles":["AppController integration","create"],"fullName":"AppController integration create returns 201 with success:true and app DTO on valid input","status":"passed","title":"returns 201 with success:true and app DTO on valid input","duration":5.0634000000000015,"failureMessages":[],"meta":{},"tags":[]},{"ancestorTitles":["AppController integration","create"],"fullName":"AppController integration create DTO does not include deletedAt","status":"passed","title":"DTO does not include deletedAt","duration":0.7898999999999887,"failureMessages":[],"meta":{},"tags":[]},{"ancestorTitles":["AppController integration","create"],"fullName":"AppController integration create returns 422 when name is missing","status":"passed","title":"returns 422 when name is missing","duration":0.5409999999999968,"failureMessages":[],"meta":{},"tags":[]},{"ancestorTitles":["AppController integration","create"],"fullName":"AppController integration create returns 422 when name is not a string","status":"passed","title":"returns 422 when name is not a string","duration":0.42259999999998854,"failureMessages":[],"meta":{},"tags":[]},{"ancestorTitles":["AppController integration","create"],"fullName":"AppController integration create returns 422 when name is an empty string","status":"passed","title":"returns 422 when name is an empty string","duration":0.30450000000001864,"failureMessages":[],"meta":{},"tags":[]},{"ancestorTitles":["AppController integration","create"],"fullName":"AppController integration create returns 409 when the name is already taken","status":"passed","title":"returns 409 when the name is already taken","duration":0.3684999999999832,"failureMessages":[],"meta":{},"tags":[]},{"ancestorTitles":["AppController integration","create"],"fullName":"AppController integration create returns 422 when body is null","status":"passed","title":"returns 422 when body is null","duration":0.18779999999998154,"failureMessages":[],"meta":{},"tags":[]},{"ancestorTitles":["AppController integration","list"],"fullName":"AppController integration list returns 200 with an empty array when no apps exist","status":"passed","title":"returns 200 with an empty array when no apps exist","duration":0.32140000000003965,"failureMessages":[],"meta":{},"tags":[]},{"ancestorTitles":["AppController integration","list"],"fullName":"AppController integration list returns 200 with all created apps","status":"passed","title":"returns 200 with all created apps","duration":0.5847999999999729,"failureMessages":[],"meta":{},"tags":[]},{"ancestorTitles":["AppController integration","get"],"fullName":"AppController integration get returns 200 with the correct app","status":"passed","title":"returns 200 with the correct app","duration":0.5147999999999797,"failureMessages":[],"meta":{},"tags":[]},{"ancestorTitles":["AppController integration","get"],"fullName":"AppController integration get returns 404 for an unknown id","status":"passed","title":"returns 404 for an unknown id","duration":0.24169999999998026,"failureMessages":[],"meta":{},"tags":[]},{"ancestorTitles":["AppController integration","update"],"fullName":"AppController integration update returns 200 with the updated app","status":"passed","title":"returns 200 with the updated app","duration":0.25090000000000146,"failureMessages":[],"meta":{},"tags":[]},{"ancestorTitles":["AppController integration","update"],"fullName":"AppController integration update returns 422 when updated name is empty","status":"passed","title":"returns 422 when updated name is empty","duration":0.21129999999999427,"failureMessages":[],"meta":{},"tags":[]},{"ancestorTitles":["AppController integration","update"],"fullName":"AppController integration update returns 409 when the new name conflicts","status":"passed","title":"returns 409 when the new name conflicts","duration":0.20009999999996353,"failureMessages":[],"meta":{},"tags":[]},{"ancestorTitles":["AppController integration","update"],"fullName":"AppController integration update returns 404 for an unknown app id","status":"passed","title":"returns 404 for an unknown app id","duration":0.09379999999998745,"failureMessages":[],"meta":{},"tags":[]},{"ancestorTitles":["AppController integration","delete"],"fullName":"AppController integration delete returns 200 with the soft-deleted app","status":"passed","title":"returns 200 with the soft-deleted app","duration":1.0246000000000208,"failureMessages":[],"meta":{},"tags":[]},{"ancestorTitles":["AppController integration","delete"],"fullName":"AppController integration delete returns 404 for an unknown app id","status":"passed","title":"returns 404 for an unknown app id","duration":0.12529999999998154,"failureMessages":[],"meta":{},"tags":[]}],"startTime":1777126921567,"endTime":1777126921579.1252,"status":"passed","message":"","name":"C:/Users/Kazum/Desktop/programming/AI/website/tddTodoApp/backend/src/tests/integrations/controllers/app-controller.test.ts"},{"assertionResults":[{"ancestorTitles":["HttpPresenter integration","presentApp"],"fullName":"HttpPresenter integration presentApp returns the correct DTO shape from a real app entity","status":"passed","title":"returns the correct DTO shape from a real app entity","duration":4.069099999999992,"failureMessages":[],"meta":{},"tags":[]},{"ancestorTitles":["HttpPresenter integration","presentApp"],"fullName":"HttpPresenter integration presentApp DTO does not include deletedAt","status":"passed","title":"DTO does not include deletedAt","duration":0.7793000000000347,"failureMessages":[],"meta":{},"tags":[]},{"ancestorTitles":["HttpPresenter integration","presentApp"],"fullName":"HttpPresenter integration presentApp createdAt and updatedAt are ISO strings from the real entity","status":"passed","title":"createdAt and updatedAt are ISO strings from the real entity","duration":0.4356000000000222,"failureMessages":[],"meta":{},"tags":[]},{"ancestorTitles":["HttpPresenter integration","presentApp"],"fullName":"HttpPresenter integration presentApp name matches what was given at creation","status":"passed","title":"name matches what was given at creation","duration":0.3580000000000041,"failureMessages":[],"meta":{},"tags":[]},{"ancestorTitles":["HttpPresenter integration","presentTodo"],"fullName":"HttpPresenter integration presentTodo returns the correct DTO shape from a real todo entity","status":"passed","title":"returns the correct DTO shape from a real todo entity","duration":0.39699999999999136,"failureMessages":[],"meta":{},"tags":[]},{"ancestorTitles":["HttpPresenter integration","presentTodo"],"fullName":"HttpPresenter integration presentTodo DTO does not include deletedAt","status":"passed","title":"DTO does not include deletedAt","duration":0.23829999999998108,"failureMessages":[],"meta":{},"tags":[]},{"ancestorTitles":["HttpPresenter integration","presentTodo"],"fullName":"HttpPresenter integration presentTodo appId matches the parent app","status":"passed","title":"appId matches the parent app","duration":0.24639999999999418,"failureMessages":[],"meta":{},"tags":[]},{"ancestorTitles":["HttpPresenter integration","presentTodo"],"fullName":"HttpPresenter integration presentTodo completed defaults to false on a freshly created todo","status":"passed","title":"completed defaults to false on a freshly created todo","duration":0.24020000000001573,"failureMessages":[],"meta":{},"tags":[]},{"ancestorTitles":["HttpPresenter integration","presentTodo"],"fullName":"HttpPresenter integration presentTodo completed reflects the updated value from the real entity","status":"passed","title":"completed reflects the updated value from the real entity","duration":0.5495999999999981,"failureMessages":[],"meta":{},"tags":[]}],"startTime":1777126921567,"endTime":1777126921574.5496,"status":"passed","message":"","name":"C:/Users/Kazum/Desktop/programming/AI/website/tddTodoApp/backend/src/tests/integrations/controllers/http-presenter.test.ts"},{"assertionResults":[{"ancestorTitles":["RequestValidation integration","parseCreateAppInput"],"fullName":"RequestValidation integration parseCreateAppInput returns CreateAppInput with trimmed name","status":"passed","title":"returns CreateAppInput with trimmed name","duration":2.6875,"failureMessages":[],"meta":{},"tags":[]},{"ancestorTitles":["RequestValidation integration","parseCreateAppInput"],"fullName":"RequestValidation integration parseCreateAppInput throws VALIDATION_ERROR when name is missing","status":"passed","title":"throws VALIDATION_ERROR when name is missing","duration":0.7105999999999995,"failureMessages":[],"meta":{},"tags":[]},{"ancestorTitles":["RequestValidation integration","parseCreateAppInput"],"fullName":"RequestValidation integration parseCreateAppInput throws VALIDATION_ERROR when name is a number","status":"passed","title":"throws VALIDATION_ERROR when name is a number","duration":0.18770000000000664,"failureMessages":[],"meta":{},"tags":[]},{"ancestorTitles":["RequestValidation integration","parseCreateAppInput"],"fullName":"RequestValidation integration parseCreateAppInput throws VALIDATION_ERROR when name is whitespace only","status":"passed","title":"throws VALIDATION_ERROR when name is whitespace only","duration":0.15980000000001837,"failureMessages":[],"meta":{},"tags":[]},{"ancestorTitles":["RequestValidation integration","parseCreateAppInput"],"fullName":"RequestValidation integration parseCreateAppInput throws VALIDATION_ERROR when name exceeds 100 characters","status":"passed","title":"throws VALIDATION_ERROR when name exceeds 100 characters","duration":0.143100000000004,"failureMessages":[],"meta":{},"tags":[]},{"ancestorTitles":["RequestValidation integration","parseCreateAppInput"],"fullName":"RequestValidation integration parseCreateAppInput accepts a name of exactly 100 characters","status":"passed","title":"accepts a name of exactly 100 characters","duration":0.5989000000000146,"failureMessages":[],"meta":{},"tags":[]},{"ancestorTitles":["RequestValidation integration","parseCreateAppInput"],"fullName":"RequestValidation integration parseCreateAppInput returns empty name from null body (null → empty record)","status":"passed","title":"returns empty name from null body (null → empty record)","duration":0.18770000000000664,"failureMessages":[],"meta":{},"tags":[]},{"ancestorTitles":["RequestValidation integration","parseCreateAppInput"],"fullName":"RequestValidation integration parseCreateAppInput throws VALIDATION_ERROR when body is an array","status":"passed","title":"throws VALIDATION_ERROR when body is an array","duration":0.17039999999997235,"failureMessages":[],"meta":{},"tags":[]},{"ancestorTitles":["RequestValidation integration","parseUpdateAppInput"],"fullName":"RequestValidation integration parseUpdateAppInput returns UpdateAppInput with appId only when body is empty","status":"passed","title":"returns UpdateAppInput with appId only when body is empty","duration":0.4282999999999788,"failureMessages":[],"meta":{},"tags":[]},{"ancestorTitles":["RequestValidation integration","parseUpdateAppInput"],"fullName":"RequestValidation integration parseUpdateAppInput includes trimmed name when provided","status":"passed","title":"includes trimmed name when provided","duration":0.19519999999999982,"failureMessages":[],"meta":{},"tags":[]},{"ancestorTitles":["RequestValidation integration","parseUpdateAppInput"],"fullName":"RequestValidation integration parseUpdateAppInput throws VALIDATION_ERROR when name is an empty string","status":"passed","title":"throws VALIDATION_ERROR when name is an empty string","duration":0.3118000000000052,"failureMessages":[],"meta":{},"tags":[]},{"ancestorTitles":["RequestValidation integration","parseUpdateAppInput"],"fullName":"RequestValidation integration parseUpdateAppInput throws VALIDATION_ERROR when name is not a string","status":"passed","title":"throws VALIDATION_ERROR when name is not a string","duration":0.22500000000002274,"failureMessages":[],"meta":{},"tags":[]},{"ancestorTitles":["RequestValidation integration","parseUpdateAppInput"],"fullName":"RequestValidation integration parseUpdateAppInput throws VALIDATION_ERROR when name exceeds 100 characters","status":"passed","title":"throws VALIDATION_ERROR when name exceeds 100 characters","duration":0.19209999999998217,"failureMessages":[],"meta":{},"tags":[]},{"ancestorTitles":["RequestValidation integration","parseUpdateAppInput"],"fullName":"RequestValidation integration parseUpdateAppInput ignores unknown extra fields","status":"passed","title":"ignores unknown extra fields","duration":0.17910000000000537,"failureMessages":[],"meta":{},"tags":[]},{"ancestorTitles":["RequestValidation integration","parseCreateTodoInput"],"fullName":"RequestValidation integration parseCreateTodoInput returns CreateTodoInput with appId and trimmed title","status":"passed","title":"returns CreateTodoInput with appId and trimmed title","duration":0.3336999999999648,"failureMessages":[],"meta":{},"tags":[]},{"ancestorTitles":["RequestValidation integration","parseCreateTodoInput"],"fullName":"RequestValidation integration parseCreateTodoInput throws VALIDATION_ERROR when title is missing","status":"passed","title":"throws VALIDATION_ERROR when title is missing","duration":0.26520000000004984,"failureMessages":[],"meta":{},"tags":[]},{"ancestorTitles":["RequestValidation integration","parseCreateTodoInput"],"fullName":"RequestValidation integration parseCreateTodoInput throws VALIDATION_ERROR when title is a number","status":"passed","title":"throws VALIDATION_ERROR when title is a number","duration":0.24349999999998317,"failureMessages":[],"meta":{},"tags":[]},{"ancestorTitles":["RequestValidation integration","parseCreateTodoInput"],"fullName":"RequestValidation integration parseCreateTodoInput throws VALIDATION_ERROR when title is whitespace only","status":"passed","title":"throws VALIDATION_ERROR when title is whitespace only","duration":0.20539999999999736,"failureMessages":[],"meta":{},"tags":[]},{"ancestorTitles":["RequestValidation integration","parseCreateTodoInput"],"fullName":"RequestValidation integration parseCreateTodoInput throws VALIDATION_ERROR when title exceeds 200 characters","status":"passed","title":"throws VALIDATION_ERROR when title exceeds 200 characters","duration":0.18989999999996598,"failureMessages":[],"meta":{},"tags":[]},{"ancestorTitles":["RequestValidation integration","parseCreateTodoInput"],"fullName":"RequestValidation integration parseCreateTodoInput accepts a title of exactly 200 characters","status":"passed","title":"accepts a title of exactly 200 characters","duration":0.24389999999999645,"failureMessages":[],"meta":{},"tags":[]},{"ancestorTitles":["RequestValidation integration","parseCreateTodoInput"],"fullName":"RequestValidation integration parseCreateTodoInput preserves the appId in the returned input","status":"passed","title":"preserves the appId in the returned input","duration":0.2340000000000373,"failureMessages":[],"meta":{},"tags":[]},{"ancestorTitles":["RequestValidation integration","parseUpdateTodoInput"],"fullName":"RequestValidation integration parseUpdateTodoInput returns UpdateTodoInput with appId and todoId only when body is empty","status":"passed","title":"returns UpdateTodoInput with appId and todoId only when body is empty","duration":0.23520000000002028,"failureMessages":[],"meta":{},"tags":[]},{"ancestorTitles":["RequestValidation integration","parseUpdateTodoInput"],"fullName":"RequestValidation integration parseUpdateTodoInput includes trimmed title when provided","status":"passed","title":"includes trimmed title when provided","duration":0.16440000000000055,"failureMessages":[],"meta":{},"tags":[]},{"ancestorTitles":["RequestValidation integration","parseUpdateTodoInput"],"fullName":"RequestValidation integration parseUpdateTodoInput includes completed when provided as boolean true","status":"passed","title":"includes completed when provided as boolean true","duration":0.7830000000000155,"failureMessages":[],"meta":{},"tags":[]},{"ancestorTitles":["RequestValidation integration","parseUpdateTodoInput"],"fullName":"RequestValidation integration parseUpdateTodoInput includes completed when provided as boolean false","status":"passed","title":"includes completed when provided as boolean false","duration":0.20920000000000982,"failureMessages":[],"meta":{},"tags":[]},{"ancestorTitles":["RequestValidation integration","parseUpdateTodoInput"],"fullName":"RequestValidation integration parseUpdateTodoInput throws VALIDATION_ERROR when completed is a string","status":"passed","title":"throws VALIDATION_ERROR when completed is a string","duration":0.19490000000001828,"failureMessages":[],"meta":{},"tags":[]},{"ancestorTitles":["RequestValidation integration","parseUpdateTodoInput"],"fullName":"RequestValidation integration parseUpdateTodoInput throws VALIDATION_ERROR when title is an empty string","status":"passed","title":"throws VALIDATION_ERROR when title is an empty string","duration":0.16219999999998436,"failureMessages":[],"meta":{},"tags":[]},{"ancestorTitles":["RequestValidation integration","parseUpdateTodoInput"],"fullName":"RequestValidation integration parseUpdateTodoInput throws VALIDATION_ERROR when title exceeds 200 characters","status":"passed","title":"throws VALIDATION_ERROR when title exceeds 200 characters","duration":0.1793999999999869,"failureMessages":[],"meta":{},"tags":[]},{"ancestorTitles":["RequestValidation integration","parseUpdateTodoInput"],"fullName":"RequestValidation integration parseUpdateTodoInput accepts both title and completed together","status":"passed","title":"accepts both title and completed together","duration":0.17910000000000537,"failureMessages":[],"meta":{},"tags":[]},{"ancestorTitles":["RequestValidation integration","parseUpdateTodoInput"],"fullName":"RequestValidation integration parseUpdateTodoInput ignores unknown extra fields","status":"passed","title":"ignores unknown extra fields","duration":0.14879999999999427,"failureMessages":[],"meta":{},"tags":[]}],"startTime":1777126921555,"endTime":1777126921566.1794,"status":"passed","message":"","name":"C:/Users/Kazum/Desktop/programming/AI/website/tddTodoApp/backend/src/tests/integrations/controllers/request-validation.test.ts"},{"assertionResults":[{"ancestorTitles":["TodoController integration","create"],"fullName":"TodoController integration create returns 201 with success:true and todo DTO on valid input","status":"passed","title":"returns 201 with success:true and todo DTO on valid input","duration":4.636099999999999,"failureMessages":[],"meta":{},"tags":[]},{"ancestorTitles":["TodoController integration","create"],"fullName":"TodoController integration create DTO does not include deletedAt","status":"passed","title":"DTO does not include deletedAt","duration":0.5641999999999712,"failureMessages":[],"meta":{},"tags":[]},{"ancestorTitles":["TodoController integration","create"],"fullName":"TodoController integration create returns 422 when title is missing","status":"passed","title":"returns 422 when title is missing","duration":0.3228000000000293,"failureMessages":[],"meta":{},"tags":[]},{"ancestorTitles":["TodoController integration","create"],"fullName":"TodoController integration create returns 422 when title is not a string","status":"passed","title":"returns 422 when title is not a string","duration":0.21000000000003638,"failureMessages":[],"meta":{},"tags":[]},{"ancestorTitles":["TodoController integration","create"],"fullName":"TodoController integration create returns 422 when title is whitespace only","status":"passed","title":"returns 422 when title is whitespace only","duration":0.20319999999998117,"failureMessages":[],"meta":{},"tags":[]},{"ancestorTitles":["TodoController integration","create"],"fullName":"TodoController integration create returns 404 when the app does not exist","status":"passed","title":"returns 404 when the app does not exist","duration":0.21639999999996462,"failureMessages":[],"meta":{},"tags":[]},{"ancestorTitles":["TodoController integration","create"],"fullName":"TodoController integration create returns 422 when body is null","status":"passed","title":"returns 422 when body is null","duration":0.22059999999999036,"failureMessages":[],"meta":{},"tags":[]},{"ancestorTitles":["TodoController integration","list"],"fullName":"TodoController integration list returns 200 with empty array when no todos","status":"passed","title":"returns 200 with empty array when no todos","duration":0.2995000000000232,"failureMessages":[],"meta":{},"tags":[]},{"ancestorTitles":["TodoController integration","list"],"fullName":"TodoController integration list returns 200 with all todos for the app","status":"passed","title":"returns 200 with all todos for the app","duration":0.4356999999999971,"failureMessages":[],"meta":{},"tags":[]},{"ancestorTitles":["TodoController integration","list"],"fullName":"TodoController integration list returns 404 when the app does not exist","status":"passed","title":"returns 404 when the app does not exist","duration":0.20060000000000855,"failureMessages":[],"meta":{},"tags":[]},{"ancestorTitles":["TodoController integration","get"],"fullName":"TodoController integration get returns 200 with the correct todo","status":"passed","title":"returns 200 with the correct todo","duration":0.28479999999996153,"failureMessages":[],"meta":{},"tags":[]},{"ancestorTitles":["TodoController integration","get"],"fullName":"TodoController integration get returns 404 for an unknown todoId","status":"passed","title":"returns 404 for an unknown todoId","duration":0.13269999999999982,"failureMessages":[],"meta":{},"tags":[]},{"ancestorTitles":["TodoController integration","get"],"fullName":"TodoController integration get returns 404 when the app does not exist","status":"passed","title":"returns 404 when the app does not exist","duration":0.09850000000000136,"failureMessages":[],"meta":{},"tags":[]},{"ancestorTitles":["TodoController integration","update"],"fullName":"TodoController integration update returns 200 with updated title","status":"passed","title":"returns 200 with updated title","duration":0.24179999999995516,"failureMessages":[],"meta":{},"tags":[]},{"ancestorTitles":["TodoController integration","update"],"fullName":"TodoController integration update returns 200 with completed set to true","status":"passed","title":"returns 200 with completed set to true","duration":0.1734000000000151,"failureMessages":[],"meta":{},"tags":[]},{"ancestorTitles":["TodoController integration","update"],"fullName":"TodoController integration update returns 422 when completed is not a boolean","status":"passed","title":"returns 422 when completed is not a boolean","duration":0.11230000000000473,"failureMessages":[],"meta":{},"tags":[]},{"ancestorTitles":["TodoController integration","update"],"fullName":"TodoController integration update returns 422 when updated title is empty","status":"passed","title":"returns 422 when updated title is empty","duration":0.1198999999999728,"failureMessages":[],"meta":{},"tags":[]},{"ancestorTitles":["TodoController integration","update"],"fullName":"TodoController integration update returns 404 for unknown todo","status":"passed","title":"returns 404 for unknown todo","duration":0.09129999999998972,"failureMessages":[],"meta":{},"tags":[]},{"ancestorTitles":["TodoController integration","update"],"fullName":"TodoController integration update returns 404 when app does not exist","status":"passed","title":"returns 404 when app does not exist","duration":0.07480000000003884,"failureMessages":[],"meta":{},"tags":[]},{"ancestorTitles":["TodoController integration","delete"],"fullName":"TodoController integration delete returns 200 with the soft-deleted todo","status":"passed","title":"returns 200 with the soft-deleted todo","duration":0.179300000000012,"failureMessages":[],"meta":{},"tags":[]},{"ancestorTitles":["TodoController integration","delete"],"fullName":"TodoController integration delete returns 404 for unknown todo","status":"passed","title":"returns 404 for unknown todo","duration":0.1483000000000061,"failureMessages":[],"meta":{},"tags":[]},{"ancestorTitles":["TodoController integration","delete"],"fullName":"TodoController integration delete returns 404 when app does not exist","status":"passed","title":"returns 404 when app does not exist","duration":0.07740000000001146,"failureMessages":[],"meta":{},"tags":[]}],"startTime":1777126921591,"endTime":1777126921601.1482,"status":"passed","message":"","name":"C:/Users/Kazum/Desktop/programming/AI/website/tddTodoApp/backend/src/tests/integrations/controllers/todo-controller.test.ts"},{"assertionResults":[{"ancestorTitles":["POST /api/v1/apps"],"fullName":"POST /api/v1/apps 201: creates an app with correct response shape","status":"passed","title":"201: creates an app with correct response shape","duration":14.969099999999969,"failureMessages":[],"meta":{},"tags":[]},{"ancestorTitles":["POST /api/v1/apps"],"fullName":"POST /api/v1/apps 422: missing name field","status":"passed","title":"422: missing name field","duration":0.7761999999999034,"failureMessages":[],"meta":{},"tags":[]},{"ancestorTitles":["POST /api/v1/apps"],"fullName":"POST /api/v1/apps 422: empty string name","status":"passed","title":"422: empty string name","duration":0.4963000000000193,"failureMessages":[],"meta":{},"tags":[]},{"ancestorTitles":["POST /api/v1/apps"],"fullName":"POST /api/v1/apps 422: whitespace-only name","status":"passed","title":"422: whitespace-only name","duration":0.4678000000000111,"failureMessages":[],"meta":{},"tags":[]},{"ancestorTitles":["POST /api/v1/apps"],"fullName":"POST /api/v1/apps 422: name exceeds 100 characters (101 chars)","status":"passed","title":"422: name exceeds 100 characters (101 chars)","duration":0.8258999999999332,"failureMessages":[],"meta":{},"tags":[]},{"ancestorTitles":["POST /api/v1/apps"],"fullName":"POST /api/v1/apps 201: name at exactly 100 characters is accepted","status":"passed","title":"201: name at exactly 100 characters is accepted","duration":0.4309000000000651,"failureMessages":[],"meta":{},"tags":[]},{"ancestorTitles":["POST /api/v1/apps"],"fullName":"POST /api/v1/apps 409: duplicate app name","status":"passed","title":"409: duplicate app name","duration":0.49729999999999563,"failureMessages":[],"meta":{},"tags":[]},{"ancestorTitles":["GET /api/v1/apps"],"fullName":"GET /api/v1/apps 200: returns an array","status":"passed","title":"200: returns an array","duration":0.5072999999999865,"failureMessages":[],"meta":{},"tags":[]},{"ancestorTitles":["GET /api/v1/apps"],"fullName":"GET /api/v1/apps 200: includes a previously created app","status":"passed","title":"200: includes a previously created app","duration":0.6864000000000487,"failureMessages":[],"meta":{},"tags":[]},{"ancestorTitles":["GET /api/v1/apps"],"fullName":"GET /api/v1/apps 200: excludes soft-deleted apps","status":"passed","title":"200: excludes soft-deleted apps","duration":0.6198000000000548,"failureMessages":[],"meta":{},"tags":[]},{"ancestorTitles":["GET /api/v1/apps"],"fullName":"GET /api/v1/apps 200: response items do not expose deletedAt","status":"passed","title":"200: response items do not expose deletedAt","duration":0.3467000000000553,"failureMessages":[],"meta":{},"tags":[]},{"ancestorTitles":["GET /api/v1/apps/:appId"],"fullName":"GET /api/v1/apps/:appId 200: returns the app","status":"passed","title":"200: returns the app","duration":0.43889999999998963,"failureMessages":[],"meta":{},"tags":[]},{"ancestorTitles":["GET /api/v1/apps/:appId"],"fullName":"GET /api/v1/apps/:appId 404: app does not exist","status":"passed","title":"404: app does not exist","duration":0.22310000000004493,"failureMessages":[],"meta":{},"tags":[]},{"ancestorTitles":["GET /api/v1/apps/:appId"],"fullName":"GET /api/v1/apps/:appId 404: soft-deleted app is not found","status":"passed","title":"404: soft-deleted app is not found","duration":0.4390999999999394,"failureMessages":[],"meta":{},"tags":[]},{"ancestorTitles":["GET /api/v1/apps/:appId"],"fullName":"GET /api/v1/apps/:appId 200: response does not expose deletedAt","status":"passed","title":"200: response does not expose deletedAt","duration":0.28789999999992233,"failureMessages":[],"meta":{},"tags":[]},{"ancestorTitles":["PUT /api/v1/apps/:appId"],"fullName":"PUT /api/v1/apps/:appId 200: updates the app name","status":"passed","title":"200: updates the app name","duration":0.42819999999994707,"failureMessages":[],"meta":{},"tags":[]},{"ancestorTitles":["PUT /api/v1/apps/:appId"],"fullName":"PUT /api/v1/apps/:appId 422: empty name","status":"passed","title":"422: empty name","duration":0.25499999999999545,"failureMessages":[],"meta":{},"tags":[]},{"ancestorTitles":["PUT /api/v1/apps/:appId"],"fullName":"PUT /api/v1/apps/:appId 422: whitespace-only name","status":"passed","title":"422: whitespace-only name","duration":0.2677999999999656,"failureMessages":[],"meta":{},"tags":[]},{"ancestorTitles":["PUT /api/v1/apps/:appId"],"fullName":"PUT /api/v1/apps/:appId 422: name exceeds 100 characters","status":"passed","title":"422: name exceeds 100 characters","duration":0.25940000000002783,"failureMessages":[],"meta":{},"tags":[]},{"ancestorTitles":["PUT /api/v1/apps/:appId"],"fullName":"PUT /api/v1/apps/:appId 404: app does not exist","status":"passed","title":"404: app does not exist","duration":0.2884999999999991,"failureMessages":[],"meta":{},"tags":[]},{"ancestorTitles":["PUT /api/v1/apps/:appId"],"fullName":"PUT /api/v1/apps/:appId 409: duplicate name when updating","status":"passed","title":"409: duplicate name when updating","duration":0.33159999999998035,"failureMessages":[],"meta":{},"tags":[]},{"ancestorTitles":["PUT /api/v1/apps/:appId"],"fullName":"PUT /api/v1/apps/:appId 200: updatedAt is later than createdAt after update","status":"passed","title":"200: updatedAt is later than createdAt after update","duration":5.79849999999999,"failureMessages":[],"meta":{},"tags":[]},{"ancestorTitles":["DELETE /api/v1/apps/:appId"],"fullName":"DELETE /api/v1/apps/:appId 200: soft-deletes the app and returns it","status":"passed","title":"200: soft-deletes the app and returns it","duration":0.3283999999999878,"failureMessages":[],"meta":{},"tags":[]},{"ancestorTitles":["DELETE /api/v1/apps/:appId"],"fullName":"DELETE /api/v1/apps/:appId 200: deleted app no longer appears in GET /apps list","status":"passed","title":"200: deleted app no longer appears in GET /apps list","duration":0.36230000000000473,"failureMessages":[],"meta":{},"tags":[]},{"ancestorTitles":["DELETE /api/v1/apps/:appId"],"fullName":"DELETE /api/v1/apps/:appId 404: deleted app returns 404 on GET detail","status":"passed","title":"404: deleted app returns 404 on GET detail","duration":0.2780999999999949,"failureMessages":[],"meta":{},"tags":[]},{"ancestorTitles":["DELETE /api/v1/apps/:appId"],"fullName":"DELETE /api/v1/apps/:appId 404: app does not exist","status":"passed","title":"404: app does not exist","duration":0.1595999999999549,"failureMessages":[],"meta":{},"tags":[]},{"ancestorTitles":["DELETE /api/v1/apps/:appId"],"fullName":"DELETE /api/v1/apps/:appId 200: cascade-deletes associated todos","status":"passed","title":"200: cascade-deletes associated todos","duration":0.8274000000000115,"failureMessages":[],"meta":{},"tags":[]}],"startTime":1777126921698,"endTime":1777126921730.8274,"status":"passed","message":"","name":"C:/Users/Kazum/Desktop/programming/AI/website/tddTodoApp/backend/src/tests/integrations/infrastructure/app.test.ts"},{"assertionResults":[{"ancestorTitles":["HonoApp integration","root route"],"fullName":"HonoApp integration root route GET / returns 200 with text response","status":"passed","title":"GET / returns 200 with text response","duration":18.52769999999998,"failureMessages":[],"meta":{},"tags":[]},{"ancestorTitles":["HonoApp integration","unknown routes"],"fullName":"HonoApp integration unknown routes GET /unknown returns 404","status":"passed","title":"GET /unknown returns 404","duration":1.8460000000000036,"failureMessages":[],"meta":{},"tags":[]},{"ancestorTitles":["HonoApp integration","unknown routes"],"fullName":"HonoApp integration unknown routes GET /api/v1/unknown returns 404","status":"passed","title":"GET /api/v1/unknown returns 404","duration":0.6850999999999772,"failureMessages":[],"meta":{},"tags":[]},{"ancestorTitles":["HonoApp integration","unknown routes"],"fullName":"HonoApp integration unknown routes POST /api/v1/unknown returns 404","status":"passed","title":"POST /api/v1/unknown returns 404","duration":0.6624999999999659,"failureMessages":[],"meta":{},"tags":[]},{"ancestorTitles":["HonoApp integration","Content-Type header"],"fullName":"HonoApp integration Content-Type header GET /api/v1/apps returns application/json Content-Type","status":"passed","title":"GET /api/v1/apps returns application/json Content-Type","duration":0.7801999999999794,"failureMessages":[],"meta":{},"tags":[]},{"ancestorTitles":["HonoApp integration","Content-Type header"],"fullName":"HonoApp integration Content-Type header POST /api/v1/apps returns application/json Content-Type on success","status":"passed","title":"POST /api/v1/apps returns application/json Content-Type on success","duration":1.8725999999999772,"failureMessages":[],"meta":{},"tags":[]},{"ancestorTitles":["HonoApp integration","Content-Type header"],"fullName":"HonoApp integration Content-Type header POST /api/v1/apps returns application/json Content-Type on error","status":"passed","title":"POST /api/v1/apps returns application/json Content-Type on error","duration":0.9855999999999767,"failureMessages":[],"meta":{},"tags":[]},{"ancestorTitles":["HonoApp integration","malformed body handling"],"fullName":"HonoApp integration malformed body handling POST with non-JSON body falls back to empty body (returns 422)","status":"passed","title":"POST with non-JSON body falls back to empty body (returns 422)","duration":0.6813000000000216,"failureMessages":[],"meta":{},"tags":[]},{"ancestorTitles":["HonoApp integration","malformed body handling"],"fullName":"HonoApp integration malformed body handling PUT with no body falls back to empty body (returns 422 for missing name)","status":"passed","title":"PUT with no body falls back to empty body (returns 422 for missing name)","duration":1.822999999999979,"failureMessages":[],"meta":{},"tags":[]},{"ancestorTitles":["HonoApp integration","all app routes are wired"],"fullName":"HonoApp integration all app routes are wired POST /api/v1/apps creates an app (201)","status":"passed","title":"POST /api/v1/apps creates an app (201)","duration":1.359700000000032,"failureMessages":[],"meta":{},"tags":[]},{"ancestorTitles":["HonoApp integration","all app routes are wired"],"fullName":"HonoApp integration all app routes are wired GET /api/v1/apps lists apps (200)","status":"passed","title":"GET /api/v1/apps lists apps (200)","duration":0.4352000000000089,"failureMessages":[],"meta":{},"tags":[]},{"ancestorTitles":["HonoApp integration","all app routes are wired"],"fullName":"HonoApp integration all app routes are wired GET /api/v1/apps/:id gets app (200)","status":"passed","title":"GET /api/v1/apps/:id gets app (200)","duration":0.9087000000000103,"failureMessages":[],"meta":{},"tags":[]},{"ancestorTitles":["HonoApp integration","all app routes are wired"],"fullName":"HonoApp integration all app routes are wired PUT /api/v1/apps/:id updates app (200)","status":"passed","title":"PUT /api/v1/apps/:id updates app (200)","duration":0.7998000000000047,"failureMessages":[],"meta":{},"tags":[]},{"ancestorTitles":["HonoApp integration","all app routes are wired"],"fullName":"HonoApp integration all app routes are wired DELETE /api/v1/apps/:id deletes app (200)","status":"passed","title":"DELETE /api/v1/apps/:id deletes app (200)","duration":0.7048000000000343,"failureMessages":[],"meta":{},"tags":[]},{"ancestorTitles":["HonoApp integration","all todo routes are wired"],"fullName":"HonoApp integration all todo routes are wired POST /api/v1/apps/:id/todos creates a todo (201)","status":"passed","title":"POST /api/v1/apps/:id/todos creates a todo (201)","duration":0.9144000000000005,"failureMessages":[],"meta":{},"tags":[]},{"ancestorTitles":["HonoApp integration","all todo routes are wired"],"fullName":"HonoApp integration all todo routes are wired GET /api/v1/apps/:id/todos lists todos (200)","status":"passed","title":"GET /api/v1/apps/:id/todos lists todos (200)","duration":0.6793999999999869,"failureMessages":[],"meta":{},"tags":[]}],"startTime":1777126921591,"endTime":1777126921625.6794,"status":"passed","message":"","name":"C:/Users/Kazum/Desktop/programming/AI/website/tddTodoApp/backend/src/tests/integrations/infrastructure/hono-app.test.ts"},{"assertionResults":[{"ancestorTitles":["InMemoryRepositories cross-repo integration","shared storage between app and todo repos"],"fullName":"InMemoryRepositories cross-repo integration shared storage between app and todo repos save in appRepo and retrieve from the same storage","status":"passed","title":"save in appRepo and retrieve from the same storage","duration":1.498800000000017,"failureMessages":[],"meta":{},"tags":[]},{"ancestorTitles":["InMemoryRepositories cross-repo integration","shared storage between app and todo repos"],"fullName":"InMemoryRepositories cross-repo integration shared storage between app and todo repos save in todoRepo and retrieve from the same storage","status":"passed","title":"save in todoRepo and retrieve from the same storage","duration":0.26370000000002847,"failureMessages":[],"meta":{},"tags":[]},{"ancestorTitles":["InMemoryRepositories cross-repo integration","shared storage between app and todo repos"],"fullName":"InMemoryRepositories cross-repo integration shared storage between app and todo repos both repos share the same storage instance (app deletion visible to todoRepo)","status":"passed","title":"both repos share the same storage instance (app deletion visible to todoRepo)","duration":0.7968000000000188,"failureMessages":[],"meta":{},"tags":[]},{"ancestorTitles":["InMemoryRepositories cross-repo integration","shared storage between app and todo repos"],"fullName":"InMemoryRepositories cross-repo integration shared storage between app and todo repos storage.clear() resets both repos at once","status":"passed","title":"storage.clear() resets both repos at once","duration":0.3302999999999656,"failureMessages":[],"meta":{},"tags":[]},{"ancestorTitles":["InMemoryRepositories cross-repo integration","separate storage instances are isolated"],"fullName":"InMemoryRepositories cross-repo integration separate storage instances are isolated two separate storages do not share data","status":"passed","title":"two separate storages do not share data","duration":0.2418999999999869,"failureMessages":[],"meta":{},"tags":[]},{"ancestorTitles":["InMemoryRepositories cross-repo integration","app repo cross-repo cascade scenario"],"fullName":"InMemoryRepositories cross-repo integration app repo cross-repo cascade scenario manual cascade: soft-deleting todos after app delete removes them from active list","status":"passed","title":"manual cascade: soft-deleting todos after app delete removes them from active list","duration":0.19310000000001537,"failureMessages":[],"meta":{},"tags":[]},{"ancestorTitles":["InMemoryRepositories cross-repo integration","app repo cross-repo cascade scenario"],"fullName":"InMemoryRepositories cross-repo integration app repo cross-repo cascade scenario todos from one app are invisible to another app","status":"passed","title":"todos from one app are invisible to another app","duration":0.32499999999998863,"failureMessages":[],"meta":{},"tags":[]},{"ancestorTitles":["InMemoryRepositories cross-repo integration","repository returns clones (no mutation through returned reference)"],"fullName":"InMemoryRepositories cross-repo integration repository returns clones (no mutation through returned reference) mutating a returned app entity does not affect stored data","status":"passed","title":"mutating a returned app entity does not affect stored data","duration":0.17509999999998627,"failureMessages":[],"meta":{},"tags":[]},{"ancestorTitles":["InMemoryRepositories cross-repo integration","repository returns clones (no mutation through returned reference)"],"fullName":"InMemoryRepositories cross-repo integration repository returns clones (no mutation through returned reference) mutating a returned todo entity does not affect stored data","status":"passed","title":"mutating a returned todo entity does not affect stored data","duration":0.6152999999999906,"failureMessages":[],"meta":{},"tags":[]}],"startTime":1777126921548,"endTime":1777126921553.6152,"status":"passed","message":"","name":"C:/Users/Kazum/Desktop/programming/AI/website/tddTodoApp/backend/src/tests/integrations/infrastructure/in-memory-repositories.test.ts"},{"assertionResults":[{"ancestorTitles":["InMemoryStorage integration","createInMemoryStorage"],"fullName":"InMemoryStorage integration createInMemoryStorage creates storage with empty apps map","status":"passed","title":"creates storage with empty apps map","duration":2.147500000000008,"failureMessages":[],"meta":{},"tags":[]},{"ancestorTitles":["InMemoryStorage integration","createInMemoryStorage"],"fullName":"InMemoryStorage integration createInMemoryStorage creates storage with empty todos map","status":"passed","title":"creates storage with empty todos map","duration":0.23210000000000264,"failureMessages":[],"meta":{},"tags":[]},{"ancestorTitles":["InMemoryStorage integration","createInMemoryStorage"],"fullName":"InMemoryStorage integration createInMemoryStorage apps and todos are separate Map instances","status":"passed","title":"apps and todos are separate Map instances","duration":0.984800000000007,"failureMessages":[],"meta":{},"tags":[]},{"ancestorTitles":["InMemoryStorage integration","createInMemoryStorage"],"fullName":"InMemoryStorage integration createInMemoryStorage creates a fresh independent instance each time","status":"passed","title":"creates a fresh independent instance each time","duration":0.2149000000000001,"failureMessages":[],"meta":{},"tags":[]},{"ancestorTitles":["InMemoryStorage integration","direct Map operations"],"fullName":"InMemoryStorage integration direct Map operations can store and retrieve an app entity","status":"passed","title":"can store and retrieve an app entity","duration":0.2698999999999785,"failureMessages":[],"meta":{},"tags":[]},{"ancestorTitles":["InMemoryStorage integration","direct Map operations"],"fullName":"InMemoryStorage integration direct Map operations can store and retrieve a todo entity","status":"passed","title":"can store and retrieve a todo entity","duration":0.1752999999999929,"failureMessages":[],"meta":{},"tags":[]},{"ancestorTitles":["InMemoryStorage integration","clear()"],"fullName":"InMemoryStorage integration clear() empties the apps map","status":"passed","title":"empties the apps map","duration":0.32849999999999113,"failureMessages":[],"meta":{},"tags":[]},{"ancestorTitles":["InMemoryStorage integration","clear()"],"fullName":"InMemoryStorage integration clear() empties the todos map","status":"passed","title":"empties the todos map","duration":0.21520000000001005,"failureMessages":[],"meta":{},"tags":[]},{"ancestorTitles":["InMemoryStorage integration","clear()"],"fullName":"InMemoryStorage integration clear() clears both maps in a single call","status":"passed","title":"clears both maps in a single call","duration":0.6058000000000163,"failureMessages":[],"meta":{},"tags":[]},{"ancestorTitles":["InMemoryStorage integration","clear()"],"fullName":"InMemoryStorage integration clear() is idempotent — calling clear() twice does not throw","status":"passed","title":"is idempotent — calling clear() twice does not throw","duration":0.963499999999982,"failureMessages":[],"meta":{},"tags":[]},{"ancestorTitles":["InMemoryStorage integration","clear()"],"fullName":"InMemoryStorage integration clear() maps are still usable after clear()","status":"passed","title":"maps are still usable after clear()","duration":0.25789999999997804,"failureMessages":[],"meta":{},"tags":[]}],"startTime":1777126921553,"endTime":1777126921560.2578,"status":"passed","message":"","name":"C:/Users/Kazum/Desktop/programming/AI/website/tddTodoApp/backend/src/tests/integrations/infrastructure/in-memory-storage.test.ts"},{"assertionResults":[{"ancestorTitles":["GET /"],"fullName":"GET / when the root endpoint is requested, then it returns the greeting text","status":"passed","title":"when the root endpoint is requested, then it returns the greeting text","duration":13.580100000000016,"failureMessages":[],"meta":{},"tags":[]}],"startTime":1777126921697,"endTime":1777126921710.58,"status":"passed","message":"","name":"C:/Users/Kazum/Desktop/programming/AI/website/tddTodoApp/backend/src/tests/integrations/infrastructure/index.test.ts"},{"assertionResults":[{"ancestorTitles":["Registry integration","createBackendRegistry"],"fullName":"Registry integration createBackendRegistry returns an object with app and clearStorage","status":"passed","title":"returns an object with app and clearStorage","duration":2.1060999999999694,"failureMessages":[],"meta":{},"tags":[]},{"ancestorTitles":["Registry integration","createBackendRegistry"],"fullName":"Registry integration createBackendRegistry app is a Hono-compatible handler (has request method)","status":"passed","title":"app is a Hono-compatible handler (has request method)","duration":0.18479999999999563,"failureMessages":[],"meta":{},"tags":[]},{"ancestorTitles":["Registry integration","createBackendRegistry"],"fullName":"Registry integration createBackendRegistry app responds to GET /","status":"passed","title":"app responds to GET /","duration":15.3904,"failureMessages":[],"meta":{},"tags":[]},{"ancestorTitles":["Registry integration","createBackendRegistry"],"fullName":"Registry integration createBackendRegistry app responds to GET /api/v1/apps with 200","status":"passed","title":"app responds to GET /api/v1/apps with 200","duration":1.83299999999997,"failureMessages":[],"meta":{},"tags":[]},{"ancestorTitles":["Registry integration","createBackendRegistry"],"fullName":"Registry integration createBackendRegistry clearStorage() empties persisted data","status":"passed","title":"clearStorage() empties persisted data","duration":3.3104000000000156,"failureMessages":[],"meta":{},"tags":[]},{"ancestorTitles":["Registry integration","createBackendRegistry"],"fullName":"Registry integration createBackendRegistry each call to createBackendRegistry creates an isolated registry","status":"passed","title":"each call to createBackendRegistry creates an isolated registry","duration":1.320600000000013,"failureMessages":[],"meta":{},"tags":[]}],"startTime":1777126921605,"endTime":1777126921629.3206,"status"
[...]
,"failureMessages":[],"meta":{},"tags":[]},{"ancestorTitles":["AppInteractor integration","list"],"fullName":"AppInteractor integration list returns an empty array when no apps exist","status":"passed","title":"returns an empty array when no apps exist","duration":0.5076999999999998,"failureMessages":[],"meta":{},"tags":[]},{"ancestorTitles":["AppInteractor integration","list"],"fullName":"AppInteractor integration list returns all created apps","status":"passed","title":"returns all created apps","duration":1.1569000000000074,"failureMessages":[],"meta":{},"tags":[]},{"ancestorTitles":["AppInteractor integration","list"],"fullName":"AppInteractor integration list excludes soft-deleted apps","status":"passed","title":"excludes soft-deleted apps","duration":0.6479999999999677,"failureMessages":[],"meta":{},"tags":[]},{"ancestorTitles":["AppInteractor integration","get"],"fullName":"AppInteractor integration get returns the correct app by id","status":"passed","title":"returns the correct app by id","duration":0.7649000000000115,"failureMessages":[],"meta":{},"tags":[]},{"ancestorTitles":["AppInteractor integration","get"],"fullName":"AppInteractor integration get throws NOT_FOUND for an unknown id","status":"passed","title":"throws NOT_FOUND for an unknown id","duration":0.443300000000022,"failureMessages":[],"meta":{},"tags":[]},{"ancestorTitles":["AppInteractor integration","get"],"fullName":"AppInteractor integration get throws NOT_FOUND for a soft-deleted app","status":"passed","title":"throws NOT_FOUND for a soft-deleted app","duration":0.4393000000000029,"failureMessages":[],"meta":{},"tags":[]},{"ancestorTitles":["AppInteractor integration","update"],"fullName":"AppInteractor integration update updates the app name and returns the new entity","status":"passed","title":"updates the app name and returns the new entity","duration":0.2225999999999999,"failureMessages":[],"meta":{},"tags":[]},{"ancestorTitles":["AppInteractor integration","update"],"fullName":"AppInteractor integration update preserves original name when no name is given in the update","status":"passed","title":"preserves original name when no name is given in the update","duration":0.12040000000001783,"failureMessages":[],"meta":{},"tags":[]},{"ancestorTitles":["AppInteractor integration","update"],"fullName":"AppInteractor integration update allows updating to the same name (self-exclusion)","status":"passed","title":"allows updating to the same name (self-exclusion)","duration":0.09720000000004347,"failureMessages":[],"meta":{},"tags":[]},{"ancestorTitles":["AppInteractor integration","update"],"fullName":"AppInteractor integration update throws CONFLICT when the new name is taken by another app","status":"passed","title":"throws CONFLICT when the new name is taken by another app","duration":0.20400000000000773,"failureMessages":[],"meta":{},"tags":[]},{"ancestorTitles":["AppInteractor integration","update"],"fullName":"AppInteractor integration update throws NOT_FOUND for an unknown app","status":"passed","title":"throws NOT_FOUND for an unknown app","duration":1.148300000000006,"failureMessages":[],"meta":{},"tags":[]},{"ancestorTitles":["AppInteractor integration","delete"],"fullName":"AppInteractor integration delete soft-deletes the app and returns it with deletedAt set","status":"passed","title":"soft-deletes the app and returns it with deletedAt set","duration":0.24500000000000455,"failureMessages":[],"meta":{},"tags":[]},{"ancestorTitles":["AppInteractor integration","delete"],"fullName":"AppInteractor integration delete deleted app is no longer in the list","status":"passed","title":"deleted app is no longer in the list","duration":0.1109000000000151,"failureMessages":[],"meta":{},"tags":[]},{"ancestorTitles":["AppInteractor integration","delete"],"fullName":"AppInteractor integration delete cascade-deletes associated todos via shared repository","status":"passed","title":"cascade-deletes associated todos via shared repository","duration":0.1852999999999838,"failureMessages":[],"meta":{},"tags":[]},{"ancestorTitles":["AppInteractor integration","delete"],"fullName":"AppInteractor integration delete throws NOT_FOUND for an unknown app","status":"passed","title":"throws NOT_FOUND for an unknown app","duration":0.1471000000000231,"failureMessages":[],"meta":{},"tags":[]}],"startTime":1777126921553,"endTime":1777126921570.1472,"status":"passed","message":"","name":"C:/Users/Kazum/Desktop/programming/AI/website/tddTodoApp/backend/src/tests/integrations/services/app-interactor.test.ts"},{"assertionResults":[{"ancestorTitles":["AppUsecase interface contract"],"fullName":"AppUsecase interface contract createAppInteractor satisfies the AppUsecase interface","status":"passed","title":"createAppInteractor satisfies the AppUsecase interface","duration":2.3256000000000085,"failureMessages":[],"meta":{},"tags":[]},{"ancestorTitles":["AppUsecase interface contract"],"fullName":"AppUsecase interface contract create resolves to an AppEntity shape","status":"passed","title":"create resolves to an AppEntity shape","duration":2.8582000000000107,"failureMessages":[],"meta":{},"tags":[]},{"ancestorTitles":["AppUsecase interface contract"],"fullName":"AppUsecase interface contract list resolves to an array","status":"passed","title":"list resolves to an array","duration":0.23809999999997444,"failureMessages":[],"meta":{},"tags":[]},{"ancestorTitles":["AppUsecase interface contract"],"fullName":"AppUsecase interface contract get resolves to the app by id","status":"passed","title":"get resolves to the app by id","duration":0.19900000000001228,"failureMessages":[],"meta":{},"tags":[]},{"ancestorTitles":["AppUsecase interface contract"],"fullName":"AppUsecase interface contract update resolves to the modified app","status":"passed","title":"update resolves to the modified app","duration":0.4141999999999939,"failureMessages":[],"meta":{},"tags":[]},{"ancestorTitles":["AppUsecase interface contract"],"fullName":"AppUsecase interface contract delete resolves to the soft-deleted app","status":"passed","title":"delete resolves to the soft-deleted app","duration":0.4181000000000381,"failureMessages":[],"meta":{},"tags":[]}],"startTime":1777126921549,"endTime":1777126921556.4182,"status":"passed","message":"","name":"C:/Users/Kazum/Desktop/programming/AI/website/tddTodoApp/backend/src/tests/integrations/services/app-usecase.test.ts"},{"assertionResults":[{"ancestorTitles":["TodoInteractor integration","create"],"fullName":"TodoInteractor integration create creates a todo with UUID id, correct appId, and ISO timestamps","status":"passed","title":"creates a todo with UUID id, correct appId, and ISO timestamps","duration":6.278200000000027,"failureMessages":[],"meta":{},"tags":[]},{"ancestorTitles":["TodoInteractor integration","create"],"fullName":"TodoInteractor integration create persists to repository so it appears in list","status":"passed","title":"persists to repository so it appears in list","duration":0.35550000000000637,"failureMessages":[],"meta":{},"tags":[]},{"ancestorTitles":["TodoInteractor integration","create"],"fullName":"TodoInteractor integration create throws NOT_FOUND when the app does not exist","status":"passed","title":"throws NOT_FOUND when the app does not exist","duration":1.3567999999999643,"failureMessages":[],"meta":{},"tags":[]},{"ancestorTitles":["TodoInteractor integration","list"],"fullName":"TodoInteractor integration list returns an empty array when no todos exist for the app","status":"passed","title":"returns an empty array when no todos exist for the app","duration":0.415300000000002,"failureMessages":[],"meta":{},"tags":[]},{"ancestorTitles":["TodoInteractor integration","list"],"fullName":"TodoInteractor integration list returns all active todos for the app","status":"passed","title":"returns all active todos for the app","duration":0.7658999999999878,"failureMessages":[],"meta":{},"tags":[]},{"ancestorTitles":["TodoInteractor integration","list"],"fullName":"TodoInteractor integration list excludes soft-deleted todos","status":"passed","title":"excludes soft-deleted todos","duration":0.401299999999992,"failureMessages":[],"meta":{},"tags":[]},{"ancestorTitles":["TodoInteractor integration","list"],"fullName":"TodoInteractor integration list throws NOT_FOUND when the app does not exist","status":"passed","title":"throws NOT_FOUND when the app does not exist","duration":0.272199999999998,"failureMessages":[],"meta":{},"tags":[]},{"ancestorTitles":["TodoInteractor integration","get"],"fullName":"TodoInteractor integration get returns the correct todo by appId and todoId","status":"passed","title":"returns the correct todo by appId and todoId","duration":0.219600000000014,"failureMessages":[],"meta":{},"tags":[]},{"ancestorTitles":["TodoInteractor integration","get"],"fullName":"TodoInteractor integration get throws NOT_FOUND for an unknown todoId","status":"passed","title":"throws NOT_FOUND for an unknown todoId","duration":0.5628999999999564,"failureMessages":[],"meta":{},"tags":[]},{"ancestorTitles":["TodoInteractor integration","get"],"fullName":"TodoInteractor integration get throws NOT_FOUND when the app does not exist","status":"passed","title":"throws NOT_FOUND when the app does not exist","duration":0.39990000000000236,"failureMessages":[],"meta":{},"tags":[]},{"ancestorTitles":["TodoInteractor integration","update"],"fullName":"TodoInteractor integration update updates the title","status":"passed","title":"updates the title","duration":0.32389999999998054,"failureMessages":[],"meta":{},"tags":[]},{"ancestorTitles":["TodoInteractor integration","update"],"fullName":"TodoInteractor integration update marks todo as completed","status":"passed","title":"marks todo as completed","duration":0.184599999999989,"failureMessages":[],"meta":{},"tags":[]},{"ancestorTitles":["TodoInteractor integration","update"],"fullName":"TodoInteractor integration update marks a completed todo back to incomplete","status":"passed","title":"marks a completed todo back to incomplete","duration":0.9981999999999971,"failureMessages":[],"meta":{},"tags":[]},{"ancestorTitles":["TodoInteractor integration","update"],"fullName":"TodoInteractor integration update preserves title and completed when neither is updated","status":"passed","title":"preserves title and completed when neither is updated","duration":0.25090000000000146,"failureMessages":[],"meta":{},"tags":[]},{"ancestorTitles":["TodoInteractor integration","update"],"fullName":"TodoInteractor integration update throws NOT_FOUND for an unknown todo","status":"passed","title":"throws NOT_FOUND for an unknown todo","duration":0.37889999999998736,"failureMessages":[],"meta":{},"tags":[]},{"ancestorTitles":["TodoInteractor integration","update"],"fullName":"TodoInteractor integration update throws NOT_FOUND when the app does not exist","status":"passed","title":"throws NOT_FOUND when the app does not exist","duration":0.24630000000001928,"failureMessages":[],"meta":{},"tags":[]},{"ancestorTitles":["TodoInteractor integration","delete"],"fullName":"TodoInteractor integration delete soft-deletes the todo and returns it with deletedAt set","status":"passed","title":"soft-deletes the todo and returns it with deletedAt set","duration":0.3997999999999706,"failureMessages":[],"meta":{},"tags":[]},{"ancestorTitles":["TodoInteractor integration","delete"],"fullName":"TodoInteractor integration delete deleted todo is no longer in the list","status":"passed","title":"deleted todo is no longer in the list","duration":0.23919999999998254,"failureMessages":[],"meta":{},"tags":[]},{"ancestorTitles":["TodoInteractor integration","delete"],"fullName":"TodoInteractor integration delete throws NOT_FOUND for an unknown todo","status":"passed","title":"throws NOT_FOUND for an unknown todo","duration":0.275100000000009,"failureMessages":[],"meta":{},"tags":[]},{"ancestorTitles":["TodoInteractor integration","delete"],"fullName":"TodoInteractor integration delete throws NOT_FOUND when the app does not exist","status":"passed","title":"throws NOT_FOUND when the app does not exist","duration":0.36549999999999727,"failureMessages":[],"meta":{},"tags":[]}],"startTime":1777126921554,"endTime":1777126921569.3655,"status":"passed","message":"","name":"C:/Users/Kazum/Desktop/programming/AI/website/tddTodoApp/backend/src/tests/integrations/services/todo-interactor.test.ts"},{"assertionResults":[{"ancestorTitles":["TodoUsecase interface contract"],"fullName":"TodoUsecase interface contract createTodoInteractor satisfies the TodoUsecase interface","status":"passed","title":"createTodoInteractor satisfies the TodoUsecase interface","duration":2.5674999999999955,"failureMessages":[],"meta":{},"tags":[]},{"ancestorTitles":["TodoUsecase interface contract"],"fullName":"TodoUsecase interface contract create resolves to a TodoEntity shape","status":"passed","title":"create resolves to a TodoEntity shape","duration":4.016599999999983,"failureMessages":[],"meta":{},"tags":[]},{"ancestorTitles":["TodoUsecase interface contract"],"fullName":"TodoUsecase interface contract list resolves to an array","status":"passed","title":"list resolves to an array","duration":0.38069999999999027,"failureMessages":[],"meta":{},"tags":[]},{"ancestorTitles":["TodoUsecase interface contract"],"fullName":"TodoUsecase interface contract get resolves to the todo by appId and todoId","status":"passed","title":"get resolves to the todo by appId and todoId","duration":0.3272999999999797,"failureMessages":[],"meta":{},"tags":[]},{"ancestorTitles":["TodoUsecase interface contract"],"fullName":"TodoUsecase interface contract update resolves to the modified todo","status":"passed","title":"update resolves to the modified todo","duration":0.4568999999999619,"failureMessages":[],"meta":{},"tags":[]},{"ancestorTitles":["TodoUsecase interface contract"],"fullName":"TodoUsecase interface contract delete resolves to the soft-deleted todo","status":"passed","title":"delete resolves to the soft-deleted todo","duration":0.48989999999997735,"failureMessages":[],"meta":{},"tags":[]}],"startTime":1777126921554,"endTime":1777126921562.49,"status":"passed","message":"","name":"C:/Users/Kazum/Desktop/programming/AI/website/tddTodoApp/backend/src/tests/integrations/services/todo-usecase.test.ts"},{"assertionResults":[{"ancestorTitles":["AppError cross-layer propagation"],"fullName":"AppError cross-layer propagation interactor throws AppError with NOT_FOUND and isAppError recognizes it","status":"passed","title":"interactor throws AppError with NOT_FOUND and isAppError recognizes it","duration":2.72969999999998,"failureMessages":[],"meta":{},"tags":[]},{"ancestorTitles":["AppError cross-layer propagation"],"fullName":"AppError cross-layer propagation interactor throws AppError with CONFLICT on duplicate create","status":"passed","title":"interactor throws AppError with CONFLICT on duplicate create","duration":3.314300000000003,"failureMessages":[],"meta":{},"tags":[]},{"ancestorTitles":["AppError cross-layer propagation"],"fullName":"AppError cross-layer propagation AppError preserves code and message across layer boundaries","status":"passed","title":"AppError preserves code and message across layer boundaries","duration":0.36419999999998254,"failureMessages":[],"meta":{},"tags":[]},{"ancestorTitles":["AppError cross-layer propagation"],"fullName":"AppError cross-layer propagation isAppError returns false for a plain Error","status":"passed","title":"isAppError returns false for a plain Error","duration":0.3106999999999971,"failureMessages":[],"meta":{},"tags":[]},{"ancestorTitles":["AppError cross-layer propagation"],"fullName":"AppError cross-layer propagation isAppError returns false for null","status":"passed","title":"isAppError returns false for null","duration":0.1997000000000071,"failureMessages":[],"meta":{},"tags":[]},{"ancestorTitles":["AppError cross-layer propagation"],"fullName":"AppError cross-layer propagation isAppError returns false for a plain object with a code property","status":"passed","title":"isAppError returns false for a plain object with a code property","duration":0.16540000000003374,"failureMessages":[],"meta":{},"tags":[]},{"ancestorTitles":["AppError cross-layer propagation"],"fullName":"AppError cross-layer propagation infrastructure wraps unexpected storage errors as REPOSITORY_ERROR","status":"passed","title":"infrastructure wraps unexpected storage errors as REPOSITORY_ERROR","duration":0.5113999999999805,"failureMessages":[],"meta":{},"tags":[]}],"startTime":1777126921567,"endTime":1777126921575.5115,"status":"passed","message":"","name":"C:/Users/Kazum/Desktop/programming/AI/website/tddTodoApp/backend/src/tests/integrations/models/app-error.test.ts"},{"assertionResults":[{"ancestorTitles":["AppEntity"],"fullName":"AppEntity active entity has deletedAt as null","status":"passed","title":"active entity has deletedAt as null","duration":1.318000000000012,"failureMessages":[],"meta":{},"tags":[]},{"ancestorTitles":["AppEntity"],"fullName":"AppEntity soft-deleted entity has deletedAt as an ISO string","status":"passed","title":"soft-deleted entity has deletedAt as an ISO string","duration":0.27430000000001087,"failureMessages":[],"meta":{},"tags":[]},{"ancestorTitles":["AppEntity"],"fullName":"AppEntity entity created by interactor has all AppEntity fields with correct types","status":"passed","title":"entity created by interactor has all AppEntity fields with correct types","duration":3.3654999999999973,"failureMessages":[],"meta":{},"tags":[]},{"ancestorTitles":["AppEntity"],"fullName":"AppEntity soft-deleted entity returned by interactor has deletedAt set to a string","status":"passed","title":"soft-deleted entity returned by interactor has deletedAt set to a string","duration":0.700000000000017,"failureMessages":[],"meta":{},"tags":[]},{"ancestorTitles":["AppEntity"],"fullName":"AppEntity entity is stored and retrieved with the same shape through the repository","status":"passed","title":"entity is stored and retrieved with the same shape through the repository","duration":0.9193000000000211,"failureMessages":[],"meta":{},"tags":[]}],"startTime":1777126921567,"endTime":1777126921573.9192,"status":"passed","message":"","name":"C:/Users/Kazum/Desktop/programming/AI/website/tddTodoApp/backend/src/tests/integrations/models/app.test.ts"},{"assertionResults":[{"ancestorTitles":["TodoEntity"],"fullName":"TodoEntity active entity has completed as false and deletedAt as null","status":"passed","title":"active entity has completed as false and deletedAt as null","duration":1.4650000000000034,"failureMessages":[],"meta":{},"tags":[]},{"ancestorTitles":["TodoEntity"],"fullName":"TodoEntity completed entity has completed as true","status":"passed","title":"completed entity has completed as true","duration":0.223700000000008,"failureMessages":[],"meta":{},"tags":[]},{"ancestorTitles":["TodoEntity"],"fullName":"TodoEntity entity created by interactor has all TodoEntity fields with correct types","status":"passed","title":"entity created by interactor has all TodoEntity fields with correct types","duration":3.9861999999999966,"failureMessages":[],"meta":{},"tags":[]},{"ancestorTitles":["TodoEntity"],"fullName":"TodoEntity soft-deleted entity returned by interactor has deletedAt set to a string","status":"passed","title":"soft-deleted entity returned by interactor has deletedAt set to a string","duration":0.6108000000000118,"failureMessages":[],"meta":{},"tags":[]},{"ancestorTitles":["TodoEntity"],"fullName":"TodoEntity entity is stored and retrieved with the same shape through the repository","status":"passed","title":"entity is stored and retrieved with the same shape through the repository","duration":0.8731999999999971,"failureMessages":[],"meta":{},"tags":[]}],"startTime":1777126921554,"endTime":1777126921561.8733,"status":"passed","message":"","name":"C:/Users/Kazum/Desktop/programming/AI/website/tddTodoApp/backend/src/tests/integrations/models/todo.test.ts"}]}